2017-05-26 10:22:42.6206|ERROR|Microsoft.Owin.Host.HttpListener.OwinHttpListener|IOCompletionCallback
System.ComponentModel.Win32Exception (0x80004005): The specified network name is no longer available
2017-05-26 10:22:42.6206|ERROR|Microsoft.Owin.Host.HttpListener.OwinHttpListener|IOCompletionCallback
System.ComponentModel.Win32Exception (0x80004005): The specified network name is no longer available
2017-05-26 10:22:42.6206|ERROR|Microsoft.Owin.Host.HttpListener.OwinHttpListener|IOCompletionCallback
System.ComponentModel.Win32Exception (0x80004005): The specified network name is no longer available
2017-05-26 10:31:47.7002|ERROR|Microsoft.Owin.Host.HttpListener.OwinHttpListener|IOCompletionCallback
System.ComponentModel.Win32Exception (0x80004005): The specified network name is no longer available
2017-05-26 10:31:47.7002|ERROR|Microsoft.Owin.Host.HttpListener.OwinHttpListener|IOCompletionCallback
System.ComponentModel.Win32Exception (0x80004005): The specified network name is no longer available
2017-05-26 10:31:52.7013|ERROR|Microsoft.Owin.Host.HttpListener.OwinHttpListener|IOCompletionCallback
System.ComponentModel.Win32Exception (0x80004005): The specified network name is no longer available
2017-05-26 10:31:52.7013|ERROR|Microsoft.Owin.Host.HttpListener.OwinHttpListener|IOCompletionCallback
System.ComponentModel.Win32Exception (0x80004005): The specified network name is no longer available
2017-05-26 10:31:52.7013|ERROR|Microsoft.Owin.Host.HttpListener.OwinHttpListener|IOCompletionCallback
System.ComponentModel.Win32Exception (0x80004005): The specified network name is no longer available
2017-05-26 10:31:52.7013|ERROR|Microsoft.Owin.Host.HttpListener.OwinHttpListener|IOCompletionCallback
System.ComponentModel.Win32Exception (0x80004005): The specified network name is no longer available
2017-05-26 10:34:42.7147|ERROR|Microsoft.Owin.Host.HttpListener.OwinHttpListener|IOCompletionCallback
System.ComponentModel.Win32Exception (0x80004005): The specified network name is no longer available
2017-05-26 10:34:42.7147|ERROR|Microsoft.Owin.Host.HttpListener.OwinHttpListener|IOCompletionCallback
System.ComponentModel.Win32Exception (0x80004005): The specified network name is no longer available
2017-05-26 10:34:42.7217|ERROR|Microsoft.Owin.Host.HttpListener.OwinHttpListener|IOCompletionCallback
System.ComponentModel.Win32Exception (0x80004005): The specified network name is no longer available
2017-05-26 10:34:42.7217|ERROR|Microsoft.Owin.Host.HttpListener.OwinHttpListener|IOCompletionCallback
System.ComponentModel.Win32Exception (0x80004005): The specified network name is no longer available
2017-05-26 10:34:42.7217|ERROR|Microsoft.Owin.Host.HttpListener.OwinHttpListener|IOCompletionCallback
System.ComponentModel.Win32Exception (0x80004005): The specified network name is no longer available
2017-05-26 10:34:42.7217|ERROR|Microsoft.Owin.Host.HttpListener.OwinHttpListener|IOCompletionCallback
System.ComponentModel.Win32Exception (0x80004005): The specified network name is no longer available
2017-05-26 10:37:12.7256|ERROR|Microsoft.Owin.Host.HttpListener.OwinHttpListener|IOCompletionCallback
System.ComponentModel.Win32Exception (0x80004005): The specified network name is no longer available
2017-05-26 10:42:12.7603|ERROR|Microsoft.Owin.Host.HttpListener.OwinHttpListener|IOCompletionCallback
System.ComponentModel.Win32Exception (0x80004005): The specified network name is no longer available
2017-05-26 10:42:12.7603|ERROR|Microsoft.Owin.Host.HttpListener.OwinHttpListener|IOCompletionCallback
System.ComponentModel.Win32Exception (0x80004005): The specified network name is no longer available
2017-05-26 10:42:12.7603|ERROR|Microsoft.Owin.Host.HttpListener.OwinHttpListener|IOCompletionCallback
System.ComponentModel.Win32Exception (0x80004005): The specified network name is no longer available
2017-05-26 10:42:12.7603|ERROR|Microsoft.Owin.Host.HttpListener.OwinHttpListener|IOCompletionCallback
System.ComponentModel.Win32Exception (0x80004005): The specified network name is no longer available
2017-05-26 10:44:02.7817|ERROR|Microsoft.Owin.Host.HttpListener.OwinHttpListener|IOCompletionCallback
System.ComponentModel.Win32Exception (0x80004005): The specified network name is no longer available
2017-05-26 10:44:47.7842|ERROR|Microsoft.Owin.Host.HttpListener.OwinHttpListener|IOCompletionCallback
System.ComponentModel.Win32Exception (0x80004005): The specified network name is no longer available
2017-05-26 12:55:48.9583|ERROR|Microsoft.Owin.Host.HttpListener.OwinHttpListener|IOCompletionCallback
System.ComponentModel.Win32Exception (0x80004005): The specified network name is no longer available
2017-05-26 12:55:48.9954|ERROR|Microsoft.Owin.Host.HttpListener.OwinHttpListener|IOCompletionCallback
System.ComponentModel.Win32Exception (0x80004005): The specified network name is no longer available
2017-05-26 12:55:48.9954|ERROR|Microsoft.Owin.Host.HttpListener.OwinHttpListener|IOCompletionCallback
System.ComponentModel.Win32Exception (0x80004005): The specified network name is no longer available
2017-05-26 12:55:48.9954|ERROR|Microsoft.Owin.Host.HttpListener.OwinHttpListener|IOCompletionCallback
System.ComponentModel.Win32Exception (0x80004005): The specified network name is no longer available
2017-05-26 12:55:48.9954|ERROR|Microsoft.Owin.Host.HttpListener.OwinHttpListener|IOCompletionCallback
System.ComponentModel.Win32Exception (0x80004005): The specified network name is no longer available
2017-05-26 12:55:48.9954|ERROR|Microsoft.Owin.Host.HttpListener.OwinHttpListener|IOCompletionCallback
System.ComponentModel.Win32Exception (0x80004005): The specified network name is no longer available
2017-05-26 13:31:09.3801|ERROR|Microsoft.Owin.Host.HttpListener.OwinHttpListener|IOCompletionCallback
System.ComponentModel.Win32Exception (0x80004005): The specified network name is no longer available
2017-05-26 13:31:09.4078|ERROR|Microsoft.Owin.Host.HttpListener.OwinHttpListener|IOCompletionCallback
System.ComponentModel.Win32Exception (0x80004005): The specified network name is no longer available
2017-05-26 13:31:09.4078|ERROR|Microsoft.Owin.Host.HttpListener.OwinHttpListener|IOCompletionCallback
System.ComponentModel.Win32Exception (0x80004005): The specified network name is no longer available
2017-05-26 13:31:09.4078|ERROR|Microsoft.Owin.Host.HttpListener.OwinHttpListener|IOCompletionCallback
System.ComponentModel.Win32Exception (0x80004005): The specified network name is no longer available
2017-05-26 15:00:30.1307|ERROR|Microsoft.Owin.Host.HttpListener.OwinHttpListener|IOCompletionCallback
System.ComponentModel.Win32Exception (0x80004005): The specified network name is no longer available
2017-05-26 15:00:30.1307|ERROR|Microsoft.Owin.Host.HttpListener.OwinHttpListener|IOCompletionCallback
System.ComponentModel.Win32Exception (0x80004005): The specified network name is no longer available
2017-05-26 15:00:30.1307|ERROR|Microsoft.Owin.Host.HttpListener.OwinHttpListener|IOCompletionCallback
System.ComponentModel.Win32Exception (0x80004005): The specified network name is no longer available
2017-05-26 15:00:40.1094|ERROR|Microsoft.Owin.Host.HttpListener.OwinHttpListener|IOCompletionCallback
System.ComponentModel.Win32Exception (0x80004005): The specified network name is no longer available
2017-05-26 15:00:50.1106|ERROR|Microsoft.Owin.Host.HttpListener.OwinHttpListener|IOCompletionCallback
System.ComponentModel.Win32Exception (0x80004005): The specified network name is no longer available
2017-05-26 15:03:15.1270|ERROR|Microsoft.Owin.Host.HttpListener.OwinHttpListener|IOCompletionCallback
System.ComponentModel.Win32Exception (0x80004005): The specified network name is no longer available
2017-05-26 15:11:48.6909|ERROR|Cafe2u.Application.WebApi.Helpers.NlogExceptionLogger|Request: http://localhost:12345/api/Groups/GetItems?filter[franchiseeId]=1&filter[categoryId]=1&filter[groupId]=4&filter[isHidden]=0&filter[from]=0&filter[count]=30&filter[sortBy]=price2&filter[IsAscending]=false&_=1495794538229
Unhandled exception: System.NotSupportedException: Unknown Column Name
   at Cafe2u.Application.DAL.Helpers.SortRuleProcessor`1.GetSortRule(String sortBy, Nullable`1 isAsc, Dictionary`2 sortKeySelectors) in C:\work\DIPLOMA\Cafe2u\Cafe2u.Application.DAL\Helpers\SortRuleProcessor.cs:line 27
   at Cafe2u.Application.DAL.Repositories.ItemsRepository.GetSortRule(String sortBy, Nullable`1 isAsc) in C:\work\DIPLOMA\Cafe2u\Cafe2u.Application.DAL\Repositories\ItemsRepository.cs:line 39
   at Cafe2u.Application.BLL.Helpers.EntityQueryFilterHelper`2.FilterData(TFilter filter) in C:\work\DIPLOMA\Cafe2u\Cafe2u.Application.BLL\Helpers\EntityQueryFilterHelper.cs:line 27
   at Cafe2u.Application.BLL.Services.ProductsService.GetItems(ProductsFilter filter) in C:\work\DIPLOMA\Cafe2u\Cafe2u.Application.BLL\Services\ProductsService.cs:line 63
   at Cafe2u.Application.WebApi.Contollers.ProductsController.GetItems(ProductsFilter filter) in C:\work\DIPLOMA\Cafe2u\Cafe2u.Application.WebApi\Contollers\ProductsController.cs:line 41
   at lambda_method(Closure , Object , Object[] )
   at System.Web.Http.Controllers.ReflectedHttpActionDescriptor.ActionExecutor.<>c__DisplayClass10.<GetExecutor>b__9(Object instance, Object[] methodParameters)
   at System.Web.Http.Controllers.ReflectedHttpActionDescriptor.ActionExecutor.Execute(Object instance, Object[] arguments)
   at System.Web.Http.Controllers.ReflectedHttpActionDescriptor.ExecuteAsync(HttpControllerContext controllerContext, IDictionary`2 arguments, CancellationToken cancellationToken)
--- End of stack trace from previous location where exception was thrown ---
   at System.Runtime.CompilerServices.TaskAwaiter.ThrowForNonSuccess(Task task)
   at System.Runtime.CompilerServices.TaskAwaiter.HandleNonSuccessAndDebuggerNotification(Task task)
   at System.Web.Http.Controllers.ApiControllerActionInvoker.<InvokeActionAsyncCore>d__0.MoveNext()
--- End of stack trace from previous location where exception was thrown ---
   at System.Runtime.CompilerServices.TaskAwaiter.ThrowForNonSuccess(Task task)
   at System.Runtime.CompilerServices.TaskAwaiter.HandleNonSuccessAndDebuggerNotification(Task task)
   at System.Web.Http.Controllers.ActionFilterResult.<ExecuteAsync>d__2.MoveNext()
--- End of stack trace from previous location where exception was thrown ---
   at System.Runtime.CompilerServices.TaskAwaiter.ThrowForNonSuccess(Task task)
   at System.Runtime.CompilerServices.TaskAwaiter.HandleNonSuccessAndDebuggerNotification(Task task)
   at System.Web.Http.Dispatcher.HttpControllerDispatcher.<SendAsync>d__1.MoveNext()
2017-05-26 15:11:48.6909|ERROR|Cafe2u.Application.WebApi.Helpers.NlogExceptionLogger|Request: http://localhost:12345/api/Groups/GetItems?filter[franchiseeId]=1&filter[categoryId]=1&filter[groupId]=4&filter[isHidden]=0&filter[from]=0&filter[count]=30&filter[sortBy]=price2&filter[IsAscending]=true&_=1495794538228
Unhandled exception: System.NotSupportedException: Unknown Column Name
   at Cafe2u.Application.DAL.Helpers.SortRuleProcessor`1.GetSortRule(String sortBy, Nullable`1 isAsc, Dictionary`2 sortKeySelectors) in C:\work\DIPLOMA\Cafe2u\Cafe2u.Application.DAL\Helpers\SortRuleProcessor.cs:line 27
   at Cafe2u.Application.DAL.Repositories.ItemsRepository.GetSortRule(String sortBy, Nullable`1 isAsc) in C:\work\DIPLOMA\Cafe2u\Cafe2u.Application.DAL\Repositories\ItemsRepository.cs:line 39
   at Cafe2u.Application.BLL.Helpers.EntityQueryFilterHelper`2.FilterData(TFilter filter) in C:\work\DIPLOMA\Cafe2u\Cafe2u.Application.BLL\Helpers\EntityQueryFilterHelper.cs:line 27
   at Cafe2u.Application.BLL.Services.ProductsService.GetItems(ProductsFilter filter) in C:\work\DIPLOMA\Cafe2u\Cafe2u.Application.BLL\Services\ProductsService.cs:line 63
   at Cafe2u.Application.WebApi.Contollers.ProductsController.GetItems(ProductsFilter filter) in C:\work\DIPLOMA\Cafe2u\Cafe2u.Application.WebApi\Contollers\ProductsController.cs:line 41
   at lambda_method(Closure , Object , Object[] )
   at System.Web.Http.Controllers.ReflectedHttpActionDescriptor.ActionExecutor.<>c__DisplayClass10.<GetExecutor>b__9(Object instance, Object[] methodParameters)
   at System.Web.Http.Controllers.ReflectedHttpActionDescriptor.ActionExecutor.Execute(Object instance, Object[] arguments)
   at System.Web.Http.Controllers.ReflectedHttpActionDescriptor.ExecuteAsync(HttpControllerContext controllerContext, IDictionary`2 arguments, CancellationToken cancellationToken)
--- End of stack trace from previous location where exception was thrown ---
   at System.Runtime.CompilerServices.TaskAwaiter.ThrowForNonSuccess(Task task)
   at System.Runtime.CompilerServices.TaskAwaiter.HandleNonSuccessAndDebuggerNotification(Task task)
   at System.Web.Http.Controllers.ApiControllerActionInvoker.<InvokeActionAsyncCore>d__0.MoveNext()
--- End of stack trace from previous location where exception was thrown ---
   at System.Runtime.CompilerServices.TaskAwaiter.ThrowForNonSuccess(Task task)
   at System.Runtime.CompilerServices.TaskAwaiter.HandleNonSuccessAndDebuggerNotification(Task task)
   at System.Web.Http.Controllers.ActionFilterResult.<ExecuteAsync>d__2.MoveNext()
--- End of stack trace from previous location where exception was thrown ---
   at System.Runtime.CompilerServices.TaskAwaiter.ThrowForNonSuccess(Task task)
   at System.Runtime.CompilerServices.TaskAwaiter.HandleNonSuccessAndDebuggerNotification(Task task)
   at System.Web.Http.Dispatcher.HttpControllerDispatcher.<SendAsync>d__1.MoveNext()
2017-05-26 15:11:48.6909|ERROR|Cafe2u.Application.WebApi.Helpers.NlogExceptionLogger|Request: http://localhost:12345/api/Groups/GetItems?filter[franchiseeId]=1&filter[categoryId]=1&filter[groupId]=4&filter[isHidden]=0&filter[from]=0&filter[count]=30&filter[sortBy]=price1&filter[IsAscending]=true&_=1495794538227
Unhandled exception: System.NotSupportedException: Unknown Column Name
   at Cafe2u.Application.DAL.Helpers.SortRuleProcessor`1.GetSortRule(String sortBy, Nullable`1 isAsc, Dictionary`2 sortKeySelectors) in C:\work\DIPLOMA\Cafe2u\Cafe2u.Application.DAL\Helpers\SortRuleProcessor.cs:line 27
   at Cafe2u.Application.DAL.Repositories.ItemsRepository.GetSortRule(String sortBy, Nullable`1 isAsc) in C:\work\DIPLOMA\Cafe2u\Cafe2u.Application.DAL\Repositories\ItemsRepository.cs:line 39
   at Cafe2u.Application.BLL.Helpers.EntityQueryFilterHelper`2.FilterData(TFilter filter) in C:\work\DIPLOMA\Cafe2u\Cafe2u.Application.BLL\Helpers\EntityQueryFilterHelper.cs:line 27
   at Cafe2u.Application.BLL.Services.ProductsService.GetItems(ProductsFilter filter) in C:\work\DIPLOMA\Cafe2u\Cafe2u.Application.BLL\Services\ProductsService.cs:line 63
   at Cafe2u.Application.WebApi.Contollers.ProductsController.GetItems(ProductsFilter filter) in C:\work\DIPLOMA\Cafe2u\Cafe2u.Application.WebApi\Contollers\ProductsController.cs:line 41
   at lambda_method(Closure , Object , Object[] )
   at System.Web.Http.Controllers.ReflectedHttpActionDescriptor.ActionExecutor.<>c__DisplayClass10.<GetExecutor>b__9(Object instance, Object[] methodParameters)
   at System.Web.Http.Controllers.ReflectedHttpActionDescriptor.ActionExecutor.Execute(Object instance, Object[] arguments)
   at System.Web.Http.Controllers.ReflectedHttpActionDescriptor.ExecuteAsync(HttpControllerContext controllerContext, IDictionary`2 arguments, CancellationToken cancellationToken)
--- End of stack trace from previous location where exception was thrown ---
   at System.Runtime.CompilerServices.TaskAwaiter.ThrowForNonSuccess(Task task)
   at System.Runtime.CompilerServices.TaskAwaiter.HandleNonSuccessAndDebuggerNotification(Task task)
   at System.Web.Http.Controllers.ApiControllerActionInvoker.<InvokeActionAsyncCore>d__0.MoveNext()
--- End of stack trace from previous location where exception was thrown ---
   at System.Runtime.CompilerServices.TaskAwaiter.ThrowForNonSuccess(Task task)
   at System.Runtime.CompilerServices.TaskAwaiter.HandleNonSuccessAndDebuggerNotification(Task task)
   at System.Web.Http.Controllers.ActionFilterResult.<ExecuteAsync>d__2.MoveNext()
--- End of stack trace from previous location where exception was thrown ---
   at System.Runtime.CompilerServices.TaskAwaiter.ThrowForNonSuccess(Task task)
   at System.Runtime.CompilerServices.TaskAwaiter.HandleNonSuccessAndDebuggerNotification(Task task)
   at System.Web.Http.Dispatcher.HttpControllerDispatcher.<SendAsync>d__1.MoveNext()
2017-05-26 15:13:55.2045|ERROR|Microsoft.Owin.Host.HttpListener.OwinHttpListener|IOCompletionCallback
System.ComponentModel.Win32Exception (0x80004005): The specified network name is no longer available
2017-05-26 15:13:55.2045|ERROR|Microsoft.Owin.Host.HttpListener.OwinHttpListener|IOCompletionCallback
System.ComponentModel.Win32Exception (0x80004005): The specified network name is no longer available
2017-05-26 15:43:45.3894|ERROR|Microsoft.Owin.Host.HttpListener.OwinHttpListener|IOCompletionCallback
System.ComponentModel.Win32Exception (0x80004005): The specified network name is no longer available
2017-05-26 15:43:45.3894|ERROR|Microsoft.Owin.Host.HttpListener.OwinHttpListener|IOCompletionCallback
System.ComponentModel.Win32Exception (0x80004005): The specified network name is no longer available
2017-05-26 15:43:45.3894|ERROR|Microsoft.Owin.Host.HttpListener.OwinHttpListener|IOCompletionCallback
System.ComponentModel.Win32Exception (0x80004005): The specified network name is no longer available
2017-05-26 15:43:45.3894|ERROR|Microsoft.Owin.Host.HttpListener.OwinHttpListener|IOCompletionCallback
System.ComponentModel.Win32Exception (0x80004005): The specified network name is no longer available
2017-05-26 15:43:45.4094|ERROR|Microsoft.Owin.Host.HttpListener.OwinHttpListener|IOCompletionCallback
System.ComponentModel.Win32Exception (0x80004005): The specified network name is no longer available
2017-05-26 15:44:45.3887|ERROR|Microsoft.Owin.Host.HttpListener.OwinHttpListener|IOCompletionCallback
System.ComponentModel.Win32Exception (0x80004005): The specified network name is no longer available
2017-05-26 16:57:06.1711|ERROR|Microsoft.Owin.Host.HttpListener.OwinHttpListener|IOCompletionCallback
System.ComponentModel.Win32Exception (0x80004005): The specified network name is no longer available
2017-05-26 16:57:06.1731|ERROR|Microsoft.Owin.Host.HttpListener.OwinHttpListener|IOCompletionCallback
System.ComponentModel.Win32Exception (0x80004005): The specified network name is no longer available
2017-05-26 18:22:57.0095|ERROR|Microsoft.Owin.Host.HttpListener.OwinHttpListener|IOCompletionCallback
System.ComponentModel.Win32Exception (0x80004005): The specified network name is no longer available
2017-05-26 18:22:57.0115|ERROR|Microsoft.Owin.Host.HttpListener.OwinHttpListener|IOCompletionCallback
System.ComponentModel.Win32Exception (0x80004005): The specified network name is no longer available
