2017-04-01 12:15:08.9216|ERROR|Microsoft.Owin.Host.HttpListener.OwinHttpListener|IOCompletionCallback
System.ComponentModel.Win32Exception (0x80004005): The specified network name is no longer available
2017-04-01 12:15:08.9216|ERROR|Microsoft.Owin.Host.HttpListener.OwinHttpListener|IOCompletionCallback
System.ComponentModel.Win32Exception (0x80004005): The specified network name is no longer available
2017-04-01 12:15:18.9047|ERROR|Microsoft.Owin.Host.HttpListener.OwinHttpListener|IOCompletionCallback
System.ComponentModel.Win32Exception (0x80004005): The specified network name is no longer available
2017-04-01 12:15:18.9047|ERROR|Microsoft.Owin.Host.HttpListener.OwinHttpListener|IOCompletionCallback
System.ComponentModel.Win32Exception (0x80004005): The specified network name is no longer available
2017-04-01 12:15:18.9047|ERROR|Microsoft.Owin.Host.HttpListener.OwinHttpListener|IOCompletionCallback
System.ComponentModel.Win32Exception (0x80004005): The specified network name is no longer available
2017-04-01 12:15:53.8736|ERROR|Microsoft.Owin.Host.HttpListener.OwinHttpListener|IOCompletionCallback
System.ComponentModel.Win32Exception (0x80004005): The specified network name is no longer available
2017-04-01 12:27:30.2244|ERROR|Microsoft.Owin.Host.HttpListener.OwinHttpListener|Exception during request processing.
System.OperationCanceledException: The operation was canceled.
   at System.Threading.CancellationToken.ThrowOperationCanceledException()
   at System.Web.Http.Owin.HttpMessageHandlerAdapter.<BufferResponseContentAsync>d__13.MoveNext()
--- End of stack trace from previous location where exception was thrown ---
   at System.Runtime.ExceptionServices.ExceptionDispatchInfo.Throw()
   at System.Runtime.CompilerServices.TaskAwaiter.ThrowForNonSuccess(Task task)
   at System.Runtime.CompilerServices.TaskAwaiter.HandleNonSuccessAndDebuggerNotification(Task task)
   at System.Web.Http.Owin.HttpMessageHandlerAdapter.<InvokeCore>d__0.MoveNext()
--- End of stack trace from previous location where exception was thrown ---
   at System.Runtime.ExceptionServices.ExceptionDispatchInfo.Throw()
   at System.Runtime.CompilerServices.TaskAwaiter.ThrowForNonSuccess(Task task)
   at System.Runtime.CompilerServices.TaskAwaiter.HandleNonSuccessAndDebuggerNotification(Task task)
   at Owin.AutofacAppBuilderExtensions.<>c__DisplayClass8_0.<<RegisterAutofacLifetimeScopeInjector>b__0>d.MoveNext()
--- End of stack trace from previous location where exception was thrown ---
   at System.Runtime.ExceptionServices.ExceptionDispatchInfo.Throw()
   at System.Runtime.CompilerServices.TaskAwaiter.ThrowForNonSuccess(Task task)
   at System.Runtime.CompilerServices.TaskAwaiter.HandleNonSuccessAndDebuggerNotification(Task task)
   at Microsoft.Owin.Host.HttpListener.OwinHttpListener.<ProcessRequestAsync>d__5.MoveNext()
2017-04-01 12:49:53.9381|ERROR|Microsoft.Owin.Host.HttpListener.OwinHttpListener|IOCompletionCallback
System.ComponentModel.Win32Exception (0x80004005): The specified network name is no longer available
2017-04-01 12:49:53.9381|ERROR|Microsoft.Owin.Host.HttpListener.OwinHttpListener|IOCompletionCallback
System.ComponentModel.Win32Exception (0x80004005): The specified network name is no longer available
2017-04-01 12:49:58.9350|ERROR|Microsoft.Owin.Host.HttpListener.OwinHttpListener|IOCompletionCallback
System.ComponentModel.Win32Exception (0x80004005): The specified network name is no longer available
2017-04-01 12:49:58.9350|ERROR|Microsoft.Owin.Host.HttpListener.OwinHttpListener|IOCompletionCallback
System.ComponentModel.Win32Exception (0x80004005): The specified network name is no longer available
2017-04-01 12:51:23.9435|ERROR|Microsoft.Owin.Host.HttpListener.OwinHttpListener|IOCompletionCallback
System.ComponentModel.Win32Exception (0x80004005): The specified network name is no longer available
2017-04-01 12:51:23.9435|ERROR|Microsoft.Owin.Host.HttpListener.OwinHttpListener|IOCompletionCallback
System.ComponentModel.Win32Exception (0x80004005): The specified network name is no longer available
2017-04-01 12:53:48.9542|ERROR|Microsoft.Owin.Host.HttpListener.OwinHttpListener|IOCompletionCallback
System.ComponentModel.Win32Exception (0x80004005): The specified network name is no longer available
2017-04-01 12:53:48.9542|ERROR|Microsoft.Owin.Host.HttpListener.OwinHttpListener|IOCompletionCallback
System.ComponentModel.Win32Exception (0x80004005): The specified network name is no longer available
2017-04-01 12:53:48.9542|ERROR|Microsoft.Owin.Host.HttpListener.OwinHttpListener|IOCompletionCallback
System.ComponentModel.Win32Exception (0x80004005): The specified network name is no longer available
2017-04-01 12:53:48.9802|ERROR|Microsoft.Owin.Host.HttpListener.OwinHttpListener|IOCompletionCallback
System.ComponentModel.Win32Exception (0x80004005): The specified network name is no longer available
2017-04-01 12:53:48.9802|ERROR|Microsoft.Owin.Host.HttpListener.OwinHttpListener|IOCompletionCallback
System.ComponentModel.Win32Exception (0x80004005): The specified network name is no longer available
2017-04-01 12:54:03.9567|ERROR|Microsoft.Owin.Host.HttpListener.OwinHttpListener|IOCompletionCallback
System.ComponentModel.Win32Exception (0x80004005): The specified network name is no longer available
2017-04-01 12:56:53.9710|ERROR|Microsoft.Owin.Host.HttpListener.OwinHttpListener|IOCompletionCallback
System.ComponentModel.Win32Exception (0x80004005): The specified network name is no longer available
2017-04-01 12:56:58.9710|ERROR|Microsoft.Owin.Host.HttpListener.OwinHttpListener|IOCompletionCallback
System.ComponentModel.Win32Exception (0x80004005): The specified network name is no longer available
2017-04-01 12:56:58.9710|ERROR|Microsoft.Owin.Host.HttpListener.OwinHttpListener|IOCompletionCallback
System.ComponentModel.Win32Exception (0x80004005): The specified network name is no longer available
2017-04-01 13:01:24.0125|ERROR|Microsoft.Owin.Host.HttpListener.OwinHttpListener|IOCompletionCallback
System.ComponentModel.Win32Exception (0x80004005): The specified network name is no longer available
2017-04-01 13:01:24.0395|ERROR|Microsoft.Owin.Host.HttpListener.OwinHttpListener|IOCompletionCallback
System.ComponentModel.Win32Exception (0x80004005): The specified network name is no longer available
2017-04-01 13:01:24.0125|ERROR|Microsoft.Owin.Host.HttpListener.OwinHttpListener|IOCompletionCallback
System.ComponentModel.Win32Exception (0x80004005): The specified network name is no longer available
2017-04-01 13:01:24.0395|ERROR|Microsoft.Owin.Host.HttpListener.OwinHttpListener|IOCompletionCallback
System.ComponentModel.Win32Exception (0x80004005): The specified network name is no longer available
2017-04-01 13:01:34.0136|ERROR|Microsoft.Owin.Host.HttpListener.OwinHttpListener|IOCompletionCallback
System.ComponentModel.Win32Exception (0x80004005): The specified network name is no longer available
2017-04-01 13:01:34.0136|ERROR|Microsoft.Owin.Host.HttpListener.OwinHttpListener|IOCompletionCallback
System.ComponentModel.Win32Exception (0x80004005): The specified network name is no longer available
2017-04-01 13:04:54.0383|ERROR|Microsoft.Owin.Host.HttpListener.OwinHttpListener|IOCompletionCallback
System.ComponentModel.Win32Exception (0x80004005): The specified network name is no longer available
2017-04-01 13:04:54.0402|ERROR|Microsoft.Owin.Host.HttpListener.OwinHttpListener|IOCompletionCallback
System.ComponentModel.Win32Exception (0x80004005): The specified network name is no longer available
2017-04-01 13:04:54.0402|ERROR|Microsoft.Owin.Host.HttpListener.OwinHttpListener|IOCompletionCallback
System.ComponentModel.Win32Exception (0x80004005): The specified network name is no longer available
2017-04-01 13:04:54.0402|ERROR|Microsoft.Owin.Host.HttpListener.OwinHttpListener|IOCompletionCallback
System.ComponentModel.Win32Exception (0x80004005): The specified network name is no longer available
2017-04-01 13:04:54.0402|ERROR|Microsoft.Owin.Host.HttpListener.OwinHttpListener|IOCompletionCallback
System.ComponentModel.Win32Exception (0x80004005): The specified network name is no longer available
2017-04-01 13:04:54.0402|ERROR|Microsoft.Owin.Host.HttpListener.OwinHttpListener|IOCompletionCallback
System.ComponentModel.Win32Exception (0x80004005): The specified network name is no longer available
2017-04-01 13:11:09.0783|ERROR|Microsoft.Owin.Host.HttpListener.OwinHttpListener|IOCompletionCallback
System.ComponentModel.Win32Exception (0x80004005): The specified network name is no longer available
2017-04-01 13:11:09.0833|ERROR|Microsoft.Owin.Host.HttpListener.OwinHttpListener|IOCompletionCallback
System.ComponentModel.Win32Exception (0x80004005): The specified network name is no longer available
2017-04-01 13:24:24.2039|ERROR|Microsoft.Owin.Host.HttpListener.OwinHttpListener|IOCompletionCallback
System.ComponentModel.Win32Exception (0x80004005): The specified network name is no longer available
2017-04-01 13:24:24.2039|ERROR|Microsoft.Owin.Host.HttpListener.OwinHttpListener|IOCompletionCallback
System.ComponentModel.Win32Exception (0x80004005): The specified network name is no longer available
2017-04-01 13:24:24.2039|ERROR|Microsoft.Owin.Host.HttpListener.OwinHttpListener|IOCompletionCallback
System.ComponentModel.Win32Exception (0x80004005): The specified network name is no longer available
2017-04-01 13:24:24.2039|ERROR|Microsoft.Owin.Host.HttpListener.OwinHttpListener|IOCompletionCallback
System.ComponentModel.Win32Exception (0x80004005): The specified network name is no longer available
2017-04-01 13:25:54.2030|ERROR|Microsoft.Owin.Host.HttpListener.OwinHttpListener|IOCompletionCallback
System.ComponentModel.Win32Exception (0x80004005): The specified network name is no longer available
2017-04-01 13:26:09.2044|ERROR|Microsoft.Owin.Host.HttpListener.OwinHttpListener|IOCompletionCallback
System.ComponentModel.Win32Exception (0x80004005): The specified network name is no longer available
2017-04-01 15:24:43.1258|ERROR|Microsoft.Owin.Host.HttpListener.OwinHttpListener|IOCompletionCallback
System.ComponentModel.Win32Exception (0x80004005): The specified network name is no longer available
2017-04-01 15:24:43.1258|ERROR|Microsoft.Owin.Host.HttpListener.OwinHttpListener|IOCompletionCallback
System.ComponentModel.Win32Exception (0x80004005): The specified network name is no longer available
2017-04-01 15:36:58.0107|ERROR|Microsoft.Owin.Host.HttpListener.OwinHttpListener|IOCompletionCallback
System.ComponentModel.Win32Exception (0x80004005): The specified network name is no longer available
2017-04-01 15:36:58.0107|ERROR|Microsoft.Owin.Host.HttpListener.OwinHttpListener|IOCompletionCallback
System.ComponentModel.Win32Exception (0x80004005): The specified network name is no longer available
2017-04-01 15:37:03.0103|ERROR|Microsoft.Owin.Host.HttpListener.OwinHttpListener|IOCompletionCallback
System.ComponentModel.Win32Exception (0x80004005): The specified network name is no longer available
2017-04-01 15:37:03.0103|ERROR|Microsoft.Owin.Host.HttpListener.OwinHttpListener|IOCompletionCallback
System.ComponentModel.Win32Exception (0x80004005): The specified network name is no longer available
2017-04-01 15:37:18.0099|ERROR|Microsoft.Owin.Host.HttpListener.OwinHttpListener|IOCompletionCallback
System.ComponentModel.Win32Exception (0x80004005): The specified network name is no longer available
2017-04-01 15:37:18.0099|ERROR|Microsoft.Owin.Host.HttpListener.OwinHttpListener|IOCompletionCallback
System.ComponentModel.Win32Exception (0x80004005): The specified network name is no longer available
2017-04-01 15:40:28.0470|ERROR|Microsoft.Owin.Host.HttpListener.OwinHttpListener|IOCompletionCallback
System.ComponentModel.Win32Exception (0x80004005): The specified network name is no longer available
2017-04-01 15:40:53.0613|ERROR|Microsoft.Owin.Host.HttpListener.OwinHttpListener|IOCompletionCallback
System.ComponentModel.Win32Exception (0x80004005): The specified network name is no longer available
2017-04-01 15:48:03.1026|ERROR|Microsoft.Owin.Host.HttpListener.OwinHttpListener|IOCompletionCallback
System.ComponentModel.Win32Exception (0x80004005): The specified network name is no longer available
2017-04-01 15:48:03.1026|ERROR|Microsoft.Owin.Host.HttpListener.OwinHttpListener|IOCompletionCallback
System.ComponentModel.Win32Exception (0x80004005): The specified network name is no longer available
2017-04-01 15:48:03.1286|ERROR|Microsoft.Owin.Host.HttpListener.OwinHttpListener|IOCompletionCallback
System.ComponentModel.Win32Exception (0x80004005): The specified network name is no longer available
2017-04-01 15:48:03.1286|ERROR|Microsoft.Owin.Host.HttpListener.OwinHttpListener|IOCompletionCallback
System.ComponentModel.Win32Exception (0x80004005): The specified network name is no longer available
2017-04-01 15:48:03.1286|ERROR|Microsoft.Owin.Host.HttpListener.OwinHttpListener|IOCompletionCallback
System.ComponentModel.Win32Exception (0x80004005): The specified network name is no longer available
2017-04-01 15:48:03.1286|ERROR|Microsoft.Owin.Host.HttpListener.OwinHttpListener|IOCompletionCallback
System.ComponentModel.Win32Exception (0x80004005): The specified network name is no longer available
2017-04-01 15:55:08.1811|ERROR|Microsoft.Owin.Host.HttpListener.OwinHttpListener|IOCompletionCallback
System.ComponentModel.Win32Exception (0x80004005): The specified network name is no longer available
2017-04-01 15:55:08.1811|ERROR|Microsoft.Owin.Host.HttpListener.OwinHttpListener|IOCompletionCallback
System.ComponentModel.Win32Exception (0x80004005): The specified network name is no longer available
2017-04-01 15:55:08.2071|ERROR|Microsoft.Owin.Host.HttpListener.OwinHttpListener|IOCompletionCallback
System.ComponentModel.Win32Exception (0x80004005): The specified network name is no longer available
2017-04-01 15:55:08.2071|ERROR|Microsoft.Owin.Host.HttpListener.OwinHttpListener|IOCompletionCallback
System.ComponentModel.Win32Exception (0x80004005): The specified network name is no longer available
2017-04-01 15:55:08.2071|ERROR|Microsoft.Owin.Host.HttpListener.OwinHttpListener|IOCompletionCallback
System.ComponentModel.Win32Exception (0x80004005): The specified network name is no longer available
2017-04-01 15:55:48.1816|ERROR|Microsoft.Owin.Host.HttpListener.OwinHttpListener|IOCompletionCallback
System.ComponentModel.Win32Exception (0x80004005): The specified network name is no longer available
2017-04-01 16:00:58.2174|ERROR|Microsoft.Owin.Host.HttpListener.OwinHttpListener|IOCompletionCallback
System.ComponentModel.Win32Exception (0x80004005): The specified network name is no longer available
2017-04-01 16:00:58.2284|ERROR|Microsoft.Owin.Host.HttpListener.OwinHttpListener|IOCompletionCallback
System.ComponentModel.Win32Exception (0x80004005): The specified network name is no longer available
2017-04-01 16:00:58.2284|ERROR|Microsoft.Owin.Host.HttpListener.OwinHttpListener|IOCompletionCallback
System.ComponentModel.Win32Exception (0x80004005): The specified network name is no longer available
2017-04-01 16:00:58.2284|ERROR|Microsoft.Owin.Host.HttpListener.OwinHttpListener|IOCompletionCallback
System.ComponentModel.Win32Exception (0x80004005): The specified network name is no longer available
2017-04-01 16:00:58.2284|ERROR|Microsoft.Owin.Host.HttpListener.OwinHttpListener|IOCompletionCallback
System.ComponentModel.Win32Exception (0x80004005): The specified network name is no longer available
2017-04-01 16:00:58.2284|ERROR|Microsoft.Owin.Host.HttpListener.OwinHttpListener|IOCompletionCallback
System.ComponentModel.Win32Exception (0x80004005): The specified network name is no longer available
2017-04-01 16:07:08.2419|ERROR|Microsoft.Owin.Host.HttpListener.OwinHttpListener|IOCompletionCallback
System.ComponentModel.Win32Exception (0x80004005): The specified network name is no longer available
2017-04-01 16:07:13.2451|ERROR|Microsoft.Owin.Host.HttpListener.OwinHttpListener|IOCompletionCallback
System.ComponentModel.Win32Exception (0x80004005): The specified network name is no longer available
2017-04-01 16:07:13.2451|ERROR|Microsoft.Owin.Host.HttpListener.OwinHttpListener|IOCompletionCallback
System.ComponentModel.Win32Exception (0x80004005): The specified network name is no longer available
2017-04-01 16:07:13.2451|ERROR|Microsoft.Owin.Host.HttpListener.OwinHttpListener|IOCompletionCallback
System.ComponentModel.Win32Exception (0x80004005): The specified network name is no longer available
2017-04-01 16:07:23.2435|ERROR|Microsoft.Owin.Host.HttpListener.OwinHttpListener|IOCompletionCallback
System.ComponentModel.Win32Exception (0x80004005): The specified network name is no longer available
2017-04-01 16:23:08.4080|ERROR|Microsoft.Owin.Host.HttpListener.OwinHttpListener|IOCompletionCallback
System.ComponentModel.Win32Exception (0x80004005): The specified network name is no longer available
2017-04-01 16:23:08.4080|ERROR|Microsoft.Owin.Host.HttpListener.OwinHttpListener|IOCompletionCallback
System.ComponentModel.Win32Exception (0x80004005): The specified network name is no longer available
2017-04-01 16:23:08.4080|ERROR|Microsoft.Owin.Host.HttpListener.OwinHttpListener|IOCompletionCallback
System.ComponentModel.Win32Exception (0x80004005): The specified network name is no longer available
2017-04-01 16:23:08.4080|ERROR|Microsoft.Owin.Host.HttpListener.OwinHttpListener|IOCompletionCallback
System.ComponentModel.Win32Exception (0x80004005): The specified network name is no longer available
2017-04-01 16:24:58.3873|ERROR|Microsoft.Owin.Host.HttpListener.OwinHttpListener|IOCompletionCallback
System.ComponentModel.Win32Exception (0x80004005): The specified network name is no longer available
2017-04-01 16:24:58.3873|ERROR|Microsoft.Owin.Host.HttpListener.OwinHttpListener|IOCompletionCallback
System.ComponentModel.Win32Exception (0x80004005): The specified network name is no longer available
