2017-03-26 02:25:34.1869|ERROR|Microsoft.Owin.Host.HttpListener.OwinHttpListener|IOCompletionCallback
System.ComponentModel.Win32Exception (0x80004005): The specified network name is no longer available
2017-03-26 02:25:34.1869|ERROR|Microsoft.Owin.Host.HttpListener.OwinHttpListener|IOCompletionCallback
System.ComponentModel.Win32Exception (0x80004005): The specified network name is no longer available
2017-03-26 02:25:34.1869|ERROR|Microsoft.Owin.Host.HttpListener.OwinHttpListener|IOCompletionCallback
System.ComponentModel.Win32Exception (0x80004005): The specified network name is no longer available
2017-03-26 02:25:34.1869|ERROR|Microsoft.Owin.Host.HttpListener.OwinHttpListener|IOCompletionCallback
System.ComponentModel.Win32Exception (0x80004005): The specified network name is no longer available
2017-03-26 02:25:34.2069|ERROR|Microsoft.Owin.Host.HttpListener.OwinHttpListener|IOCompletionCallback
System.ComponentModel.Win32Exception (0x80004005): The specified network name is no longer available
2017-03-26 02:25:34.2069|ERROR|Microsoft.Owin.Host.HttpListener.OwinHttpListener|IOCompletionCallback
System.ComponentModel.Win32Exception (0x80004005): The specified network name is no longer available
2017-03-26 02:28:34.2009|ERROR|Microsoft.Owin.Host.HttpListener.OwinHttpListener|IOCompletionCallback
System.ComponentModel.Win32Exception (0x80004005): The specified network name is no longer available
2017-03-26 02:28:34.2009|ERROR|Microsoft.Owin.Host.HttpListener.OwinHttpListener|IOCompletionCallback
System.ComponentModel.Win32Exception (0x80004005): The specified network name is no longer available
2017-03-26 02:28:34.2009|ERROR|Microsoft.Owin.Host.HttpListener.OwinHttpListener|IOCompletionCallback
System.ComponentModel.Win32Exception (0x80004005): The specified network name is no longer available
2017-03-26 02:28:34.2009|ERROR|Microsoft.Owin.Host.HttpListener.OwinHttpListener|IOCompletionCallback
System.ComponentModel.Win32Exception (0x80004005): The specified network name is no longer available
2017-03-26 02:28:34.2009|ERROR|Microsoft.Owin.Host.HttpListener.OwinHttpListener|IOCompletionCallback
System.ComponentModel.Win32Exception (0x80004005): The specified network name is no longer available
2017-03-26 02:31:04.2226|ERROR|Microsoft.Owin.Host.HttpListener.OwinHttpListener|IOCompletionCallback
System.ComponentModel.Win32Exception (0x80004005): The specified network name is no longer available
2017-03-26 02:31:04.2226|ERROR|Microsoft.Owin.Host.HttpListener.OwinHttpListener|IOCompletionCallback
System.ComponentModel.Win32Exception (0x80004005): The specified network name is no longer available
2017-03-26 02:31:04.2506|ERROR|Microsoft.Owin.Host.HttpListener.OwinHttpListener|IOCompletionCallback
System.ComponentModel.Win32Exception (0x80004005): The specified network name is no longer available
2017-03-26 02:31:04.2506|ERROR|Microsoft.Owin.Host.HttpListener.OwinHttpListener|IOCompletionCallback
System.ComponentModel.Win32Exception (0x80004005): The specified network name is no longer available
2017-03-26 02:31:04.2506|ERROR|Microsoft.Owin.Host.HttpListener.OwinHttpListener|IOCompletionCallback
System.ComponentModel.Win32Exception (0x80004005): The specified network name is no longer available
2017-03-26 02:31:04.2506|ERROR|Microsoft.Owin.Host.HttpListener.OwinHttpListener|IOCompletionCallback
System.ComponentModel.Win32Exception (0x80004005): The specified network name is no longer available
2017-03-26 03:02:02.9382|ERROR|Cafe2u.Application.WebApi.Helpers.NlogExceptionLogger|Request: http://localhost:12345/api/Users/GetUsers?_=1490486452390
Unhandled exception: Newtonsoft.Json.JsonSerializationException: Error getting value from 'AdminMessages' on 'System.Data.Entity.DynamicProxies.User_D3888C98D436C7A76CEBD67F65388FEDB034D8919AE7402732259C4DAC3A0677'. ---> System.ObjectDisposedException: The ObjectContext instance has been disposed and can no longer be used for operations that require a connection.
   at System.Data.Entity.Core.Objects.ObjectContext.get_Connection()
   at System.Data.Entity.Core.Objects.ObjectQuery`1.GetResults(Nullable`1 forMergeOption)
   at System.Data.Entity.Core.Objects.ObjectQuery`1.Execute(MergeOption mergeOption)
   at System.Data.Entity.Core.Objects.DataClasses.EntityCollection`1.Load(List`1 collection, MergeOption mergeOption)
   at System.Data.Entity.Core.Objects.DataClasses.EntityCollection`1.Load(MergeOption mergeOption)
   at System.Data.Entity.Core.Objects.DataClasses.RelatedEnd.DeferredLoad()
   at System.Data.Entity.Core.Objects.Internal.LazyLoadBehavior.LoadProperty[TItem](TItem propertyValue, String relationshipName, String targetRoleName, Boolean mustBeNull, Object wrapperObject)
   at System.Data.Entity.Core.Objects.Internal.LazyLoadBehavior.<>c__DisplayClass7`2.<GetInterceptorDelegate>b__1(TProxy proxy, TItem item)
   at System.Data.Entity.DynamicProxies.User_D3888C98D436C7A76CEBD67F65388FEDB034D8919AE7402732259C4DAC3A0677.get_AdminMessages()
   at GetAdminMessages(Object )
   at Newtonsoft.Json.Serialization.DynamicValueProvider.GetValue(Object target)
   --- End of inner exception stack trace ---
   at Newtonsoft.Json.Serialization.DynamicValueProvider.GetValue(Object target)
   at Newtonsoft.Json.Serialization.JsonSerializerInternalWriter.CalculatePropertyValues(JsonWriter writer, Object value, JsonContainerContract contract, JsonProperty member, JsonProperty property, JsonContract& memberContract, Object& memberValue)
   at Newtonsoft.Json.Serialization.JsonSerializerInternalWriter.SerializeObject(JsonWriter writer, Object value, JsonObjectContract contract, JsonProperty member, JsonContainerContract collectionContract, JsonProperty containerProperty)
   at Newtonsoft.Json.Serialization.JsonSerializerInternalWriter.SerializeValue(JsonWriter writer, Object value, JsonContract valueContract, JsonProperty member, JsonContainerContract containerContract, JsonProperty containerProperty)
   at Newtonsoft.Json.Serialization.JsonSerializerInternalWriter.SerializeList(JsonWriter writer, IEnumerable values, JsonArrayContract contract, JsonProperty member, JsonContainerContract collectionContract, JsonProperty containerProperty)
   at Newtonsoft.Json.Serialization.JsonSerializerInternalWriter.SerializeValue(JsonWriter writer, Object value, JsonContract valueContract, JsonProperty member, JsonContainerContract containerContract, JsonProperty containerProperty)
   at Newtonsoft.Json.Serialization.JsonSerializerInternalWriter.Serialize(JsonWriter jsonWriter, Object value, Type objectType)
   at Newtonsoft.Json.JsonSerializer.SerializeInternal(JsonWriter jsonWriter, Object value, Type objectType)
   at System.Net.Http.Formatting.BaseJsonMediaTypeFormatter.WriteToStream(Type type, Object value, Stream writeStream, Encoding effectiveEncoding)
   at System.Net.Http.Formatting.JsonMediaTypeFormatter.WriteToStream(Type type, Object value, Stream writeStream, Encoding effectiveEncoding)
   at System.Net.Http.Formatting.BaseJsonMediaTypeFormatter.WriteToStream(Type type, Object value, Stream writeStream, HttpContent content)
   at System.Net.Http.Formatting.BaseJsonMediaTypeFormatter.WriteToStreamAsync(Type type, Object value, Stream writeStream, HttpContent content, TransportContext transportContext, CancellationToken cancellationToken)
--- End of stack trace from previous location where exception was thrown ---
   at System.Runtime.CompilerServices.TaskAwaiter.ThrowForNonSuccess(Task task)
   at System.Runtime.CompilerServices.TaskAwaiter.HandleNonSuccessAndDebuggerNotification(Task task)
   at System.Web.Http.Owin.HttpMessageHandlerAdapter.<BufferResponseContentAsync>d__13.MoveNext()
2017-03-26 03:02:14.6847|ERROR|Cafe2u.Application.WebApi.Helpers.NlogExceptionLogger|Request: http://localhost:12345/api/Users/GetUsers?_=1490486532576
Unhandled exception: Newtonsoft.Json.JsonSerializationException: Error getting value from 'AdminMessages' on 'System.Data.Entity.DynamicProxies.User_D3888C98D436C7A76CEBD67F65388FEDB034D8919AE7402732259C4DAC3A0677'. ---> System.ObjectDisposedException: The ObjectContext instance has been disposed and can no longer be used for operations that require a connection.
   at System.Data.Entity.Core.Objects.ObjectContext.get_Connection()
   at System.Data.Entity.Core.Objects.ObjectQuery`1.GetResults(Nullable`1 forMergeOption)
   at System.Data.Entity.Core.Objects.ObjectQuery`1.Execute(MergeOption mergeOption)
   at System.Data.Entity.Core.Objects.DataClasses.EntityCollection`1.Load(List`1 collection, MergeOption mergeOption)
   at System.Data.Entity.Core.Objects.DataClasses.EntityCollection`1.Load(MergeOption mergeOption)
   at System.Data.Entity.Core.Objects.DataClasses.RelatedEnd.DeferredLoad()
   at System.Data.Entity.Core.Objects.Internal.LazyLoadBehavior.LoadProperty[TItem](TItem propertyValue, String relationshipName, String targetRoleName, Boolean mustBeNull, Object wrapperObject)
   at System.Data.Entity.Core.Objects.Internal.LazyLoadBehavior.<>c__DisplayClass7`2.<GetInterceptorDelegate>b__1(TProxy proxy, TItem item)
   at System.Data.Entity.DynamicProxies.User_D3888C98D436C7A76CEBD67F65388FEDB034D8919AE7402732259C4DAC3A0677.get_AdminMessages()
   at GetAdminMessages(Object )
   at Newtonsoft.Json.Serialization.DynamicValueProvider.GetValue(Object target)
   --- End of inner exception stack trace ---
   at Newtonsoft.Json.Serialization.DynamicValueProvider.GetValue(Object target)
   at Newtonsoft.Json.Serialization.JsonSerializerInternalWriter.CalculatePropertyValues(JsonWriter writer, Object value, JsonContainerContract contract, JsonProperty member, JsonProperty property, JsonContract& memberContract, Object& memberValue)
   at Newtonsoft.Json.Serialization.JsonSerializerInternalWriter.SerializeObject(JsonWriter writer, Object value, JsonObjectContract contract, JsonProperty member, JsonContainerContract collectionContract, JsonProperty containerProperty)
   at Newtonsoft.Json.Serialization.JsonSerializerInternalWriter.SerializeValue(JsonWriter writer, Object value, JsonContract valueContract, JsonProperty member, JsonContainerContract containerContract, JsonProperty containerProperty)
   at Newtonsoft.Json.Serialization.JsonSerializerInternalWriter.SerializeList(JsonWriter writer, IEnumerable values, JsonArrayContract contract, JsonProperty member, JsonContainerContract collectionContract, JsonProperty containerProperty)
   at Newtonsoft.Json.Serialization.JsonSerializerInternalWriter.SerializeValue(JsonWriter writer, Object value, JsonContract valueContract, JsonProperty member, JsonContainerContract containerContract, JsonProperty containerProperty)
   at Newtonsoft.Json.Serialization.JsonSerializerInternalWriter.Serialize(JsonWriter jsonWriter, Object value, Type objectType)
   at Newtonsoft.Json.JsonSerializer.SerializeInternal(JsonWriter jsonWriter, Object value, Type objectType)
   at System.Net.Http.Formatting.BaseJsonMediaTypeFormatter.WriteToStream(Type type, Object value, Stream writeStream, Encoding effectiveEncoding)
   at System.Net.Http.Formatting.JsonMediaTypeFormatter.WriteToStream(Type type, Object value, Stream writeStream, Encoding effectiveEncoding)
   at System.Net.Http.Formatting.BaseJsonMediaTypeFormatter.WriteToStream(Type type, Object value, Stream writeStream, HttpContent content)
   at System.Net.Http.Formatting.BaseJsonMediaTypeFormatter.WriteToStreamAsync(Type type, Object value, Stream writeStream, HttpContent content, TransportContext transportContext, CancellationToken cancellationToken)
--- End of stack trace from previous location where exception was thrown ---
   at System.Runtime.CompilerServices.TaskAwaiter.ThrowForNonSuccess(Task task)
   at System.Runtime.CompilerServices.TaskAwaiter.HandleNonSuccessAndDebuggerNotification(Task task)
   at System.Web.Http.Owin.HttpMessageHandlerAdapter.<BufferResponseContentAsync>d__13.MoveNext()
2017-03-26 03:03:22.3881|ERROR|Cafe2u.Application.WebApi.Helpers.NlogExceptionLogger|Request: http://localhost:12345/api/Users/GetUsers?_=1490486562792
Unhandled exception: Newtonsoft.Json.JsonSerializationException: Error getting value from 'AdminMessages' on 'System.Data.Entity.DynamicProxies.User_D3888C98D436C7A76CEBD67F65388FEDB034D8919AE7402732259C4DAC3A0677'. ---> System.ObjectDisposedException: The ObjectContext instance has been disposed and can no longer be used for operations that require a connection.
   at System.Data.Entity.Core.Objects.ObjectContext.get_Connection()
   at System.Data.Entity.Core.Objects.ObjectQuery`1.GetResults(Nullable`1 forMergeOption)
   at System.Data.Entity.Core.Objects.ObjectQuery`1.Execute(MergeOption mergeOption)
   at System.Data.Entity.Core.Objects.DataClasses.EntityCollection`1.Load(List`1 collection, MergeOption mergeOption)
   at System.Data.Entity.Core.Objects.DataClasses.EntityCollection`1.Load(MergeOption mergeOption)
   at System.Data.Entity.Core.Objects.DataClasses.RelatedEnd.DeferredLoad()
   at System.Data.Entity.Core.Objects.Internal.LazyLoadBehavior.LoadProperty[TItem](TItem propertyValue, String relationshipName, String targetRoleName, Boolean mustBeNull, Object wrapperObject)
   at System.Data.Entity.Core.Objects.Internal.LazyLoadBehavior.<>c__DisplayClass7`2.<GetInterceptorDelegate>b__1(TProxy proxy, TItem item)
   at System.Data.Entity.DynamicProxies.User_D3888C98D436C7A76CEBD67F65388FEDB034D8919AE7402732259C4DAC3A0677.get_AdminMessages()
   at GetAdminMessages(Object )
   at Newtonsoft.Json.Serialization.DynamicValueProvider.GetValue(Object target)
   --- End of inner exception stack trace ---
   at Newtonsoft.Json.Serialization.DynamicValueProvider.GetValue(Object target)
   at Newtonsoft.Json.Serialization.JsonSerializerInternalWriter.CalculatePropertyValues(JsonWriter writer, Object value, JsonContainerContract contract, JsonProperty member, JsonProperty property, JsonContract& memberContract, Object& memberValue)
   at Newtonsoft.Json.Serialization.JsonSerializerInternalWriter.SerializeObject(JsonWriter writer, Object value, JsonObjectContract contract, JsonProperty member, JsonContainerContract collectionContract, JsonProperty containerProperty)
   at Newtonsoft.Json.Serialization.JsonSerializerInternalWriter.SerializeValue(JsonWriter writer, Object value, JsonContract valueContract, JsonProperty member, JsonContainerContract containerContract, JsonProperty containerProperty)
   at Newtonsoft.Json.Serialization.JsonSerializerInternalWriter.SerializeList(JsonWriter writer, IEnumerable values, JsonArrayContract contract, JsonProperty member, JsonContainerContract collectionContract, JsonProperty containerProperty)
   at Newtonsoft.Json.Serialization.JsonSerializerInternalWriter.SerializeValue(JsonWriter writer, Object value, JsonContract valueContract, JsonProperty member, JsonContainerContract containerContract, JsonProperty containerProperty)
   at Newtonsoft.Json.Serialization.JsonSerializerInternalWriter.Serialize(JsonWriter jsonWriter, Object value, Type objectType)
   at Newtonsoft.Json.JsonSerializer.SerializeInternal(JsonWriter jsonWriter, Object value, Type objectType)
   at System.Net.Http.Formatting.BaseJsonMediaTypeFormatter.WriteToStream(Type type, Object value, Stream writeStream, Encoding effectiveEncoding)
   at System.Net.Http.Formatting.JsonMediaTypeFormatter.WriteToStream(Type type, Object value, Stream writeStream, Encoding effectiveEncoding)
   at System.Net.Http.Formatting.BaseJsonMediaTypeFormatter.WriteToStream(Type type, Object value, Stream writeStream, HttpContent content)
   at System.Net.Http.Formatting.BaseJsonMediaTypeFormatter.WriteToStreamAsync(Type type, Object value, Stream writeStream, HttpContent content, TransportContext transportContext, CancellationToken cancellationToken)
--- End of stack trace from previous location where exception was thrown ---
   at System.Runtime.CompilerServices.TaskAwaiter.ThrowForNonSuccess(Task task)
   at System.Runtime.CompilerServices.TaskAwaiter.HandleNonSuccessAndDebuggerNotification(Task task)
   at System.Web.Http.Owin.HttpMessageHandlerAdapter.<BufferResponseContentAsync>d__13.MoveNext()
2017-03-26 03:04:49.7147|ERROR|Microsoft.Owin.Host.HttpListener.OwinHttpListener|IOCompletionCallback
System.ComponentModel.Win32Exception (0x80004005): The specified network name is no longer available
2017-03-26 03:04:49.7147|ERROR|Microsoft.Owin.Host.HttpListener.OwinHttpListener|IOCompletionCallback
System.ComponentModel.Win32Exception (0x80004005): The specified network name is no longer available
2017-03-26 03:06:06.9519|ERROR|Cafe2u.Application.WebApi.Helpers.NlogExceptionLogger|Request: http://localhost:12345/api/Users/GetUsers?_=1490486758901
Unhandled exception: Newtonsoft.Json.JsonSerializationException: Error getting value from 'AdminMessages' on 'System.Data.Entity.DynamicProxies.User_D3888C98D436C7A76CEBD67F65388FEDB034D8919AE7402732259C4DAC3A0677'. ---> System.ObjectDisposedException: The ObjectContext instance has been disposed and can no longer be used for operations that require a connection.
   at System.Data.Entity.Core.Objects.ObjectContext.get_Connection()
   at System.Data.Entity.Core.Objects.ObjectQuery`1.GetResults(Nullable`1 forMergeOption)
   at System.Data.Entity.Core.Objects.ObjectQuery`1.Execute(MergeOption mergeOption)
   at System.Data.Entity.Core.Objects.DataClasses.EntityCollection`1.Load(List`1 collection, MergeOption mergeOption)
   at System.Data.Entity.Core.Objects.DataClasses.EntityCollection`1.Load(MergeOption mergeOption)
   at System.Data.Entity.Core.Objects.DataClasses.RelatedEnd.DeferredLoad()
   at System.Data.Entity.Core.Objects.Internal.LazyLoadBehavior.LoadProperty[TItem](TItem propertyValue, String relationshipName, String targetRoleName, Boolean mustBeNull, Object wrapperObject)
   at System.Data.Entity.Core.Objects.Internal.LazyLoadBehavior.<>c__DisplayClass7`2.<GetInterceptorDelegate>b__1(TProxy proxy, TItem item)
   at System.Data.Entity.DynamicProxies.User_D3888C98D436C7A76CEBD67F65388FEDB034D8919AE7402732259C4DAC3A0677.get_AdminMessages()
   at GetAdminMessages(Object )
   at Newtonsoft.Json.Serialization.DynamicValueProvider.GetValue(Object target)
   --- End of inner exception stack trace ---
   at Newtonsoft.Json.Serialization.DynamicValueProvider.GetValue(Object target)
   at Newtonsoft.Json.Serialization.JsonSerializerInternalWriter.CalculatePropertyValues(JsonWriter writer, Object value, JsonContainerContract contract, JsonProperty member, JsonProperty property, JsonContract& memberContract, Object& memberValue)
   at Newtonsoft.Json.Serialization.JsonSerializerInternalWriter.SerializeObject(JsonWriter writer, Object value, JsonObjectContract contract, JsonProperty member, JsonContainerContract collectionContract, JsonProperty containerProperty)
   at Newtonsoft.Json.Serialization.JsonSerializerInternalWriter.SerializeValue(JsonWriter writer, Object value, JsonContract valueContract, JsonProperty member, JsonContainerContract containerContract, JsonProperty containerProperty)
   at Newtonsoft.Json.Serialization.JsonSerializerInternalWriter.SerializeList(JsonWriter writer, IEnumerable values, JsonArrayContract contract, JsonProperty member, JsonContainerContract collectionContract, JsonProperty containerProperty)
   at Newtonsoft.Json.Serialization.JsonSerializerInternalWriter.SerializeValue(JsonWriter writer, Object value, JsonContract valueContract, JsonProperty member, JsonContainerContract containerContract, JsonProperty containerProperty)
   at Newtonsoft.Json.Serialization.JsonSerializerInternalWriter.Serialize(JsonWriter jsonWriter, Object value, Type objectType)
   at Newtonsoft.Json.JsonSerializer.SerializeInternal(JsonWriter jsonWriter, Object value, Type objectType)
   at System.Net.Http.Formatting.BaseJsonMediaTypeFormatter.WriteToStream(Type type, Object value, Stream writeStream, Encoding effectiveEncoding)
   at System.Net.Http.Formatting.JsonMediaTypeFormatter.WriteToStream(Type type, Object value, Stream writeStream, Encoding effectiveEncoding)
   at System.Net.Http.Formatting.BaseJsonMediaTypeFormatter.WriteToStream(Type type, Object value, Stream writeStream, HttpContent content)
   at System.Net.Http.Formatting.BaseJsonMediaTypeFormatter.WriteToStreamAsync(Type type, Object value, Stream writeStream, HttpContent content, TransportContext transportContext, CancellationToken cancellationToken)
--- End of stack trace from previous location where exception was thrown ---
   at System.Runtime.CompilerServices.TaskAwaiter.ThrowForNonSuccess(Task task)
   at System.Runtime.CompilerServices.TaskAwaiter.HandleNonSuccessAndDebuggerNotification(Task task)
   at System.Web.Http.Owin.HttpMessageHandlerAdapter.<BufferResponseContentAsync>d__13.MoveNext()
2017-03-26 03:07:35.7300|ERROR|Cafe2u.Application.WebApi.Helpers.NlogExceptionLogger|Request: http://localhost:12345/api/Users/GetUsers?_=1490486840993
Unhandled exception: Newtonsoft.Json.JsonSerializationException: Self referencing loop detected for property 'user' with type 'System.Data.Entity.DynamicProxies.User_D3888C98D436C7A76CEBD67F65388FEDB034D8919AE7402732259C4DAC3A0677'. Path '[0].adminMessages[0]'.
   at Newtonsoft.Json.Serialization.JsonSerializerInternalWriter.CheckForCircularReference(JsonWriter writer, Object value, JsonProperty property, JsonContract contract, JsonContainerContract containerContract, JsonProperty containerProperty)
   at Newtonsoft.Json.Serialization.JsonSerializerInternalWriter.CalculatePropertyValues(JsonWriter writer, Object value, JsonContainerContract contract, JsonProperty member, JsonProperty property, JsonContract& memberContract, Object& memberValue)
   at Newtonsoft.Json.Serialization.JsonSerializerInternalWriter.SerializeObject(JsonWriter writer, Object value, JsonObjectContract contract, JsonProperty member, JsonContainerContract collectionContract, JsonProperty containerProperty)
   at Newtonsoft.Json.Serialization.JsonSerializerInternalWriter.SerializeValue(JsonWriter writer, Object value, JsonContract valueContract, JsonProperty member, JsonContainerContract containerContract, JsonProperty containerProperty)
   at Newtonsoft.Json.Serialization.JsonSerializerInternalWriter.SerializeList(JsonWriter writer, IEnumerable values, JsonArrayContract contract, JsonProperty member, JsonContainerContract collectionContract, JsonProperty containerProperty)
   at Newtonsoft.Json.Serialization.JsonSerializerInternalWriter.SerializeValue(JsonWriter writer, Object value, JsonContract valueContract, JsonProperty member, JsonContainerContract containerContract, JsonProperty containerProperty)
   at Newtonsoft.Json.Serialization.JsonSerializerInternalWriter.SerializeObject(JsonWriter writer, Object value, JsonObjectContract contract, JsonProperty member, JsonContainerContract collectionContract, JsonProperty containerProperty)
   at Newtonsoft.Json.Serialization.JsonSerializerInternalWriter.SerializeValue(JsonWriter writer, Object value, JsonContract valueContract, JsonProperty member, JsonContainerContract containerContract, JsonProperty containerProperty)
   at Newtonsoft.Json.Serialization.JsonSerializerInternalWriter.SerializeList(JsonWriter writer, IEnumerable values, JsonArrayContract contract, JsonProperty member, JsonContainerContract collectionContract, JsonProperty containerProperty)
   at Newtonsoft.Json.Serialization.JsonSerializerInternalWriter.SerializeValue(JsonWriter writer, Object value, JsonContract valueContract, JsonProperty member, JsonContainerContract containerContract, JsonProperty containerProperty)
   at Newtonsoft.Json.Serialization.JsonSerializerInternalWriter.Serialize(JsonWriter jsonWriter, Object value, Type objectType)
   at Newtonsoft.Json.JsonSerializer.SerializeInternal(JsonWriter jsonWriter, Object value, Type objectType)
   at System.Net.Http.Formatting.BaseJsonMediaTypeFormatter.WriteToStream(Type type, Object value, Stream writeStream, Encoding effectiveEncoding)
   at System.Net.Http.Formatting.JsonMediaTypeFormatter.WriteToStream(Type type, Object value, Stream writeStream, Encoding effectiveEncoding)
   at System.Net.Http.Formatting.BaseJsonMediaTypeFormatter.WriteToStream(Type type, Object value, Stream writeStream, HttpContent content)
   at System.Net.Http.Formatting.BaseJsonMediaTypeFormatter.WriteToStreamAsync(Type type, Object value, Stream writeStream, HttpContent content, TransportContext transportContext, CancellationToken cancellationToken)
--- End of stack trace from previous location where exception was thrown ---
   at System.Runtime.CompilerServices.TaskAwaiter.ThrowForNonSuccess(Task task)
   at System.Runtime.CompilerServices.TaskAwaiter.HandleNonSuccessAndDebuggerNotification(Task task)
   at System.Web.Http.Owin.HttpMessageHandlerAdapter.<BufferResponseContentAsync>d__13.MoveNext()
2017-03-26 03:10:14.6475|ERROR|Cafe2u.Application.WebApi.Helpers.NlogExceptionLogger|Request: http://localhost:12345/api/Users/GetUsers?_=1490487005160
Unhandled exception: Newtonsoft.Json.JsonSerializationException: Self referencing loop detected for property 'user' with type 'System.Data.Entity.DynamicProxies.User_D3888C98D436C7A76CEBD67F65388FEDB034D8919AE7402732259C4DAC3A0677'. Path 'adminMessages[0]'.
   at Newtonsoft.Json.Serialization.JsonSerializerInternalWriter.CheckForCircularReference(JsonWriter writer, Object value, JsonProperty property, JsonContract contract, JsonContainerContract containerContract, JsonProperty containerProperty)
   at Newtonsoft.Json.Serialization.JsonSerializerInternalWriter.CalculatePropertyValues(JsonWriter writer, Object value, JsonContainerContract contract, JsonProperty member, JsonProperty property, JsonContract& memberContract, Object& memberValue)
   at Newtonsoft.Json.Serialization.JsonSerializerInternalWriter.SerializeObject(JsonWriter writer, Object value, JsonObjectContract contract, JsonProperty member, JsonContainerContract collectionContract, JsonProperty containerProperty)
   at Newtonsoft.Json.Serialization.JsonSerializerInternalWriter.SerializeValue(JsonWriter writer, Object value, JsonContract valueContract, JsonProperty member, JsonContainerContract containerContract, JsonProperty containerProperty)
   at Newtonsoft.Json.Serialization.JsonSerializerInternalWriter.SerializeList(JsonWriter writer, IEnumerable values, JsonArrayContract contract, JsonProperty member, JsonContainerContract collectionContract, JsonProperty containerProperty)
   at Newtonsoft.Json.Serialization.JsonSerializerInternalWriter.SerializeValue(JsonWriter writer, Object value, JsonContract valueContract, JsonProperty member, JsonContainerContract containerContract, JsonProperty containerProperty)
   at Newtonsoft.Json.Serialization.JsonSerializerInternalWriter.SerializeObject(JsonWriter writer, Object value, JsonObjectContract contract, JsonProperty member, JsonContainerContract collectionContract, JsonProperty containerProperty)
   at Newtonsoft.Json.Serialization.JsonSerializerInternalWriter.SerializeValue(JsonWriter writer, Object value, JsonContract valueContract, JsonProperty member, JsonContainerContract containerContract, JsonProperty containerProperty)
   at Newtonsoft.Json.Serialization.JsonSerializerInternalWriter.Serialize(JsonWriter jsonWriter, Object value, Type objectType)
   at Newtonsoft.Json.JsonSerializer.SerializeInternal(JsonWriter jsonWriter, Object value, Type objectType)
   at System.Net.Http.Formatting.BaseJsonMediaTypeFormatter.WriteToStream(Type type, Object value, Stream writeStream, Encoding effectiveEncoding)
   at System.Net.Http.Formatting.JsonMediaTypeFormatter.WriteToStream(Type type, Object value, Stream writeStream, Encoding effectiveEncoding)
   at System.Net.Http.Formatting.BaseJsonMediaTypeFormatter.WriteToStream(Type type, Object value, Stream writeStream, HttpContent content)
   at System.Net.Http.Formatting.BaseJsonMediaTypeFormatter.WriteToStreamAsync(Type type, Object value, Stream writeStream, HttpContent content, TransportContext transportContext, CancellationToken cancellationToken)
--- End of stack trace from previous location where exception was thrown ---
   at System.Runtime.CompilerServices.TaskAwaiter.ThrowForNonSuccess(Task task)
   at System.Runtime.CompilerServices.TaskAwaiter.HandleNonSuccessAndDebuggerNotification(Task task)
   at System.Web.Http.Owin.HttpMessageHandlerAdapter.<BufferResponseContentAsync>d__13.MoveNext()
2017-03-26 03:24:39.9746|ERROR|Microsoft.Owin.Host.HttpListener.OwinHttpListener|IOCompletionCallback
System.ComponentModel.Win32Exception (0x80004005): The specified network name is no longer available
2017-03-26 03:24:49.9750|ERROR|Microsoft.Owin.Host.HttpListener.OwinHttpListener|IOCompletionCallback
System.ComponentModel.Win32Exception (0x80004005): The specified network name is no longer available
2017-03-26 03:24:49.9779|ERROR|Microsoft.Owin.Host.HttpListener.OwinHttpListener|IOCompletionCallback
System.ComponentModel.Win32Exception (0x80004005): The specified network name is no longer available
2017-03-26 03:24:49.9989|ERROR|Microsoft.Owin.Host.HttpListener.OwinHttpListener|IOCompletionCallback
System.ComponentModel.Win32Exception (0x80004005): The specified network name is no longer available
2017-03-26 03:25:14.9634|ERROR|Microsoft.Owin.Host.HttpListener.OwinHttpListener|IOCompletionCallback
System.ComponentModel.Win32Exception (0x80004005): The specified network name is no longer available
2017-03-26 03:36:00.0967|ERROR|Microsoft.Owin.Host.HttpListener.OwinHttpListener|IOCompletionCallback
System.ComponentModel.Win32Exception (0x80004005): The specified network name is no longer available
2017-03-26 03:36:00.0967|ERROR|Microsoft.Owin.Host.HttpListener.OwinHttpListener|IOCompletionCallback
System.ComponentModel.Win32Exception (0x80004005): The specified network name is no longer available
2017-03-26 03:36:00.0967|ERROR|Microsoft.Owin.Host.HttpListener.OwinHttpListener|IOCompletionCallback
System.ComponentModel.Win32Exception (0x80004005): The specified network name is no longer available
2017-03-26 03:38:30.0873|ERROR|Microsoft.Owin.Host.HttpListener.OwinHttpListener|IOCompletionCallback
System.ComponentModel.Win32Exception (0x80004005): The specified network name is no longer available
2017-03-26 03:38:30.0873|ERROR|Microsoft.Owin.Host.HttpListener.OwinHttpListener|IOCompletionCallback
System.ComponentModel.Win32Exception (0x80004005): The specified network name is no longer available
2017-03-26 03:38:30.0873|ERROR|Microsoft.Owin.Host.HttpListener.OwinHttpListener|IOCompletionCallback
System.ComponentModel.Win32Exception (0x80004005): The specified network name is no longer available
2017-03-26 03:38:30.0873|ERROR|Microsoft.Owin.Host.HttpListener.OwinHttpListener|IOCompletionCallback
System.ComponentModel.Win32Exception (0x80004005): The specified network name is no longer available
2017-03-26 03:38:30.0943|ERROR|Microsoft.Owin.Host.HttpListener.OwinHttpListener|IOCompletionCallback
System.ComponentModel.Win32Exception (0x80004005): The specified network name is no longer available
2017-03-26 03:38:30.0943|ERROR|Microsoft.Owin.Host.HttpListener.OwinHttpListener|IOCompletionCallback
System.ComponentModel.Win32Exception (0x80004005): The specified network name is no longer available
2017-03-26 03:42:00.1146|ERROR|Microsoft.Owin.Host.HttpListener.OwinHttpListener|IOCompletionCallback
System.ComponentModel.Win32Exception (0x80004005): The specified network name is no longer available
2017-03-26 03:42:00.1586|ERROR|Microsoft.Owin.Host.HttpListener.OwinHttpListener|IOCompletionCallback
System.ComponentModel.Win32Exception (0x80004005): The specified network name is no longer available
2017-03-26 03:42:00.1586|ERROR|Microsoft.Owin.Host.HttpListener.OwinHttpListener|IOCompletionCallback
System.ComponentModel.Win32Exception (0x80004005): The specified network name is no longer available
2017-03-26 03:42:00.1586|ERROR|Microsoft.Owin.Host.HttpListener.OwinHttpListener|IOCompletionCallback
System.ComponentModel.Win32Exception (0x80004005): The specified network name is no longer available
2017-03-26 03:42:00.1586|ERROR|Microsoft.Owin.Host.HttpListener.OwinHttpListener|IOCompletionCallback
System.ComponentModel.Win32Exception (0x80004005): The specified network name is no longer available
2017-03-26 03:42:05.1159|ERROR|Microsoft.Owin.Host.HttpListener.OwinHttpListener|IOCompletionCallback
System.ComponentModel.Win32Exception (0x80004005): The specified network name is no longer available
2017-03-26 03:45:20.1315|ERROR|Microsoft.Owin.Host.HttpListener.OwinHttpListener|IOCompletionCallback
System.ComponentModel.Win32Exception (0x80004005): The specified network name is no longer available
2017-03-26 03:45:20.1575|ERROR|Microsoft.Owin.Host.HttpListener.OwinHttpListener|IOCompletionCallback
System.ComponentModel.Win32Exception (0x80004005): The specified network name is no longer available
2017-03-26 03:45:20.1315|ERROR|Microsoft.Owin.Host.HttpListener.OwinHttpListener|IOCompletionCallback
System.ComponentModel.Win32Exception (0x80004005): The specified network name is no longer available
2017-03-26 03:45:20.1575|ERROR|Microsoft.Owin.Host.HttpListener.OwinHttpListener|IOCompletionCallback
System.ComponentModel.Win32Exception (0x80004005): The specified network name is no longer available
2017-03-26 03:45:20.1575|ERROR|Microsoft.Owin.Host.HttpListener.OwinHttpListener|IOCompletionCallback
System.ComponentModel.Win32Exception (0x80004005): The specified network name is no longer available
2017-03-26 03:45:20.1575|ERROR|Microsoft.Owin.Host.HttpListener.OwinHttpListener|IOCompletionCallback
System.ComponentModel.Win32Exception (0x80004005): The specified network name is no longer available
2017-03-26 15:23:54.0867|ERROR|Microsoft.Owin.Host.HttpListener.OwinHttpListener|IOCompletionCallback
System.ComponentModel.Win32Exception (0x80004005): The specified network name is no longer available
2017-03-26 16:08:49.5145|ERROR|Microsoft.Owin.Host.HttpListener.OwinHttpListener|IOCompletionCallback
System.ComponentModel.Win32Exception (0x80004005): The specified network name is no longer available
2017-03-26 16:08:49.5435|ERROR|Microsoft.Owin.Host.HttpListener.OwinHttpListener|IOCompletionCallback
System.ComponentModel.Win32Exception (0x80004005): The specified network name is no longer available
2017-03-26 16:08:49.5435|ERROR|Microsoft.Owin.Host.HttpListener.OwinHttpListener|IOCompletionCallback
System.ComponentModel.Win32Exception (0x80004005): The specified network name is no longer available
2017-03-26 16:08:49.5435|ERROR|Microsoft.Owin.Host.HttpListener.OwinHttpListener|IOCompletionCallback
System.ComponentModel.Win32Exception (0x80004005): The specified network name is no longer available
2017-03-26 16:08:49.5435|ERROR|Microsoft.Owin.Host.HttpListener.OwinHttpListener|IOCompletionCallback
System.ComponentModel.Win32Exception (0x80004005): The specified network name is no longer available
2017-03-26 16:08:49.5435|ERROR|Microsoft.Owin.Host.HttpListener.OwinHttpListener|IOCompletionCallback
System.ComponentModel.Win32Exception (0x80004005): The specified network name is no longer available
2017-03-26 16:12:29.5357|ERROR|Microsoft.Owin.Host.HttpListener.OwinHttpListener|IOCompletionCallback
System.ComponentModel.Win32Exception (0x80004005): The specified network name is no longer available
2017-03-26 16:12:29.5644|ERROR|Microsoft.Owin.Host.HttpListener.OwinHttpListener|IOCompletionCallback
System.ComponentModel.Win32Exception (0x80004005): The specified network name is no longer available
2017-03-26 16:12:29.5744|ERROR|Microsoft.Owin.Host.HttpListener.OwinHttpListener|IOCompletionCallback
System.ComponentModel.Win32Exception (0x80004005): The specified network name is no longer available
2017-03-26 16:12:29.5377|ERROR|Microsoft.Owin.Host.HttpListener.OwinHttpListener|IOCompletionCallback
System.ComponentModel.Win32Exception (0x80004005): The specified network name is no longer available
2017-03-26 16:12:29.5644|ERROR|Microsoft.Owin.Host.HttpListener.OwinHttpListener|IOCompletionCallback
System.ComponentModel.Win32Exception (0x80004005): The specified network name is no longer available
2017-03-26 16:12:29.5644|ERROR|Microsoft.Owin.Host.HttpListener.OwinHttpListener|IOCompletionCallback
System.ComponentModel.Win32Exception (0x80004005): The specified network name is no longer available
2017-03-26 16:17:19.5425|ERROR|Microsoft.Owin.Host.HttpListener.OwinHttpListener|IOCompletionCallback
System.ComponentModel.Win32Exception (0x80004005): The specified network name is no longer available
2017-03-26 16:17:19.5425|ERROR|Microsoft.Owin.Host.HttpListener.OwinHttpListener|IOCompletionCallback
System.ComponentModel.Win32Exception (0x80004005): The specified network name is no longer available
2017-03-26 16:17:24.5433|ERROR|Microsoft.Owin.Host.HttpListener.OwinHttpListener|IOCompletionCallback
System.ComponentModel.Win32Exception (0x80004005): The specified network name is no longer available
2017-03-26 16:17:24.5433|ERROR|Microsoft.Owin.Host.HttpListener.OwinHttpListener|IOCompletionCallback
System.ComponentModel.Win32Exception (0x80004005): The specified network name is no longer available
2017-03-26 16:17:24.5433|ERROR|Microsoft.Owin.Host.HttpListener.OwinHttpListener|IOCompletionCallback
System.ComponentModel.Win32Exception (0x80004005): The specified network name is no longer available
2017-03-26 16:17:24.5493|ERROR|Microsoft.Owin.Host.HttpListener.OwinHttpListener|IOCompletionCallback
System.ComponentModel.Win32Exception (0x80004005): The specified network name is no longer available
2017-03-26 16:25:09.6708|ERROR|Microsoft.Owin.Host.HttpListener.OwinHttpListener|IOCompletionCallback
System.ComponentModel.Win32Exception (0x80004005): The specified network name is no longer available
2017-03-26 16:25:09.6708|ERROR|Microsoft.Owin.Host.HttpListener.OwinHttpListener|IOCompletionCallback
System.ComponentModel.Win32Exception (0x80004005): The specified network name is no longer available
2017-03-26 16:25:14.6241|ERROR|Microsoft.Owin.Host.HttpListener.OwinHttpListener|IOCompletionCallback
System.ComponentModel.Win32Exception (0x80004005): The specified network name is no longer available
2017-03-26 16:25:14.6241|ERROR|Microsoft.Owin.Host.HttpListener.OwinHttpListener|IOCompletionCallback
System.ComponentModel.Win32Exception (0x80004005): The specified network name is no longer available
2017-03-26 16:25:14.6241|ERROR|Microsoft.Owin.Host.HttpListener.OwinHttpListener|IOCompletionCallback
System.ComponentModel.Win32Exception (0x80004005): The specified network name is no longer available
2017-03-26 16:25:44.6268|ERROR|Microsoft.Owin.Host.HttpListener.OwinHttpListener|IOCompletionCallback
System.ComponentModel.Win32Exception (0x80004005): The specified network name is no longer available
2017-03-26 16:27:54.6555|ERROR|Microsoft.Owin.Host.HttpListener.OwinHttpListener|IOCompletionCallback
System.ComponentModel.Win32Exception (0x80004005): The specified network name is no longer available
2017-03-26 16:27:54.6555|ERROR|Microsoft.Owin.Host.HttpListener.OwinHttpListener|IOCompletionCallback
System.ComponentModel.Win32Exception (0x80004005): The specified network name is no longer available
2017-03-26 16:27:59.6560|ERROR|Microsoft.Owin.Host.HttpListener.OwinHttpListener|IOCompletionCallback
System.ComponentModel.Win32Exception (0x80004005): The specified network name is no longer available
2017-03-26 16:27:59.6560|ERROR|Microsoft.Owin.Host.HttpListener.OwinHttpListener|IOCompletionCallback
System.ComponentModel.Win32Exception (0x80004005): The specified network name is no longer available
2017-03-26 16:27:59.6560|ERROR|Microsoft.Owin.Host.HttpListener.OwinHttpListener|IOCompletionCallback
System.ComponentModel.Win32Exception (0x80004005): The specified network name is no longer available
2017-03-26 16:29:34.6619|ERROR|Microsoft.Owin.Host.HttpListener.OwinHttpListener|IOCompletionCallback
System.ComponentModel.Win32Exception (0x80004005): The specified network name is no longer available
2017-03-26 16:40:39.7407|ERROR|Microsoft.Owin.Host.HttpListener.OwinHttpListener|Exception during request processing.
System.OperationCanceledException: The operation was canceled.
   at System.Threading.CancellationToken.ThrowOperationCanceledException()
   at System.Web.Http.Owin.HttpMessageHandlerAdapter.<BufferResponseContentAsync>d__13.MoveNext()
--- End of stack trace from previous location where exception was thrown ---
   at System.Runtime.ExceptionServices.ExceptionDispatchInfo.Throw()
   at System.Runtime.CompilerServices.TaskAwaiter.ThrowForNonSuccess(Task task)
   at System.Runtime.CompilerServices.TaskAwaiter.HandleNonSuccessAndDebuggerNotification(Task task)
   at System.Web.Http.Owin.HttpMessageHandlerAdapter.<InvokeCore>d__0.MoveNext()
--- End of stack trace from previous location where exception was thrown ---
   at System.Runtime.ExceptionServices.ExceptionDispatchInfo.Throw()
   at System.Runtime.CompilerServices.TaskAwaiter.ThrowForNonSuccess(Task task)
   at System.Runtime.CompilerServices.TaskAwaiter.HandleNonSuccessAndDebuggerNotification(Task task)
   at Owin.AutofacAppBuilderExtensions.<>c__DisplayClass8_0.<<RegisterAutofacLifetimeScopeInjector>b__0>d.MoveNext()
--- End of stack trace from previous location where exception was thrown ---
   at System.Runtime.ExceptionServices.ExceptionDispatchInfo.Throw()
   at System.Runtime.CompilerServices.TaskAwaiter.ThrowForNonSuccess(Task task)
   at System.Runtime.CompilerServices.TaskAwaiter.HandleNonSuccessAndDebuggerNotification(Task task)
   at Microsoft.Owin.Host.HttpListener.OwinHttpListener.<ProcessRequestAsync>d__5.MoveNext()
2017-03-26 16:42:44.7158|ERROR|Microsoft.Owin.Host.HttpListener.OwinHttpListener|IOCompletionCallback
System.ComponentModel.Win32Exception (0x80004005): The specified network name is no longer available
2017-03-26 16:42:44.7158|ERROR|Microsoft.Owin.Host.HttpListener.OwinHttpListener|IOCompletionCallback
System.ComponentModel.Win32Exception (0x80004005): The specified network name is no longer available
2017-03-26 16:42:44.7218|ERROR|Microsoft.Owin.Host.HttpListener.OwinHttpListener|IOCompletionCallback
System.ComponentModel.Win32Exception (0x80004005): The specified network name is no longer available
2017-03-26 16:42:49.7160|ERROR|Microsoft.Owin.Host.HttpListener.OwinHttpListener|IOCompletionCallback
System.ComponentModel.Win32Exception (0x80004005): The specified network name is no longer available
2017-03-26 16:42:49.7160|ERROR|Microsoft.Owin.Host.HttpListener.OwinHttpListener|IOCompletionCallback
System.ComponentModel.Win32Exception (0x80004005): The specified network name is no longer available
2017-03-26 16:42:49.7270|ERROR|Microsoft.Owin.Host.HttpListener.OwinHttpListener|IOCompletionCallback
System.ComponentModel.Win32Exception (0x80004005): The specified network name is no longer available
