2017-04-11 00:18:48.5698|ERROR|Microsoft.Owin.Host.HttpListener.OwinHttpListener|IOCompletionCallback
System.ComponentModel.Win32Exception (0x80004005): The specified network name is no longer available
2017-04-11 00:18:48.5698|ERROR|Microsoft.Owin.Host.HttpListener.OwinHttpListener|IOCompletionCallback
System.ComponentModel.Win32Exception (0x80004005): The specified network name is no longer available
2017-04-11 00:26:53.6376|ERROR|Microsoft.Owin.Host.HttpListener.OwinHttpListener|IOCompletionCallback
System.ComponentModel.Win32Exception (0x80004005): The specified network name is no longer available
2017-04-11 00:26:53.6376|ERROR|Microsoft.Owin.Host.HttpListener.OwinHttpListener|IOCompletionCallback
System.ComponentModel.Win32Exception (0x80004005): The specified network name is no longer available
2017-04-11 00:26:53.6616|ERROR|Microsoft.Owin.Host.HttpListener.OwinHttpListener|IOCompletionCallback
System.ComponentModel.Win32Exception (0x80004005): The specified network name is no longer available
2017-04-11 00:26:53.6616|ERROR|Microsoft.Owin.Host.HttpListener.OwinHttpListener|IOCompletionCallback
System.ComponentModel.Win32Exception (0x80004005): The specified network name is no longer available
2017-04-11 00:26:53.6616|ERROR|Microsoft.Owin.Host.HttpListener.OwinHttpListener|IOCompletionCallback
System.ComponentModel.Win32Exception (0x80004005): The specified network name is no longer available
2017-04-11 00:30:33.6555|ERROR|Microsoft.Owin.Host.HttpListener.OwinHttpListener|IOCompletionCallback
System.ComponentModel.Win32Exception (0x80004005): The specified network name is no longer available
2017-04-11 00:36:25.4920|ERROR|Microsoft.Owin.Host.HttpListener.OwinHttpListener|Exception during request processing.
System.AggregateException: One or more errors occurred. ---> System.Threading.Tasks.TaskCanceledException: A task was canceled.
   --- End of inner exception stack trace ---
   at System.Threading.Tasks.Task.ThrowIfExceptional(Boolean includeTaskCanceledExceptions)
   at System.Threading.Tasks.Task.Wait(Int32 millisecondsTimeout, CancellationToken cancellationToken)
   at Microsoft.Owin.StaticFiles.SendFileMiddleware.SendFileWrapper.<>c__DisplayClass2.<SendAsync>b__0(Task resultTask)
   at System.Threading.Tasks.ContinuationTaskFromTask.InnerInvoke()
   at System.Threading.Tasks.Task.Execute()
--- End of stack trace from previous location where exception was thrown ---
   at System.Runtime.CompilerServices.TaskAwaiter.ThrowForNonSuccess(Task task)
   at System.Runtime.CompilerServices.TaskAwaiter.HandleNonSuccessAndDebuggerNotification(Task task)
   at Microsoft.Owin.Host.HttpListener.OwinHttpListener.<ProcessRequestAsync>d__5.MoveNext()
---> (Inner Exception #0) System.Threading.Tasks.TaskCanceledException: A task was canceled.<---

2017-04-11 00:38:21.2048|ERROR|Microsoft.Owin.Host.HttpListener.OwinHttpListener|IOCompletionCallback
System.ComponentModel.Win32Exception (0x80004005): The specified network name is no longer available
2017-04-11 00:38:21.2048|ERROR|Microsoft.Owin.Host.HttpListener.OwinHttpListener|IOCompletionCallback
System.ComponentModel.Win32Exception (0x80004005): The specified network name is no longer available
2017-04-11 00:38:21.2048|ERROR|Microsoft.Owin.Host.HttpListener.OwinHttpListener|IOCompletionCallback
System.ComponentModel.Win32Exception (0x80004005): The specified network name is no longer available
2017-04-11 00:38:21.2048|ERROR|Microsoft.Owin.Host.HttpListener.OwinHttpListener|IOCompletionCallback
System.ComponentModel.Win32Exception (0x80004005): The specified network name is no longer available
2017-04-11 00:38:21.2048|ERROR|Microsoft.Owin.Host.HttpListener.OwinHttpListener|IOCompletionCallback
System.ComponentModel.Win32Exception (0x80004005): The specified network name is no longer available
2017-04-11 00:38:21.2048|ERROR|Microsoft.Owin.Host.HttpListener.OwinHttpListener|IOCompletionCallback
System.ComponentModel.Win32Exception (0x80004005): The specified network name is no longer available
2017-04-11 00:38:28.7173|ERROR|Microsoft.Owin.Host.HttpListener.OwinHttpListener|IOCompletionCallback
System.ComponentModel.Win32Exception (0x80004005): The specified network name is no longer available
2017-04-11 00:42:58.7475|ERROR|Microsoft.Owin.Host.HttpListener.OwinHttpListener|IOCompletionCallback
System.ComponentModel.Win32Exception (0x80004005): The specified network name is no longer available
2017-04-11 00:42:58.7475|ERROR|Microsoft.Owin.Host.HttpListener.OwinHttpListener|IOCompletionCallback
System.ComponentModel.Win32Exception (0x80004005): The specified network name is no longer available
2017-04-11 00:43:03.7526|ERROR|Microsoft.Owin.Host.HttpListener.OwinHttpListener|IOCompletionCallback
System.ComponentModel.Win32Exception (0x80004005): The specified network name is no longer available
2017-04-11 00:43:03.7526|ERROR|Microsoft.Owin.Host.HttpListener.OwinHttpListener|IOCompletionCallback
System.ComponentModel.Win32Exception (0x80004005): The specified network name is no longer available
2017-04-11 00:43:08.7477|ERROR|Microsoft.Owin.Host.HttpListener.OwinHttpListener|IOCompletionCallback
System.ComponentModel.Win32Exception (0x80004005): The specified network name is no longer available
2017-04-11 00:43:08.7477|ERROR|Microsoft.Owin.Host.HttpListener.OwinHttpListener|IOCompletionCallback
System.ComponentModel.Win32Exception (0x80004005): The specified network name is no longer available
2017-04-11 00:53:53.8123|ERROR|Microsoft.Owin.Host.HttpListener.OwinHttpListener|IOCompletionCallback
System.ComponentModel.Win32Exception (0x80004005): The specified network name is no longer available
2017-04-11 00:53:53.8152|ERROR|Microsoft.Owin.Host.HttpListener.OwinHttpListener|IOCompletionCallback
System.ComponentModel.Win32Exception (0x80004005): The specified network name is no longer available
2017-04-11 00:53:53.8123|ERROR|Microsoft.Owin.Host.HttpListener.OwinHttpListener|IOCompletionCallback
System.ComponentModel.Win32Exception (0x80004005): The specified network name is no longer available
2017-04-11 00:53:53.8152|ERROR|Microsoft.Owin.Host.HttpListener.OwinHttpListener|IOCompletionCallback
System.ComponentModel.Win32Exception (0x80004005): The specified network name is no longer available
2017-04-11 00:54:03.8132|ERROR|Microsoft.Owin.Host.HttpListener.OwinHttpListener|IOCompletionCallback
System.ComponentModel.Win32Exception (0x80004005): The specified network name is no longer available
2017-04-11 00:54:03.8132|ERROR|Microsoft.Owin.Host.HttpListener.OwinHttpListener|IOCompletionCallback
System.ComponentModel.Win32Exception (0x80004005): The specified network name is no longer available
2017-04-11 00:56:43.8293|ERROR|Microsoft.Owin.Host.HttpListener.OwinHttpListener|IOCompletionCallback
System.ComponentModel.Win32Exception (0x80004005): The specified network name is no longer available
2017-04-11 00:56:43.8363|ERROR|Microsoft.Owin.Host.HttpListener.OwinHttpListener|IOCompletionCallback
System.ComponentModel.Win32Exception (0x80004005): The specified network name is no longer available
2017-04-11 00:56:43.8573|ERROR|Microsoft.Owin.Host.HttpListener.OwinHttpListener|IOCompletionCallback
System.ComponentModel.Win32Exception (0x80004005): The specified network name is no longer available
2017-04-11 00:56:43.8363|ERROR|Microsoft.Owin.Host.HttpListener.OwinHttpListener|IOCompletionCallback
System.ComponentModel.Win32Exception (0x80004005): The specified network name is no longer available
2017-04-11 00:57:18.8331|ERROR|Microsoft.Owin.Host.HttpListener.OwinHttpListener|IOCompletionCallback
System.ComponentModel.Win32Exception (0x80004005): The specified network name is no longer available
2017-04-11 01:01:33.8626|ERROR|Microsoft.Owin.Host.HttpListener.OwinHttpListener|IOCompletionCallback
System.ComponentModel.Win32Exception (0x80004005): The specified network name is no longer available
2017-04-11 01:01:33.8626|ERROR|Microsoft.Owin.Host.HttpListener.OwinHttpListener|IOCompletionCallback
System.ComponentModel.Win32Exception (0x80004005): The specified network name is no longer available
2017-04-11 01:04:38.8857|ERROR|Microsoft.Owin.Host.HttpListener.OwinHttpListener|IOCompletionCallback
System.ComponentModel.Win32Exception (0x80004005): The specified network name is no longer available
2017-04-11 01:04:38.9106|ERROR|Microsoft.Owin.Host.HttpListener.OwinHttpListener|IOCompletionCallback
System.ComponentModel.Win32Exception (0x80004005): The specified network name is no longer available
2017-04-11 01:04:38.9106|ERROR|Microsoft.Owin.Host.HttpListener.OwinHttpListener|IOCompletionCallback
System.ComponentModel.Win32Exception (0x80004005): The specified network name is no longer available
2017-04-11 01:04:38.8857|ERROR|Microsoft.Owin.Host.HttpListener.OwinHttpListener|IOCompletionCallback
System.ComponentModel.Win32Exception (0x80004005): The specified network name is no longer available
2017-04-11 01:07:13.9045|ERROR|Microsoft.Owin.Host.HttpListener.OwinHttpListener|IOCompletionCallback
System.ComponentModel.Win32Exception (0x80004005): The specified network name is no longer available
2017-04-11 01:09:23.9111|ERROR|Microsoft.Owin.Host.HttpListener.OwinHttpListener|IOCompletionCallback
System.ComponentModel.Win32Exception (0x80004005): The specified network name is no longer available
2017-04-11 01:10:38.9166|ERROR|Microsoft.Owin.Host.HttpListener.OwinHttpListener|IOCompletionCallback
System.ComponentModel.Win32Exception (0x80004005): The specified network name is no longer available
2017-04-11 01:10:38.9166|ERROR|Microsoft.Owin.Host.HttpListener.OwinHttpListener|IOCompletionCallback
System.ComponentModel.Win32Exception (0x80004005): The specified network name is no longer available
2017-04-11 01:13:48.9243|ERROR|Microsoft.Owin.Host.HttpListener.OwinHttpListener|IOCompletionCallback
System.ComponentModel.Win32Exception (0x80004005): The specified network name is no longer available
2017-04-11 01:13:48.9243|ERROR|Microsoft.Owin.Host.HttpListener.OwinHttpListener|IOCompletionCallback
System.ComponentModel.Win32Exception (0x80004005): The specified network name is no longer available
2017-04-11 01:13:53.9244|ERROR|Microsoft.Owin.Host.HttpListener.OwinHttpListener|IOCompletionCallback
System.ComponentModel.Win32Exception (0x80004005): The specified network name is no longer available
2017-04-11 01:13:53.9465|ERROR|Microsoft.Owin.Host.HttpListener.OwinHttpListener|IOCompletionCallback
System.ComponentModel.Win32Exception (0x80004005): The specified network name is no longer available
2017-04-11 01:13:53.9465|ERROR|Microsoft.Owin.Host.HttpListener.OwinHttpListener|IOCompletionCallback
System.ComponentModel.Win32Exception (0x80004005): The specified network name is no longer available
2017-04-11 01:13:53.9465|ERROR|Microsoft.Owin.Host.HttpListener.OwinHttpListener|IOCompletionCallback
System.ComponentModel.Win32Exception (0x80004005): The specified network name is no longer available
2017-04-11 01:23:03.9592|ERROR|Microsoft.Owin.Host.HttpListener.OwinHttpListener|IOCompletionCallback
System.ComponentModel.Win32Exception (0x80004005): The specified network name is no longer available
2017-04-11 01:23:03.9592|ERROR|Microsoft.Owin.Host.HttpListener.OwinHttpListener|IOCompletionCallback
System.ComponentModel.Win32Exception (0x80004005): The specified network name is no longer available
2017-04-11 01:23:53.9623|ERROR|Microsoft.Owin.Host.HttpListener.OwinHttpListener|IOCompletionCallback
System.ComponentModel.Win32Exception (0x80004005): The specified network name is no longer available
2017-04-11 01:23:53.9623|ERROR|Microsoft.Owin.Host.HttpListener.OwinHttpListener|IOCompletionCallback
System.ComponentModel.Win32Exception (0x80004005): The specified network name is no longer available
2017-04-11 01:24:43.9665|ERROR|Microsoft.Owin.Host.HttpListener.OwinHttpListener|IOCompletionCallback
System.ComponentModel.Win32Exception (0x80004005): The specified network name is no longer available
2017-04-11 01:28:23.9796|ERROR|Microsoft.Owin.Host.HttpListener.OwinHttpListener|IOCompletionCallback
System.ComponentModel.Win32Exception (0x80004005): The specified network name is no longer available
2017-04-11 01:28:23.9796|ERROR|Microsoft.Owin.Host.HttpListener.OwinHttpListener|IOCompletionCallback
System.ComponentModel.Win32Exception (0x80004005): The specified network name is no longer available
2017-04-11 01:28:24.0056|ERROR|Microsoft.Owin.Host.HttpListener.OwinHttpListener|IOCompletionCallback
System.ComponentModel.Win32Exception (0x80004005): The specified network name is no longer available
2017-04-11 01:28:24.0056|ERROR|Microsoft.Owin.Host.HttpListener.OwinHttpListener|IOCompletionCallback
System.ComponentModel.Win32Exception (0x80004005): The specified network name is no longer available
2017-04-11 01:28:24.0056|ERROR|Microsoft.Owin.Host.HttpListener.OwinHttpListener|IOCompletionCallback
System.ComponentModel.Win32Exception (0x80004005): The specified network name is no longer available
2017-04-11 01:31:53.9937|ERROR|Microsoft.Owin.Host.HttpListener.OwinHttpListener|IOCompletionCallback
System.ComponentModel.Win32Exception (0x80004005): The specified network name is no longer available
2017-04-11 01:31:53.9937|ERROR|Microsoft.Owin.Host.HttpListener.OwinHttpListener|IOCompletionCallback
System.ComponentModel.Win32Exception (0x80004005): The specified network name is no longer available
2017-04-11 01:31:53.9937|ERROR|Microsoft.Owin.Host.HttpListener.OwinHttpListener|IOCompletionCallback
System.ComponentModel.Win32Exception (0x80004005): The specified network name is no longer available
2017-04-11 01:31:53.9937|ERROR|Microsoft.Owin.Host.HttpListener.OwinHttpListener|IOCompletionCallback
System.ComponentModel.Win32Exception (0x80004005): The specified network name is no longer available
2017-04-11 01:31:53.9937|ERROR|Microsoft.Owin.Host.HttpListener.OwinHttpListener|IOCompletionCallback
System.ComponentModel.Win32Exception (0x80004005): The specified network name is no longer available
2017-04-11 01:31:58.9950|ERROR|Microsoft.Owin.Host.HttpListener.OwinHttpListener|IOCompletionCallback
System.ComponentModel.Win32Exception (0x80004005): The specified network name is no longer available
2017-04-11 10:43:47.5802|ERROR|Microsoft.Owin.Host.HttpListener.OwinHttpListener|IOCompletionCallback
System.ComponentModel.Win32Exception (0x80004005): The specified network name is no longer available
2017-04-11 10:43:47.5852|ERROR|Microsoft.Owin.Host.HttpListener.OwinHttpListener|IOCompletionCallback
System.ComponentModel.Win32Exception (0x80004005): The specified network name is no longer available
2017-04-11 10:43:47.5852|ERROR|Microsoft.Owin.Host.HttpListener.OwinHttpListener|IOCompletionCallback
System.ComponentModel.Win32Exception (0x80004005): The specified network name is no longer available
2017-04-11 10:44:07.5882|ERROR|Microsoft.Owin.Host.HttpListener.OwinHttpListener|IOCompletionCallback
System.ComponentModel.Win32Exception (0x80004005): The specified network name is no longer available
2017-04-11 11:29:47.9064|ERROR|Microsoft.Owin.Host.HttpListener.OwinHttpListener|IOCompletionCallback
System.ComponentModel.Win32Exception (0x80004005): The specified network name is no longer available
2017-04-11 11:29:47.9064|ERROR|Microsoft.Owin.Host.HttpListener.OwinHttpListener|IOCompletionCallback
System.ComponentModel.Win32Exception (0x80004005): The specified network name is no longer available
2017-04-11 11:29:47.9064|ERROR|Microsoft.Owin.Host.HttpListener.OwinHttpListener|IOCompletionCallback
System.ComponentModel.Win32Exception (0x80004005): The specified network name is no longer available
2017-04-11 11:29:52.9095|ERROR|Microsoft.Owin.Host.HttpListener.OwinHttpListener|IOCompletionCallback
System.ComponentModel.Win32Exception (0x80004005): The specified network name is no longer available
2017-04-11 11:29:57.8961|ERROR|Microsoft.Owin.Host.HttpListener.OwinHttpListener|IOCompletionCallback
System.ComponentModel.Win32Exception (0x80004005): The specified network name is no longer available
2017-04-11 11:29:57.8961|ERROR|Microsoft.Owin.Host.HttpListener.OwinHttpListener|IOCompletionCallback
System.ComponentModel.Win32Exception (0x80004005): The specified network name is no longer available
2017-04-11 11:33:27.9132|ERROR|Microsoft.Owin.Host.HttpListener.OwinHttpListener|IOCompletionCallback
System.ComponentModel.Win32Exception (0x80004005): The specified network name is no longer available
2017-04-11 11:33:27.9132|ERROR|Microsoft.Owin.Host.HttpListener.OwinHttpListener|IOCompletionCallback
System.ComponentModel.Win32Exception (0x80004005): The specified network name is no longer available
2017-04-11 11:33:32.9133|ERROR|Microsoft.Owin.Host.HttpListener.OwinHttpListener|IOCompletionCallback
System.ComponentModel.Win32Exception (0x80004005): The specified network name is no longer available
2017-04-11 11:33:32.9133|ERROR|Microsoft.Owin.Host.HttpListener.OwinHttpListener|IOCompletionCallback
System.ComponentModel.Win32Exception (0x80004005): The specified network name is no longer available
2017-04-11 11:33:32.9133|ERROR|Microsoft.Owin.Host.HttpListener.OwinHttpListener|IOCompletionCallback
System.ComponentModel.Win32Exception (0x80004005): The specified network name is no longer available
2017-04-11 11:33:32.9133|ERROR|Microsoft.Owin.Host.HttpListener.OwinHttpListener|IOCompletionCallback
System.ComponentModel.Win32Exception (0x80004005): The specified network name is no longer available
2017-04-11 11:52:23.0247|ERROR|Microsoft.Owin.Host.HttpListener.OwinHttpListener|IOCompletionCallback
System.ComponentModel.Win32Exception (0x80004005): The specified network name is no longer available
2017-04-11 11:52:23.0247|ERROR|Microsoft.Owin.Host.HttpListener.OwinHttpListener|IOCompletionCallback
System.ComponentModel.Win32Exception (0x80004005): The specified network name is no longer available
2017-04-11 11:52:23.0247|ERROR|Microsoft.Owin.Host.HttpListener.OwinHttpListener|IOCompletionCallback
System.ComponentModel.Win32Exception (0x80004005): The specified network name is no longer available
2017-04-11 11:52:28.0296|ERROR|Microsoft.Owin.Host.HttpListener.OwinHttpListener|IOCompletionCallback
System.ComponentModel.Win32Exception (0x80004005): The specified network name is no longer available
2017-04-11 11:52:38.0259|ERROR|Microsoft.Owin.Host.HttpListener.OwinHttpListener|IOCompletionCallback
System.ComponentModel.Win32Exception (0x80004005): The specified network name is no longer available
2017-04-11 11:52:38.0259|ERROR|Microsoft.Owin.Host.HttpListener.OwinHttpListener|IOCompletionCallback
System.ComponentModel.Win32Exception (0x80004005): The specified network name is no longer available
2017-04-11 12:10:53.1494|ERROR|Microsoft.Owin.Host.HttpListener.OwinHttpListener|IOCompletionCallback
System.ComponentModel.Win32Exception (0x80004005): The specified network name is no longer available
2017-04-11 12:11:13.1539|ERROR|Microsoft.Owin.Host.HttpListener.OwinHttpListener|IOCompletionCallback
System.ComponentModel.Win32Exception (0x80004005): The specified network name is no longer available
2017-04-11 12:11:13.1539|ERROR|Microsoft.Owin.Host.HttpListener.OwinHttpListener|IOCompletionCallback
System.ComponentModel.Win32Exception (0x80004005): The specified network name is no longer available
2017-04-11 12:11:13.1539|ERROR|Microsoft.Owin.Host.HttpListener.OwinHttpListener|IOCompletionCallback
System.ComponentModel.Win32Exception (0x80004005): The specified network name is no longer available
2017-04-11 12:17:18.1981|ERROR|Microsoft.Owin.Host.HttpListener.OwinHttpListener|IOCompletionCallback
System.ComponentModel.Win32Exception (0x80004005): The specified network name is no longer available
2017-04-11 12:17:18.1981|ERROR|Microsoft.Owin.Host.HttpListener.OwinHttpListener|IOCompletionCallback
System.ComponentModel.Win32Exception (0x80004005): The specified network name is no longer available
2017-04-11 12:17:23.2005|ERROR|Microsoft.Owin.Host.HttpListener.OwinHttpListener|IOCompletionCallback
System.ComponentModel.Win32Exception (0x80004005): The specified network name is no longer available
2017-04-11 12:17:23.2005|ERROR|Microsoft.Owin.Host.HttpListener.OwinHttpListener|IOCompletionCallback
System.ComponentModel.Win32Exception (0x80004005): The specified network name is no longer available
2017-04-11 12:17:28.1984|ERROR|Microsoft.Owin.Host.HttpListener.OwinHttpListener|IOCompletionCallback
System.ComponentModel.Win32Exception (0x80004005): The specified network name is no longer available
2017-04-11 12:17:28.1984|ERROR|Microsoft.Owin.Host.HttpListener.OwinHttpListener|IOCompletionCallback
System.ComponentModel.Win32Exception (0x80004005): The specified network name is no longer available
2017-04-11 12:19:58.2141|ERROR|Microsoft.Owin.Host.HttpListener.OwinHttpListener|IOCompletionCallback
System.ComponentModel.Win32Exception (0x80004005): The specified network name is no longer available
2017-04-11 12:19:58.2141|ERROR|Microsoft.Owin.Host.HttpListener.OwinHttpListener|IOCompletionCallback
System.ComponentModel.Win32Exception (0x80004005): The specified network name is no longer available
2017-04-11 12:19:58.2141|ERROR|Microsoft.Owin.Host.HttpListener.OwinHttpListener|IOCompletionCallback
System.ComponentModel.Win32Exception (0x80004005): The specified network name is no longer available
2017-04-11 12:22:23.2376|ERROR|Microsoft.Owin.Host.HttpListener.OwinHttpListener|IOCompletionCallback
System.ComponentModel.Win32Exception (0x80004005): The specified network name is no longer available
2017-04-11 12:22:43.2385|ERROR|Microsoft.Owin.Host.HttpListener.OwinHttpListener|IOCompletionCallback
System.ComponentModel.Win32Exception (0x80004005): The specified network name is no longer available
2017-04-11 12:22:43.2385|ERROR|Microsoft.Owin.Host.HttpListener.OwinHttpListener|IOCompletionCallback
System.ComponentModel.Win32Exception (0x80004005): The specified network name is no longer available
2017-04-11 12:22:43.2385|ERROR|Microsoft.Owin.Host.HttpListener.OwinHttpListener|IOCompletionCallback
System.ComponentModel.Win32Exception (0x80004005): The specified network name is no longer available
2017-04-11 12:24:33.2505|ERROR|Microsoft.Owin.Host.HttpListener.OwinHttpListener|IOCompletionCallback
System.ComponentModel.Win32Exception (0x80004005): The specified network name is no longer available
2017-04-11 12:24:33.2525|ERROR|Microsoft.Owin.Host.HttpListener.OwinHttpListener|IOCompletionCallback
System.ComponentModel.Win32Exception (0x80004005): The specified network name is no longer available
2017-04-11 12:30:28.3022|ERROR|Microsoft.Owin.Host.HttpListener.OwinHttpListener|IOCompletionCallback
System.ComponentModel.Win32Exception (0x80004005): The specified network name is no longer available
2017-04-11 12:30:28.3022|ERROR|Microsoft.Owin.Host.HttpListener.OwinHttpListener|IOCompletionCallback
System.ComponentModel.Win32Exception (0x80004005): The specified network name is no longer available
2017-04-11 12:30:28.3022|ERROR|Microsoft.Owin.Host.HttpListener.OwinHttpListener|IOCompletionCallback
System.ComponentModel.Win32Exception (0x80004005): The specified network name is no longer available
2017-04-11 12:30:33.3041|ERROR|Microsoft.Owin.Host.HttpListener.OwinHttpListener|IOCompletionCallback
System.ComponentModel.Win32Exception (0x80004005): The specified network name is no longer available
2017-04-11 12:30:53.3071|ERROR|Microsoft.Owin.Host.HttpListener.OwinHttpListener|IOCompletionCallback
System.ComponentModel.Win32Exception (0x80004005): The specified network name is no longer available
2017-04-11 12:30:53.3071|ERROR|Microsoft.Owin.Host.HttpListener.OwinHttpListener|IOCompletionCallback
System.ComponentModel.Win32Exception (0x80004005): The specified network name is no longer available
2017-04-11 12:42:38.3922|ERROR|Microsoft.Owin.Host.HttpListener.OwinHttpListener|IOCompletionCallback
System.ComponentModel.Win32Exception (0x80004005): The specified network name is no longer available
2017-04-11 12:42:38.3922|ERROR|Microsoft.Owin.Host.HttpListener.OwinHttpListener|IOCompletionCallback
System.ComponentModel.Win32Exception (0x80004005): The specified network name is no longer available
2017-04-11 12:42:43.3899|ERROR|Microsoft.Owin.Host.HttpListener.OwinHttpListener|IOCompletionCallback
System.ComponentModel.Win32Exception (0x80004005): The specified network name is no longer available
2017-04-11 12:42:43.3899|ERROR|Microsoft.Owin.Host.HttpListener.OwinHttpListener|IOCompletionCallback
System.ComponentModel.Win32Exception (0x80004005): The specified network name is no longer available
2017-04-11 12:42:43.3899|ERROR|Microsoft.Owin.Host.HttpListener.OwinHttpListener|IOCompletionCallback
System.ComponentModel.Win32Exception (0x80004005): The specified network name is no longer available
2017-04-11 12:42:43.3899|ERROR|Microsoft.Owin.Host.HttpListener.OwinHttpListener|IOCompletionCallback
System.ComponentModel.Win32Exception (0x80004005): The specified network name is no longer available
2017-04-11 12:46:28.4100|ERROR|Microsoft.Owin.Host.HttpListener.OwinHttpListener|IOCompletionCallback
System.ComponentModel.Win32Exception (0x80004005): The specified network name is no longer available
2017-04-11 12:46:33.4105|ERROR|Microsoft.Owin.Host.HttpListener.OwinHttpListener|IOCompletionCallback
System.ComponentModel.Win32Exception (0x80004005): The specified network name is no longer available
2017-04-11 12:46:33.4105|ERROR|Microsoft.Owin.Host.HttpListener.OwinHttpListener|IOCompletionCallback
System.ComponentModel.Win32Exception (0x80004005): The specified network name is no longer available
2017-04-11 12:46:33.4105|ERROR|Microsoft.Owin.Host.HttpListener.OwinHttpListener|IOCompletionCallback
System.ComponentModel.Win32Exception (0x80004005): The specified network name is no longer available
2017-04-11 12:46:48.4127|ERROR|Microsoft.Owin.Host.HttpListener.OwinHttpListener|IOCompletionCallback
System.ComponentModel.Win32Exception (0x80004005): The specified network name is no longer available
2017-04-11 12:46:48.4197|ERROR|Microsoft.Owin.Host.HttpListener.OwinHttpListener|IOCompletionCallback
System.ComponentModel.Win32Exception (0x80004005): The specified network name is no longer available
2017-04-11 13:23:18.6851|ERROR|Microsoft.Owin.Host.HttpListener.OwinHttpListener|IOCompletionCallback
System.ComponentModel.Win32Exception (0x80004005): The specified network name is no longer available
2017-04-11 13:23:18.6851|ERROR|Microsoft.Owin.Host.HttpListener.OwinHttpListener|IOCompletionCallback
System.ComponentModel.Win32Exception (0x80004005): The specified network name is no longer available
2017-04-11 13:23:18.6851|ERROR|Microsoft.Owin.Host.HttpListener.OwinHttpListener|IOCompletionCallback
System.ComponentModel.Win32Exception (0x80004005): The specified network name is no longer available
2017-04-11 13:23:18.6851|ERROR|Microsoft.Owin.Host.HttpListener.OwinHttpListener|IOCompletionCallback
System.ComponentModel.Win32Exception (0x80004005): The specified network name is no longer available
2017-04-11 13:29:48.7211|ERROR|Microsoft.Owin.Host.HttpListener.OwinHttpListener|IOCompletionCallback
System.ComponentModel.Win32Exception (0x80004005): The specified network name is no longer available
2017-04-11 13:29:48.7211|ERROR|Microsoft.Owin.Host.HttpListener.OwinHttpListener|IOCompletionCallback
System.ComponentModel.Win32Exception (0x80004005): The specified network name is no longer available
2017-04-11 13:29:48.7211|ERROR|Microsoft.Owin.Host.HttpListener.OwinHttpListener|IOCompletionCallback
System.ComponentModel.Win32Exception (0x80004005): The specified network name is no longer available
2017-04-11 13:29:48.7211|ERROR|Microsoft.Owin.Host.HttpListener.OwinHttpListener|IOCompletionCallback
System.ComponentModel.Win32Exception (0x80004005): The specified network name is no longer available
2017-04-11 13:29:53.7160|ERROR|Microsoft.Owin.Host.HttpListener.OwinHttpListener|IOCompletionCallback
System.ComponentModel.Win32Exception (0x80004005): The specified network name is no longer available
2017-04-11 13:30:13.7176|ERROR|Microsoft.Owin.Host.HttpListener.OwinHttpListener|IOCompletionCallback
System.ComponentModel.Win32Exception (0x80004005): The specified network name is no longer available
2017-04-11 13:32:53.7349|ERROR|Microsoft.Owin.Host.HttpListener.OwinHttpListener|IOCompletionCallback
System.ComponentModel.Win32Exception (0x80004005): The specified network name is no longer available
2017-04-11 13:32:53.7459|ERROR|Microsoft.Owin.Host.HttpListener.OwinHttpListener|IOCompletionCallback
System.ComponentModel.Win32Exception (0x80004005): The specified network name is no longer available
2017-04-11 13:32:53.7459|ERROR|Microsoft.Owin.Host.HttpListener.OwinHttpListener|IOCompletionCallback
System.ComponentModel.Win32Exception (0x80004005): The specified network name is no longer available
2017-04-11 13:32:53.7459|ERROR|Microsoft.Owin.Host.HttpListener.OwinHttpListener|IOCompletionCallback
System.ComponentModel.Win32Exception (0x80004005): The specified network name is no longer available
2017-04-11 13:33:17.5092|ERROR|Microsoft.Owin.Host.HttpListener.OwinHttpListener|IOCompletionCallback
System.ComponentModel.Win32Exception (0x80004005): The specified network name is no longer available
2017-04-11 13:36:58.7575|ERROR|Microsoft.Owin.Host.HttpListener.OwinHttpListener|IOCompletionCallback
System.ComponentModel.Win32Exception (0x80004005): The specified network name is no longer available
2017-04-11 13:36:58.7575|ERROR|Microsoft.Owin.Host.HttpListener.OwinHttpListener|IOCompletionCallback
System.ComponentModel.Win32Exception (0x80004005): The specified network name is no longer available
2017-04-11 13:36:58.7575|ERROR|Microsoft.Owin.Host.HttpListener.OwinHttpListener|IOCompletionCallback
System.ComponentModel.Win32Exception (0x80004005): The specified network name is no longer available
2017-04-11 13:36:58.7575|ERROR|Microsoft.Owin.Host.HttpListener.OwinHttpListener|IOCompletionCallback
System.ComponentModel.Win32Exception (0x80004005): The specified network name is no longer available
2017-04-11 13:37:28.7611|ERROR|Microsoft.Owin.Host.HttpListener.OwinHttpListener|IOCompletionCallback
System.ComponentModel.Win32Exception (0x80004005): The specified network name is no longer available
2017-04-11 13:37:58.7661|ERROR|Microsoft.Owin.Host.HttpListener.OwinHttpListener|IOCompletionCallback
System.ComponentModel.Win32Exception (0x80004005): The specified network name is no longer available
2017-04-11 13:41:03.7842|ERROR|Microsoft.Owin.Host.HttpListener.OwinHttpListener|IOCompletionCallback
System.ComponentModel.Win32Exception (0x80004005): The specified network name is no longer available
2017-04-11 13:41:03.7842|ERROR|Microsoft.Owin.Host.HttpListener.OwinHttpListener|IOCompletionCallback
System.ComponentModel.Win32Exception (0x80004005): The specified network name is no longer available
2017-04-11 13:45:58.8213|ERROR|Microsoft.Owin.Host.HttpListener.OwinHttpListener|IOCompletionCallback
System.ComponentModel.Win32Exception (0x80004005): The specified network name is no longer available
2017-04-11 13:45:58.8213|ERROR|Microsoft.Owin.Host.HttpListener.OwinHttpListener|IOCompletionCallback
System.ComponentModel.Win32Exception (0x80004005): The specified network name is no longer available
2017-04-11 13:47:13.8395|ERROR|Microsoft.Owin.Host.HttpListener.OwinHttpListener|IOCompletionCallback
System.ComponentModel.Win32Exception (0x80004005): The specified network name is no longer available
2017-04-11 13:47:13.8395|ERROR|Microsoft.Owin.Host.HttpListener.OwinHttpListener|IOCompletionCallback
System.ComponentModel.Win32Exception (0x80004005): The specified network name is no longer available
2017-04-11 13:49:28.8585|ERROR|Microsoft.Owin.Host.HttpListener.OwinHttpListener|IOCompletionCallback
System.ComponentModel.Win32Exception (0x80004005): The specified network name is no longer available
2017-04-11 13:49:28.8835|ERROR|Microsoft.Owin.Host.HttpListener.OwinHttpListener|IOCompletionCallback
System.ComponentModel.Win32Exception (0x80004005): The specified network name is no longer available
2017-04-11 13:49:28.8835|ERROR|Microsoft.Owin.Host.HttpListener.OwinHttpListener|IOCompletionCallback
System.ComponentModel.Win32Exception (0x80004005): The specified network name is no longer available
2017-04-11 13:50:13.8628|ERROR|Microsoft.Owin.Host.HttpListener.OwinHttpListener|IOCompletionCallback
System.ComponentModel.Win32Exception (0x80004005): The specified network name is no longer available
2017-04-11 13:50:18.8628|ERROR|Microsoft.Owin.Host.HttpListener.OwinHttpListener|IOCompletionCallback
System.ComponentModel.Win32Exception (0x80004005): The specified network name is no longer available
2017-04-11 13:50:18.8628|ERROR|Microsoft.Owin.Host.HttpListener.OwinHttpListener|IOCompletionCallback
System.ComponentModel.Win32Exception (0x80004005): The specified network name is no longer available
2017-04-11 13:56:08.9407|ERROR|Microsoft.Owin.Host.HttpListener.OwinHttpListener|IOCompletionCallback
System.ComponentModel.Win32Exception (0x80004005): The specified network name is no longer available
2017-04-11 13:56:08.9407|ERROR|Microsoft.Owin.Host.HttpListener.OwinHttpListener|IOCompletionCallback
System.ComponentModel.Win32Exception (0x80004005): The specified network name is no longer available
2017-04-11 14:03:19.0108|ERROR|Microsoft.Owin.Host.HttpListener.OwinHttpListener|IOCompletionCallback
System.ComponentModel.Win32Exception (0x80004005): The specified network name is no longer available
2017-04-11 14:03:24.0110|ERROR|Microsoft.Owin.Host.HttpListener.OwinHttpListener|IOCompletionCallback
System.ComponentModel.Win32Exception (0x80004005): The specified network name is no longer available
2017-04-11 14:03:24.0110|ERROR|Microsoft.Owin.Host.HttpListener.OwinHttpListener|IOCompletionCallback
System.ComponentModel.Win32Exception (0x80004005): The specified network name is no longer available
2017-04-11 14:03:24.0130|ERROR|Microsoft.Owin.Host.HttpListener.OwinHttpListener|IOCompletionCallback
System.ComponentModel.Win32Exception (0x80004005): The specified network name is no longer available
2017-04-11 14:07:29.0211|ERROR|Microsoft.Owin.Host.HttpListener.OwinHttpListener|IOCompletionCallback
System.ComponentModel.Win32Exception (0x80004005): The specified network name is no longer available
2017-04-11 14:07:29.0211|ERROR|Microsoft.Owin.Host.HttpListener.OwinHttpListener|IOCompletionCallback
System.ComponentModel.Win32Exception (0x80004005): The specified network name is no longer available
2017-04-11 14:07:29.0211|ERROR|Microsoft.Owin.Host.HttpListener.OwinHttpListener|IOCompletionCallback
System.ComponentModel.Win32Exception (0x80004005): The specified network name is no longer available
2017-04-11 14:07:29.0211|ERROR|Microsoft.Owin.Host.HttpListener.OwinHttpListener|IOCompletionCallback
System.ComponentModel.Win32Exception (0x80004005): The specified network name is no longer available
2017-04-11 14:07:29.0211|ERROR|Microsoft.Owin.Host.HttpListener.OwinHttpListener|IOCompletionCallback
System.ComponentModel.Win32Exception (0x80004005): The specified network name is no longer available
2017-04-11 14:07:29.0211|ERROR|Microsoft.Owin.Host.HttpListener.OwinHttpListener|IOCompletionCallback
System.ComponentModel.Win32Exception (0x80004005): The specified network name is no longer available
2017-04-11 14:17:01.2870|ERROR|Microsoft.Owin.Host.HttpListener.OwinHttpListener|Exception during request processing.
System.OperationCanceledException: The operation was canceled.
   at System.Threading.CancellationToken.ThrowOperationCanceledException()
   at System.Web.Http.Owin.HttpMessageHandlerAdapter.<BufferResponseContentAsync>d__13.MoveNext()
--- End of stack trace from previous location where exception was thrown ---
   at System.Runtime.ExceptionServices.ExceptionDispatchInfo.Throw()
   at System.Runtime.CompilerServices.TaskAwaiter.ThrowForNonSuccess(Task task)
   at System.Runtime.CompilerServices.TaskAwaiter.HandleNonSuccessAndDebuggerNotification(Task task)
   at System.Web.Http.Owin.HttpMessageHandlerAdapter.<InvokeCore>d__0.MoveNext()
--- End of stack trace from previous location where exception was thrown ---
   at System.Runtime.ExceptionServices.ExceptionDispatchInfo.Throw()
   at System.Runtime.CompilerServices.TaskAwaiter.ThrowForNonSuccess(Task task)
   at System.Runtime.CompilerServices.TaskAwaiter.HandleNonSuccessAndDebuggerNotification(Task task)
   at Owin.AutofacAppBuilderExtensions.<>c__DisplayClass8_0.<<RegisterAutofacLifetimeScopeInjector>b__0>d.MoveNext()
--- End of stack trace from previous location where exception was thrown ---
   at System.Runtime.ExceptionServices.ExceptionDispatchInfo.Throw()
   at System.Runtime.CompilerServices.TaskAwaiter.ThrowForNonSuccess(Task task)
   at System.Runtime.CompilerServices.TaskAwaiter.HandleNonSuccessAndDebuggerNotification(Task task)
   at Microsoft.Owin.Host.HttpListener.OwinHttpListener.<ProcessRequestAsync>d__5.MoveNext()
2017-04-11 14:17:01.3236|ERROR|Microsoft.Owin.Host.HttpListener.OwinHttpListener|Exception during request processing.
System.AggregateException: One or more errors occurred. ---> System.Threading.Tasks.TaskCanceledException: A task was canceled.
   --- End of inner exception stack trace ---
   at System.Threading.Tasks.Task.ThrowIfExceptional(Boolean includeTaskCanceledExceptions)
   at System.Threading.Tasks.Task.Wait(Int32 millisecondsTimeout, CancellationToken cancellationToken)
   at Microsoft.Owin.StaticFiles.SendFileMiddleware.SendFileWrapper.<>c__DisplayClass2.<SendAsync>b__0(Task resultTask)
   at System.Threading.Tasks.ContinuationTaskFromTask.InnerInvoke()
   at System.Threading.Tasks.Task.Execute()
--- End of stack trace from previous location where exception was thrown ---
   at System.Runtime.CompilerServices.TaskAwaiter.ThrowForNonSuccess(Task task)
   at System.Runtime.CompilerServices.TaskAwaiter.HandleNonSuccessAndDebuggerNotification(Task task)
   at Microsoft.Owin.Host.HttpListener.OwinHttpListener.<ProcessRequestAsync>d__5.MoveNext()
---> (Inner Exception #0) System.Threading.Tasks.TaskCanceledException: A task was canceled.<---

2017-04-11 14:17:01.3336|ERROR|Microsoft.Owin.Host.HttpListener.OwinHttpListener|Exception during request processing.
System.AggregateException: One or more errors occurred. ---> System.Threading.Tasks.TaskCanceledException: A task was canceled.
   --- End of inner exception stack trace ---
   at System.Threading.Tasks.Task.ThrowIfExceptional(Boolean includeTaskCanceledExceptions)
   at System.Threading.Tasks.Task.Wait(Int32 millisecondsTimeout, CancellationToken cancellationToken)
   at Microsoft.Owin.StaticFiles.SendFileMiddleware.SendFileWrapper.<>c__DisplayClass2.<SendAsync>b__0(Task resultTask)
   at System.Threading.Tasks.ContinuationTaskFromTask.InnerInvoke()
   at System.Threading.Tasks.Task.Execute()
--- End of stack trace from previous location where exception was thrown ---
   at System.Runtime.CompilerServices.TaskAwaiter.ThrowForNonSuccess(Task task)
   at System.Runtime.CompilerServices.TaskAwaiter.HandleNonSuccessAndDebuggerNotification(Task task)
   at Microsoft.Owin.Host.HttpListener.OwinHttpListener.<ProcessRequestAsync>d__5.MoveNext()
---> (Inner Exception #0) System.Threading.Tasks.TaskCanceledException: A task was canceled.<---

2017-04-11 14:22:14.1528|ERROR|Microsoft.Owin.Host.HttpListener.OwinHttpListener|IOCompletionCallback
System.ComponentModel.Win32Exception (0x80004005): The specified network name is no longer available
2017-04-11 14:22:14.1528|ERROR|Microsoft.Owin.Host.HttpListener.OwinHttpListener|IOCompletionCallback
System.ComponentModel.Win32Exception (0x80004005): The specified network name is no longer available
2017-04-11 14:22:14.1528|ERROR|Microsoft.Owin.Host.HttpListener.OwinHttpListener|IOCompletionCallback
System.ComponentModel.Win32Exception (0x80004005): The specified network name is no longer available
2017-04-11 14:22:19.1530|ERROR|Microsoft.Owin.Host.HttpListener.OwinHttpListener|IOCompletionCallback
System.ComponentModel.Win32Exception (0x80004005): The specified network name is no longer available
2017-04-11 14:22:19.1782|ERROR|Microsoft.Owin.Host.HttpListener.OwinHttpListener|IOCompletionCallback
System.ComponentModel.Win32Exception (0x80004005): The specified network name is no longer available
2017-04-11 14:22:19.1530|ERROR|Microsoft.Owin.Host.HttpListener.OwinHttpListener|IOCompletionCallback
System.ComponentModel.Win32Exception (0x80004005): The specified network name is no longer available
2017-04-11 14:32:19.2168|ERROR|Microsoft.Owin.Host.HttpListener.OwinHttpListener|IOCompletionCallback
System.ComponentModel.Win32Exception (0x80004005): The specified network name is no longer available
2017-04-11 14:32:19.2168|ERROR|Microsoft.Owin.Host.HttpListener.OwinHttpListener|IOCompletionCallback
System.ComponentModel.Win32Exception (0x80004005): The specified network name is no longer available
2017-04-11 14:32:19.2453|ERROR|Microsoft.Owin.Host.HttpListener.OwinHttpListener|IOCompletionCallback
System.ComponentModel.Win32Exception (0x80004005): The specified network name is no longer available
2017-04-11 14:32:19.2453|ERROR|Microsoft.Owin.Host.HttpListener.OwinHttpListener|IOCompletionCallback
System.ComponentModel.Win32Exception (0x80004005): The specified network name is no longer available
2017-04-11 14:32:24.2177|ERROR|Microsoft.Owin.Host.HttpListener.OwinHttpListener|IOCompletionCallback
System.ComponentModel.Win32Exception (0x80004005): The specified network name is no longer available
2017-04-11 14:32:24.2177|ERROR|Microsoft.Owin.Host.HttpListener.OwinHttpListener|IOCompletionCallback
System.ComponentModel.Win32Exception (0x80004005): The specified network name is no longer available
2017-04-11 14:44:19.2908|ERROR|Microsoft.Owin.Host.HttpListener.OwinHttpListener|IOCompletionCallback
System.ComponentModel.Win32Exception (0x80004005): The specified network name is no longer available
2017-04-11 14:44:19.2908|ERROR|Microsoft.Owin.Host.HttpListener.OwinHttpListener|IOCompletionCallback
System.ComponentModel.Win32Exception (0x80004005): The specified network name is no longer available
2017-04-11 14:44:19.2908|ERROR|Microsoft.Owin.Host.HttpListener.OwinHttpListener|IOCompletionCallback
System.ComponentModel.Win32Exception (0x80004005): The specified network name is no longer available
2017-04-11 14:44:19.2908|ERROR|Microsoft.Owin.Host.HttpListener.OwinHttpListener|IOCompletionCallback
System.ComponentModel.Win32Exception (0x80004005): The specified network name is no longer available
2017-04-11 14:44:19.2908|ERROR|Microsoft.Owin.Host.HttpListener.OwinHttpListener|IOCompletionCallback
System.ComponentModel.Win32Exception (0x80004005): The specified network name is no longer available
2017-04-11 14:46:09.3054|ERROR|Microsoft.Owin.Host.HttpListener.OwinHttpListener|IOCompletionCallback
System.ComponentModel.Win32Exception (0x80004005): The specified network name is no longer available
2017-04-11 14:49:09.3265|ERROR|Microsoft.Owin.Host.HttpListener.OwinHttpListener|IOCompletionCallback
System.ComponentModel.Win32Exception (0x80004005): The specified network name is no longer available
2017-04-11 14:49:09.3265|ERROR|Microsoft.Owin.Host.HttpListener.OwinHttpListener|IOCompletionCallback
System.ComponentModel.Win32Exception (0x80004005): The specified network name is no longer available
2017-04-11 15:02:19.4403|ERROR|Microsoft.Owin.Host.HttpListener.OwinHttpListener|IOCompletionCallback
System.ComponentModel.Win32Exception (0x80004005): The specified network name is no longer available
2017-04-11 15:02:19.4563|ERROR|Microsoft.Owin.Host.HttpListener.OwinHttpListener|IOCompletionCallback
System.ComponentModel.Win32Exception (0x80004005): The specified network name is no longer available
2017-04-11 15:02:19.4563|ERROR|Microsoft.Owin.Host.HttpListener.OwinHttpListener|IOCompletionCallback
System.ComponentModel.Win32Exception (0x80004005): The specified network name is no longer available
2017-04-11 15:02:19.4563|ERROR|Microsoft.Owin.Host.HttpListener.OwinHttpListener|IOCompletionCallback
System.ComponentModel.Win32Exception (0x80004005): The specified network name is no longer available
2017-04-11 15:02:24.4397|ERROR|Microsoft.Owin.Host.HttpListener.OwinHttpListener|IOCompletionCallback
System.ComponentModel.Win32Exception (0x80004005): The specified network name is no longer available
2017-04-11 15:07:14.2904|ERROR|Cafe2u.Application.WebApi.Helpers.NlogExceptionLogger|Request: http://localhost:12345/api/Users/UnassignUser
Unhandled exception: System.NullReferenceException: Object reference not set to an instance of an object.
   at Cafe2u.Application.BLL.Services.UsersService.UnassignUser(Int32 userId) in C:\work\DIPLOMA\Cafe2u\Cafe2u.Application.BLL\Services\UsersService.cs:line 116
   at Cafe2u.Application.WebApi.Contollers.UsersController.UnassignUserFromFranchisee(Int32 id) in C:\work\DIPLOMA\Cafe2u\Cafe2u.Application.WebApi\Contollers\UsersController.cs:line 74
   at lambda_method(Closure , Object , Object[] )
   at System.Web.Http.Controllers.ReflectedHttpActionDescriptor.ActionExecutor.<>c__DisplayClassc.<GetExecutor>b__6(Object instance, Object[] methodParameters)
   at System.Web.Http.Controllers.ReflectedHttpActionDescriptor.ActionExecutor.Execute(Object instance, Object[] arguments)
   at System.Web.Http.Controllers.ReflectedHttpActionDescriptor.ExecuteAsync(HttpControllerContext controllerContext, IDictionary`2 arguments, CancellationToken cancellationToken)
--- End of stack trace from previous location where exception was thrown ---
   at System.Runtime.CompilerServices.TaskAwaiter.ThrowForNonSuccess(Task task)
   at System.Runtime.CompilerServices.TaskAwaiter.HandleNonSuccessAndDebuggerNotification(Task task)
   at System.Web.Http.Controllers.ApiControllerActionInvoker.<InvokeActionAsyncCore>d__0.MoveNext()
--- End of stack trace from previous location where exception was thrown ---
   at System.Runtime.CompilerServices.TaskAwaiter.ThrowForNonSuccess(Task task)
   at System.Runtime.CompilerServices.TaskAwaiter.HandleNonSuccessAndDebuggerNotification(Task task)
   at System.Web.Http.Controllers.ActionFilterResult.<ExecuteAsync>d__2.MoveNext()
--- End of stack trace from previous location where exception was thrown ---
   at System.Runtime.CompilerServices.TaskAwaiter.ThrowForNonSuccess(Task task)
   at System.Runtime.CompilerServices.TaskAwaiter.HandleNonSuccessAndDebuggerNotification(Task task)
   at System.Web.Http.Dispatcher.HttpControllerDispatcher.<SendAsync>d__1.MoveNext()
2017-04-11 15:07:14.2904|ERROR|Cafe2u.Application.WebApi.Helpers.NlogExceptionLogger|Request: http://localhost:12345/api/Users/UnassignUser
Unhandled exception: System.NullReferenceException: Object reference not set to an instance of an object.
   at Cafe2u.Application.BLL.Services.UsersService.UnassignUser(Int32 userId) in C:\work\DIPLOMA\Cafe2u\Cafe2u.Application.BLL\Services\UsersService.cs:line 116
   at Cafe2u.Application.WebApi.Contollers.UsersController.UnassignUserFromFranchisee(Int32 id) in C:\work\DIPLOMA\Cafe2u\Cafe2u.Application.WebApi\Contollers\UsersController.cs:line 74
   at lambda_method(Closure , Object , Object[] )
   at System.Web.Http.Controllers.ReflectedHttpActionDescriptor.ActionExecutor.<>c__DisplayClassc.<GetExecutor>b__6(Object instance, Object[] methodParameters)
   at System.Web.Http.Controllers.ReflectedHttpActionDescriptor.ActionExecutor.Execute(Object instance, Object[] arguments)
   at System.Web.Http.Controllers.ReflectedHttpActionDescriptor.ExecuteAsync(HttpControllerContext controllerContext, IDictionary`2 arguments, CancellationToken cancellationToken)
--- End of stack trace from previous location where exception was thrown ---
   at System.Runtime.CompilerServices.TaskAwaiter.ThrowForNonSuccess(Task task)
   at System.Runtime.CompilerServices.TaskAwaiter.HandleNonSuccessAndDebuggerNotification(Task task)
   at System.Web.Http.Controllers.ApiControllerActionInvoker.<InvokeActionAsyncCore>d__0.MoveNext()
--- End of stack trace from previous location where exception was thrown ---
   at System.Runtime.CompilerServices.TaskAwaiter.ThrowForNonSuccess(Task task)
   at System.Runtime.CompilerServices.TaskAwaiter.HandleNonSuccessAndDebuggerNotification(Task task)
   at System.Web.Http.Controllers.ActionFilterResult.<ExecuteAsync>d__2.MoveNext()
--- End of stack trace from previous location where exception was thrown ---
   at System.Runtime.CompilerServices.TaskAwaiter.ThrowForNonSuccess(Task task)
   at System.Runtime.CompilerServices.TaskAwaiter.HandleNonSuccessAndDebuggerNotification(Task task)
   at System.Web.Http.Dispatcher.HttpControllerDispatcher.<SendAsync>d__1.MoveNext()
2017-04-11 15:07:14.2904|ERROR|Cafe2u.Application.WebApi.Helpers.NlogExceptionLogger|Request: http://localhost:12345/api/Users/UnassignUser
Unhandled exception: System.NullReferenceException: Object reference not set to an instance of an object.
   at Cafe2u.Application.BLL.Services.UsersService.UnassignUser(Int32 userId) in C:\work\DIPLOMA\Cafe2u\Cafe2u.Application.BLL\Services\UsersService.cs:line 116
   at Cafe2u.Application.WebApi.Contollers.UsersController.UnassignUserFromFranchisee(Int32 id) in C:\work\DIPLOMA\Cafe2u\Cafe2u.Application.WebApi\Contollers\UsersController.cs:line 74
   at lambda_method(Closure , Object , Object[] )
   at System.Web.Http.Controllers.ReflectedHttpActionDescriptor.ActionExecutor.<>c__DisplayClassc.<GetExecutor>b__6(Object instance, Object[] methodParameters)
   at System.Web.Http.Controllers.ReflectedHttpActionDescriptor.ActionExecutor.Execute(Object instance, Object[] arguments)
   at System.Web.Http.Controllers.ReflectedHttpActionDescriptor.ExecuteAsync(HttpControllerContext controllerContext, IDictionary`2 arguments, CancellationToken cancellationToken)
--- End of stack trace from previous location where exception was thrown ---
   at System.Runtime.CompilerServices.TaskAwaiter.ThrowForNonSuccess(Task task)
   at System.Runtime.CompilerServices.TaskAwaiter.HandleNonSuccessAndDebuggerNotification(Task task)
   at System.Web.Http.Controllers.ApiControllerActionInvoker.<InvokeActionAsyncCore>d__0.MoveNext()
--- End of stack trace from previous location where exception was thrown ---
   at System.Runtime.CompilerServices.TaskAwaiter.ThrowForNonSuccess(Task task)
   at System.Runtime.CompilerServices.TaskAwaiter.HandleNonSuccessAndDebuggerNotification(Task task)
   at System.Web.Http.Controllers.ActionFilterResult.<ExecuteAsync>d__2.MoveNext()
--- End of stack trace from previous location where exception was thrown ---
   at System.Runtime.CompilerServices.TaskAwaiter.ThrowForNonSuccess(Task task)
   at System.Runtime.CompilerServices.TaskAwaiter.HandleNonSuccessAndDebuggerNotification(Task task)
   at System.Web.Http.Dispatcher.HttpControllerDispatcher.<SendAsync>d__1.MoveNext()
2017-04-11 15:07:14.2904|ERROR|Cafe2u.Application.WebApi.Helpers.NlogExceptionLogger|Request: http://localhost:12345/api/Users/UnassignUser
Unhandled exception: System.NullReferenceException: Object reference not set to an instance of an object.
   at Cafe2u.Application.BLL.Services.UsersService.UnassignUser(Int32 userId) in C:\work\DIPLOMA\Cafe2u\Cafe2u.Application.BLL\Services\UsersService.cs:line 116
   at Cafe2u.Application.WebApi.Contollers.UsersController.UnassignUserFromFranchisee(Int32 id) in C:\work\DIPLOMA\Cafe2u\Cafe2u.Application.WebApi\Contollers\UsersController.cs:line 74
   at lambda_method(Closure , Object , Object[] )
   at System.Web.Http.Controllers.ReflectedHttpActionDescriptor.ActionExecutor.<>c__DisplayClassc.<GetExecutor>b__6(Object instance, Object[] methodParameters)
   at System.Web.Http.Controllers.ReflectedHttpActionDescriptor.ActionExecutor.Execute(Object instance, Object[] arguments)
   at System.Web.Http.Controllers.ReflectedHttpActionDescriptor.ExecuteAsync(HttpControllerContext controllerContext, IDictionary`2 arguments, CancellationToken cancellationToken)
--- End of stack trace from previous location where exception was thrown ---
   at System.Runtime.CompilerServices.TaskAwaiter.ThrowForNonSuccess(Task task)
   at System.Runtime.CompilerServices.TaskAwaiter.HandleNonSuccessAndDebuggerNotification(Task task)
   at System.Web.Http.Controllers.ApiControllerActionInvoker.<InvokeActionAsyncCore>d__0.MoveNext()
--- End of stack trace from previous location where exception was thrown ---
   at System.Runtime.CompilerServices.TaskAwaiter.ThrowForNonSuccess(Task task)
   at System.Runtime.CompilerServices.TaskAwaiter.HandleNonSuccessAndDebuggerNotification(Task task)
   at System.Web.Http.Controllers.ActionFilterResult.<ExecuteAsync>d__2.MoveNext()
--- End of stack trace from previous location where exception was thrown ---
   at System.Runtime.CompilerServices.TaskAwaiter.ThrowForNonSuccess(Task task)
   at System.Runtime.CompilerServices.TaskAwaiter.HandleNonSuccessAndDebuggerNotification(Task task)
   at System.Web.Http.Dispatcher.HttpControllerDispatcher.<SendAsync>d__1.MoveNext()
2017-04-11 15:07:16.2121|ERROR|Cafe2u.Application.WebApi.Helpers.NlogExceptionLogger|Request: http://localhost:12345/api/Users/UnassignUser
Unhandled exception: System.NullReferenceException: Object reference not set to an instance of an object.
   at Cafe2u.Application.BLL.Services.UsersService.UnassignUser(Int32 userId) in C:\work\DIPLOMA\Cafe2u\Cafe2u.Application.BLL\Services\UsersService.cs:line 116
   at Cafe2u.Application.WebApi.Contollers.UsersController.UnassignUserFromFranchisee(Int32 id) in C:\work\DIPLOMA\Cafe2u\Cafe2u.Application.WebApi\Contollers\UsersController.cs:line 74
   at lambda_method(Closure , Object , Object[] )
   at System.Web.Http.Controllers.ReflectedHttpActionDescriptor.ActionExecutor.<>c__DisplayClassc.<GetExecutor>b__6(Object instance, Object[] methodParameters)
   at System.Web.Http.Controllers.ReflectedHttpActionDescriptor.ActionExecutor.Execute(Object instance, Object[] arguments)
   at System.Web.Http.Controllers.ReflectedHttpActionDescriptor.ExecuteAsync(HttpControllerContext controllerContext, IDictionary`2 arguments, CancellationToken cancellationToken)
--- End of stack trace from previous location where exception was thrown ---
   at System.Runtime.CompilerServices.TaskAwaiter.ThrowForNonSuccess(Task task)
   at System.Runtime.CompilerServices.TaskAwaiter.HandleNonSuccessAndDebuggerNotification(Task task)
   at System.Web.Http.Controllers.ApiControllerActionInvoker.<InvokeActionAsyncCore>d__0.MoveNext()
--- End of stack trace from previous location where exception was thrown ---
   at System.Runtime.CompilerServices.TaskAwaiter.ThrowForNonSuccess(Task task)
   at System.Runtime.CompilerServices.TaskAwaiter.HandleNonSuccessAndDebuggerNotification(Task task)
   at System.Web.Http.Controllers.ActionFilterResult.<ExecuteAsync>d__2.MoveNext()
--- End of stack trace from previous location where exception was thrown ---
   at System.Runtime.CompilerServices.TaskAwaiter.ThrowForNonSuccess(Task task)
   at System.Runtime.CompilerServices.TaskAwaiter.HandleNonSuccessAndDebuggerNotification(Task task)
   at System.Web.Http.Dispatcher.HttpControllerDispatcher.<SendAsync>d__1.MoveNext()
2017-04-11 15:07:16.2121|ERROR|Cafe2u.Application.WebApi.Helpers.NlogExceptionLogger|Request: http://localhost:12345/api/Users/UnassignUser
Unhandled exception: System.NullReferenceException: Object reference not set to an instance of an object.
   at Cafe2u.Application.BLL.Services.UsersService.UnassignUser(Int32 userId) in C:\work\DIPLOMA\Cafe2u\Cafe2u.Application.BLL\Services\UsersService.cs:line 116
   at Cafe2u.Application.WebApi.Contollers.UsersController.UnassignUserFromFranchisee(Int32 id) in C:\work\DIPLOMA\Cafe2u\Cafe2u.Application.WebApi\Contollers\UsersController.cs:line 74
   at lambda_method(Closure , Object , Object[] )
   at System.Web.Http.Controllers.ReflectedHttpActionDescriptor.ActionExecutor.<>c__DisplayClassc.<GetExecutor>b__6(Object instance, Object[] methodParameters)
   at System.Web.Http.Controllers.ReflectedHttpActionDescriptor.ActionExecutor.Execute(Object instance, Object[] arguments)
   at System.Web.Http.Controllers.ReflectedHttpActionDescriptor.ExecuteAsync(HttpControllerContext controllerContext, IDictionary`2 arguments, CancellationToken cancellationToken)
--- End of stack trace from previous location where exception was thrown ---
   at System.Runtime.CompilerServices.TaskAwaiter.ThrowForNonSuccess(Task task)
   at System.Runtime.CompilerServices.TaskAwaiter.HandleNonSuccessAndDebuggerNotification(Task task)
   at System.Web.Http.Controllers.ApiControllerActionInvoker.<InvokeActionAsyncCore>d__0.MoveNext()
--- End of stack trace from previous location where exception was thrown ---
   at System.Runtime.CompilerServices.TaskAwaiter.ThrowForNonSuccess(Task task)
   at System.Runtime.CompilerServices.TaskAwaiter.HandleNonSuccessAndDebuggerNotification(Task task)
   at System.Web.Http.Controllers.ActionFilterResult.<ExecuteAsync>d__2.MoveNext()
--- End of stack trace from previous location where exception was thrown ---
   at System.Runtime.CompilerServices.TaskAwaiter.ThrowForNonSuccess(Task task)
   at System.Runtime.CompilerServices.TaskAwaiter.HandleNonSuccessAndDebuggerNotification(Task task)
   at System.Web.Http.Dispatcher.HttpControllerDispatcher.<SendAsync>d__1.MoveNext()
2017-04-11 15:07:29.8709|ERROR|Cafe2u.Application.WebApi.Helpers.NlogExceptionLogger|Request: http://localhost:12345/api/Users/UnassignUser
Unhandled exception: System.NullReferenceException: Object reference not set to an instance of an object.
   at Cafe2u.Application.BLL.Services.UsersService.UnassignUser(Int32 userId) in C:\work\DIPLOMA\Cafe2u\Cafe2u.Application.BLL\Services\UsersService.cs:line 116
   at Cafe2u.Application.WebApi.Contollers.UsersController.UnassignUserFromFranchisee(Int32 id) in C:\work\DIPLOMA\Cafe2u\Cafe2u.Application.WebApi\Contollers\UsersController.cs:line 74
   at lambda_method(Closure , Object , Object[] )
   at System.Web.Http.Controllers.ReflectedHttpActionDescriptor.ActionExecutor.<>c__DisplayClassc.<GetExecutor>b__6(Object instance, Object[] methodParameters)
   at System.Web.Http.Controllers.ReflectedHttpActionDescriptor.ActionExecutor.Execute(Object instance, Object[] arguments)
   at System.Web.Http.Controllers.ReflectedHttpActionDescriptor.ExecuteAsync(HttpControllerContext controllerContext, IDictionary`2 arguments, CancellationToken cancellationToken)
--- End of stack trace from previous location where exception was thrown ---
   at System.Runtime.CompilerServices.TaskAwaiter.ThrowForNonSuccess(Task task)
   at System.Runtime.CompilerServices.TaskAwaiter.HandleNonSuccessAndDebuggerNotification(Task task)
   at System.Web.Http.Controllers.ApiControllerActionInvoker.<InvokeActionAsyncCore>d__0.MoveNext()
--- End of stack trace from previous location where exception was thrown ---
   at System.Runtime.CompilerServices.TaskAwaiter.ThrowForNonSuccess(Task task)
   at System.Runtime.CompilerServices.TaskAwaiter.HandleNonSuccessAndDebuggerNotification(Task task)
   at System.Web.Http.Controllers.ActionFilterResult.<ExecuteAsync>d__2.MoveNext()
--- End of stack trace from previous location where exception was thrown ---
   at System.Runtime.CompilerServices.TaskAwaiter.ThrowForNonSuccess(Task task)
   at System.Runtime.CompilerServices.TaskAwaiter.HandleNonSuccessAndDebuggerNotification(Task task)
   at System.Web.Http.Dispatcher.HttpControllerDispatcher.<SendAsync>d__1.MoveNext()
2017-04-11 15:09:19.4824|ERROR|Microsoft.Owin.Host.HttpListener.OwinHttpListener|IOCompletionCallback
System.ComponentModel.Win32Exception (0x80004005): The specified network name is no longer available
2017-04-11 15:09:19.4824|ERROR|Microsoft.Owin.Host.HttpListener.OwinHttpListener|IOCompletionCallback
System.ComponentModel.Win32Exception (0x80004005): The specified network name is no longer available
2017-04-11 15:09:19.5074|ERROR|Microsoft.Owin.Host.HttpListener.OwinHttpListener|IOCompletionCallback
System.ComponentModel.Win32Exception (0x80004005): The specified network name is no longer available
2017-04-11 15:09:19.5074|ERROR|Microsoft.Owin.Host.HttpListener.OwinHttpListener|IOCompletionCallback
System.ComponentModel.Win32Exception (0x80004005): The specified network name is no longer available
2017-04-11 15:09:19.5074|ERROR|Microsoft.Owin.Host.HttpListener.OwinHttpListener|IOCompletionCallback
System.ComponentModel.Win32Exception (0x80004005): The specified network name is no longer available
2017-04-11 15:09:25.4002|ERROR|Cafe2u.Application.WebApi.Helpers.NlogExceptionLogger|Request: http://localhost:12345/api/Users/UnassignUser
Unhandled exception: System.NullReferenceException: Object reference not set to an instance of an object.
   at Cafe2u.Application.BLL.Services.UsersService.UnassignUser(Int32 userId) in C:\work\DIPLOMA\Cafe2u\Cafe2u.Application.BLL\Services\UsersService.cs:line 116
   at Cafe2u.Application.WebApi.Contollers.UsersController.UnassignUserFromFranchisee(Int32 id) in C:\work\DIPLOMA\Cafe2u\Cafe2u.Application.WebApi\Contollers\UsersController.cs:line 74
   at lambda_method(Closure , Object , Object[] )
   at System.Web.Http.Controllers.ReflectedHttpActionDescriptor.ActionExecutor.<>c__DisplayClassc.<GetExecutor>b__6(Object instance, Object[] methodParameters)
   at System.Web.Http.Controllers.ReflectedHttpActionDescriptor.ActionExecutor.Execute(Object instance, Object[] arguments)
   at System.Web.Http.Controllers.ReflectedHttpActionDescriptor.ExecuteAsync(HttpControllerContext controllerContext, IDictionary`2 arguments, CancellationToken cancellationToken)
--- End of stack trace from previous location where exception was thrown ---
   at System.Runtime.CompilerServices.TaskAwaiter.ThrowForNonSuccess(Task task)
   at System.Runtime.CompilerServices.TaskAwaiter.HandleNonSuccessAndDebuggerNotification(Task task)
   at System.Web.Http.Controllers.ApiControllerActionInvoker.<InvokeActionAsyncCore>d__0.MoveNext()
--- End of stack trace from previous location where exception was thrown ---
   at System.Runtime.CompilerServices.TaskAwaiter.ThrowForNonSuccess(Task task)
   at System.Runtime.CompilerServices.TaskAwaiter.HandleNonSuccessAndDebuggerNotification(Task task)
   at System.Web.Http.Controllers.ActionFilterResult.<ExecuteAsync>d__2.MoveNext()
--- End of stack trace from previous location where exception was thrown ---
   at System.Runtime.CompilerServices.TaskAwaiter.ThrowForNonSuccess(Task task)
   at System.Runtime.CompilerServices.TaskAwaiter.HandleNonSuccessAndDebuggerNotification(Task task)
   at System.Web.Http.Dispatcher.HttpControllerDispatcher.<SendAsync>d__1.MoveNext()
2017-04-11 15:09:25.4177|ERROR|Cafe2u.Application.WebApi.Helpers.NlogExceptionLogger|Request: http://localhost:12345/api/Users/UnassignUser
Unhandled exception: System.ObjectDisposedException: Cannot access a disposed object.
Object name: 'System.Net.HttpListenerRequest'.
   at System.Net.HttpListenerRequest.CheckDisposed()
   at System.Net.HttpListenerRequest.get_LocalEndPoint()
   at System.Net.HttpListenerRequest.get_IsLocal()
   at Microsoft.Owin.Host.HttpListener.RequestProcessing.OwinHttpListenerContext.GetServerIsLocal()
   at Microsoft.Owin.Host.HttpListener.RequestProcessing.CallEnvironment.get_ServerIsLocal()
   at Microsoft.Owin.Host.HttpListener.RequestProcessing.CallEnvironment.PropertiesTryGetValue(String key, Object& value)
   at Microsoft.Owin.Host.HttpListener.RequestProcessing.CallEnvironment.TryGetValue(String key, Object& value)
   at Microsoft.Owin.OwinContext.Get[T](String key)
   at System.Web.Http.Owin.OwinHttpRequestContext.get_IsLocal()
   at System.Web.Http.Owin.OwinHttpRequestContext.get_IncludeErrorDetail()
   at System.Net.Http.HttpRequestMessageExtensions.ShouldIncludeErrorDetail(HttpRequestMessage request)
   at System.Net.Http.HttpRequestMessageExtensions.CreateErrorResponse(HttpRequestMessage request, HttpStatusCode statusCode, Func`2 errorCreator)
   at System.Net.Http.HttpRequestMessageExtensions.CreateErrorResponse(HttpRequestMessage request, HttpStatusCode statusCode, Exception exception)
   at System.Web.Http.ExceptionHandling.DefaultExceptionHandler.Handle(ExceptionHandlerContext context)
   at System.Web.Http.ExceptionHandling.DefaultExceptionHandler.HandleAsync(ExceptionHandlerContext context, CancellationToken cancellationToken)
   at System.Web.Http.ExceptionHandling.LastChanceExceptionHandler.HandleAsync(ExceptionHandlerContext context, CancellationToken cancellationToken)
   at System.Web.Http.ExceptionHandling.ExceptionHandlerExtensions.<HandleAsyncCore>d__0.MoveNext()
--- End of stack trace from previous location where exception was thrown ---
   at System.Runtime.CompilerServices.TaskAwaiter.ThrowForNonSuccess(Task task)
   at System.Runtime.CompilerServices.TaskAwaiter.HandleNonSuccessAndDebuggerNotification(Task task)
   at System.Web.Http.Dispatcher.HttpControllerDispatcher.<SendAsync>d__1.MoveNext()
--- End of stack trace from previous location where exception was thrown ---
   at System.Runtime.CompilerServices.TaskAwaiter.ThrowForNonSuccess(Task task)
   at System.Runtime.CompilerServices.TaskAwaiter.HandleNonSuccessAndDebuggerNotification(Task task)
   at System.Web.Http.HttpServer.<SendAsync>d__0.MoveNext()
2017-04-11 15:09:25.4177|ERROR|Microsoft.Owin.Host.HttpListener.OwinHttpListener|Exception during request processing.
System.ObjectDisposedException: Cannot access a disposed object.
Object name: 'System.Net.HttpListenerRequest'.
   at System.Net.HttpListenerRequest.CheckDisposed()
   at System.Net.HttpListenerRequest.get_LocalEndPoint()
   at System.Net.HttpListenerRequest.get_IsLocal()
   at Microsoft.Owin.Host.HttpListener.RequestProcessing.OwinHttpListenerContext.GetServerIsLocal()
   at Microsoft.Owin.Host.HttpListener.RequestProcessing.CallEnvironment.get_ServerIsLocal()
   at Microsoft.Owin.Host.HttpListener.RequestProcessing.CallEnvironment.PropertiesTryGetValue(String key, Object& value)
   at Microsoft.Owin.Host.HttpListener.RequestProcessing.CallEnvironment.TryGetValue(String key, Object& value)
   at Microsoft.Owin.OwinContext.Get[T](String key)
   at System.Web.Http.Owin.OwinHttpRequestContext.get_IsLocal()
   at System.Web.Http.Owin.OwinHttpRequestContext.get_IncludeErrorDetail()
   at System.Web.Http.ExceptionHandling.LastChanceExceptionHandler.CreateDefaultLastChanceResult(ExceptionContext context)
   at System.Web.Http.ExceptionHandling.LastChanceExceptionHandler.HandleAsync(ExceptionHandlerContext context, CancellationToken cancellationToken)
   at System.Web.Http.ExceptionHandling.ExceptionHandlerExtensions.<HandleAsyncCore>d__0.MoveNext()
--- End of stack trace from previous location where exception was thrown ---
   at System.Runtime.CompilerServices.TaskAwaiter.ThrowForNonSuccess(Task task)
   at System.Runtime.CompilerServices.TaskAwaiter.HandleNonSuccessAndDebuggerNotification(Task task)
   at System.Web.Http.HttpServer.<SendAsync>d__0.MoveNext()
--- End of stack trace from previous location where exception was thrown ---
   at System.Runtime.CompilerServices.TaskAwaiter.ThrowForNonSuccess(Task task)
   at System.Runtime.CompilerServices.TaskAwaiter.HandleNonSuccessAndDebuggerNotification(Task task)
   at System.Web.Http.Owin.HttpMessageHandlerAdapter.<InvokeCore>d__0.MoveNext()
--- End of stack trace from previous location where exception was thrown ---
   at System.Runtime.CompilerServices.TaskAwaiter.ThrowForNonSuccess(Task task)
   at System.Runtime.CompilerServices.TaskAwaiter.HandleNonSuccessAndDebuggerNotification(Task task)
   at Owin.AutofacAppBuilderExtensions.<>c__DisplayClass8_0.<<RegisterAutofacLifetimeScopeInjector>b__0>d.MoveNext()
--- End of stack trace from previous location where exception was thrown ---
   at System.Runtime.CompilerServices.TaskAwaiter.ThrowForNonSuccess(Task task)
   at System.Runtime.CompilerServices.TaskAwaiter.HandleNonSuccessAndDebuggerNotification(Task task)
   at Microsoft.Owin.Host.HttpListener.OwinHttpListener.<ProcessRequestAsync>d__5.MoveNext()
2017-04-11 15:11:04.2769|ERROR|Microsoft.Owin.Host.HttpListener.OwinHttpListener|Exception during request processing.
System.Threading.Tasks.TaskCanceledException: A task was canceled.
   at System.Runtime.CompilerServices.TaskAwaiter.ThrowForNonSuccess(Task task)
   at System.Runtime.CompilerServices.TaskAwaiter.HandleNonSuccessAndDebuggerNotification(Task task)
   at System.Web.Http.Controllers.ApiControllerActionInvoker.<InvokeActionAsyncCore>d__0.MoveNext()
--- End of stack trace from previous location where exception was thrown ---
   at System.Runtime.ExceptionServices.ExceptionDispatchInfo.Throw()
   at System.Runtime.CompilerServices.TaskAwaiter.ThrowForNonSuccess(Task task)
   at System.Runtime.CompilerServices.TaskAwaiter.HandleNonSuccessAndDebuggerNotification(Task task)
   at System.Web.Http.Controllers.ActionFilterResult.<ExecuteAsync>d__2.MoveNext()
--- End of stack trace from previous location where exception was thrown ---
   at System.Runtime.ExceptionServices.ExceptionDispatchInfo.Throw()
   at System.Runtime.CompilerServices.TaskAwaiter.ThrowForNonSuccess(Task task)
   at System.Runtime.CompilerServices.TaskAwaiter.HandleNonSuccessAndDebuggerNotification(Task task)
   at System.Web.Http.Dispatcher.HttpControllerDispatcher.<SendAsync>d__1.MoveNext()
--- End of stack trace from previous location where exception was thrown ---
   at System.Runtime.ExceptionServices.ExceptionDispatchInfo.Throw()
   at System.Runtime.CompilerServices.TaskAwaiter.ThrowForNonSuccess(Task task)
   at System.Runtime.CompilerServices.TaskAwaiter.HandleNonSuccessAndDebuggerNotification(Task task)
   at System.Web.Http.HttpServer.<SendAsync>d__0.MoveNext()
--- End of stack trace from previous location where exception was thrown ---
   at System.Runtime.ExceptionServices.ExceptionDispatchInfo.Throw()
   at System.Runtime.CompilerServices.TaskAwaiter.ThrowForNonSuccess(Task task)
   at System.Runtime.CompilerServices.TaskAwaiter.HandleNonSuccessAndDebuggerNotification(Task task)
   at System.Web.Http.Owin.HttpMessageHandlerAdapter.<InvokeCore>d__0.MoveNext()
--- End of stack trace from previous location where exception was thrown ---
   at System.Runtime.ExceptionServices.ExceptionDispatchInfo.Throw()
   at System.Runtime.CompilerServices.TaskAwaiter.ThrowForNonSuccess(Task task)
   at System.Runtime.CompilerServices.TaskAwaiter.HandleNonSuccessAndDebuggerNotification(Task task)
   at Owin.AutofacAppBuilderExtensions.<>c__DisplayClass8_0.<<RegisterAutofacLifetimeScopeInjector>b__0>d.MoveNext()
--- End of stack trace from previous location where exception was thrown ---
   at System.Runtime.ExceptionServices.ExceptionDispatchInfo.Throw()
   at System.Runtime.CompilerServices.TaskAwaiter.ThrowForNonSuccess(Task task)
   at System.Runtime.CompilerServices.TaskAwaiter.HandleNonSuccessAndDebuggerNotification(Task task)
   at Microsoft.Owin.Host.HttpListener.OwinHttpListener.<ProcessRequestAsync>d__5.MoveNext()
2017-04-11 15:15:57.4027|ERROR|Microsoft.Owin.Host.HttpListener.OwinHttpListener|IOCompletionCallback
System.ComponentModel.Win32Exception (0x80004005): The specified network name is no longer available
2017-04-11 15:31:24.6673|ERROR|Microsoft.Owin.Host.HttpListener.OwinHttpListener|IOCompletionCallback
System.ComponentModel.Win32Exception (0x80004005): The specified network name is no longer available
2017-04-11 15:31:24.6673|ERROR|Microsoft.Owin.Host.HttpListener.OwinHttpListener|IOCompletionCallback
System.ComponentModel.Win32Exception (0x80004005): The specified network name is no longer available
2017-04-11 15:51:29.8157|ERROR|Microsoft.Owin.Host.HttpListener.OwinHttpListener|IOCompletionCallback
System.ComponentModel.Win32Exception (0x80004005): The specified network name is no longer available
2017-04-11 15:51:49.8101|ERROR|Microsoft.Owin.Host.HttpListener.OwinHttpListener|IOCompletionCallback
System.ComponentModel.Win32Exception (0x80004005): The specified network name is no longer available
2017-04-11 15:51:49.8121|ERROR|Microsoft.Owin.Host.HttpListener.OwinHttpListener|IOCompletionCallback
System.ComponentModel.Win32Exception (0x80004005): The specified network name is no longer available
2017-04-11 15:55:54.8538|ERROR|Microsoft.Owin.Host.HttpListener.OwinHttpListener|IOCompletionCallback
System.ComponentModel.Win32Exception (0x80004005): The specified network name is no longer available
2017-04-11 16:00:09.6476|ERROR|Microsoft.Owin.Host.HttpListener.OwinHttpListener|Exception during request processing.
System.ObjectDisposedException: Cannot access a disposed object.
Object name: 'System.Net.HttpListenerResponse'.
   at System.Net.HttpListenerResponse.CheckDisposed()
   at System.Net.HttpListenerResponse.set_ContentLength64(Int64 value)
   at Microsoft.Owin.Host.HttpListener.RequestProcessing.ResponseHeadersDictionary.Set(String header, String value)
   at Microsoft.Owin.Host.HttpListener.RequestProcessing.HeadersDictionaryBase.Set(String key, String[] value)
   at Microsoft.Owin.Host.HttpListener.RequestProcessing.HeadersDictionaryBase.set_Item(String key, String[] value)
   at Microsoft.Owin.HeaderDictionary.System.Collections.Generic.IDictionary<System.String,System.String[]>.set_Item(String key, String[] value)
   at System.Web.Http.Owin.HttpMessageHandlerAdapter.SetHeadersForEmptyResponse(IDictionary`2 headers)
   at System.Web.Http.Owin.HttpMessageHandlerAdapter.SendResponseMessageAsync(HttpRequestMessage request, HttpResponseMessage response, IOwinResponse owinResponse, CancellationToken cancellationToken)
   at System.Web.Http.Owin.HttpMessageHandlerAdapter.<InvokeCore>d__0.MoveNext()
--- End of stack trace from previous location where exception was thrown ---
   at System.Runtime.CompilerServices.TaskAwaiter.ThrowForNonSuccess(Task task)
   at System.Runtime.CompilerServices.TaskAwaiter.HandleNonSuccessAndDebuggerNotification(Task task)
   at Owin.AutofacAppBuilderExtensions.<>c__DisplayClass8_0.<<RegisterAutofacLifetimeScopeInjector>b__0>d.MoveNext()
--- End of stack trace from previous location where exception was thrown ---
   at System.Runtime.CompilerServices.TaskAwaiter.ThrowForNonSuccess(Task task)
   at System.Runtime.CompilerServices.TaskAwaiter.HandleNonSuccessAndDebuggerNotification(Task task)
   at Microsoft.Owin.Host.HttpListener.OwinHttpListener.<ProcessRequestAsync>d__5.MoveNext()
2017-04-11 16:02:24.9186|ERROR|Microsoft.Owin.Host.HttpListener.OwinHttpListener|IOCompletionCallback
System.ComponentModel.Win32Exception (0x80004005): The specified network name is no longer available
2017-04-11 16:02:24.9186|ERROR|Microsoft.Owin.Host.HttpListener.OwinHttpListener|IOCompletionCallback
System.ComponentModel.Win32Exception (0x80004005): The specified network name is no longer available
2017-04-11 16:02:24.9186|ERROR|Microsoft.Owin.Host.HttpListener.OwinHttpListener|IOCompletionCallback
System.ComponentModel.Win32Exception (0x80004005): The specified network name is no longer available
2017-04-11 16:02:24.9186|ERROR|Microsoft.Owin.Host.HttpListener.OwinHttpListener|IOCompletionCallback
System.ComponentModel.Win32Exception (0x80004005): The specified network name is no longer available
2017-04-11 16:02:44.9248|ERROR|Microsoft.Owin.Host.HttpListener.OwinHttpListener|IOCompletionCallback
System.ComponentModel.Win32Exception (0x80004005): The specified network name is no longer available
2017-04-11 16:02:54.9264|ERROR|Microsoft.Owin.Host.HttpListener.OwinHttpListener|IOCompletionCallback
System.ComponentModel.Win32Exception (0x80004005): The specified network name is no longer available
2017-04-11 16:06:14.9513|ERROR|Microsoft.Owin.Host.HttpListener.OwinHttpListener|IOCompletionCallback
System.ComponentModel.Win32Exception (0x80004005): The specified network name is no longer available
2017-04-11 16:06:14.9513|ERROR|Microsoft.Owin.Host.HttpListener.OwinHttpListener|IOCompletionCallback
System.ComponentModel.Win32Exception (0x80004005): The specified network name is no longer available
2017-04-11 16:06:54.9644|ERROR|Microsoft.Owin.Host.HttpListener.OwinHttpListener|IOCompletionCallback
System.ComponentModel.Win32Exception (0x80004005): The specified network name is no longer available
2017-04-11 16:06:54.9644|ERROR|Microsoft.Owin.Host.HttpListener.OwinHttpListener|IOCompletionCallback
System.ComponentModel.Win32Exception (0x80004005): The specified network name is no longer available
2017-04-11 16:08:34.9708|ERROR|Microsoft.Owin.Host.HttpListener.OwinHttpListener|IOCompletionCallback
System.ComponentModel.Win32Exception (0x80004005): The specified network name is no longer available
2017-04-11 16:08:34.9768|ERROR|Microsoft.Owin.Host.HttpListener.OwinHttpListener|IOCompletionCallback
System.ComponentModel.Win32Exception (0x80004005): The specified network name is no longer available
2017-04-11 16:14:20.0171|ERROR|Microsoft.Owin.Host.HttpListener.OwinHttpListener|IOCompletionCallback
System.ComponentModel.Win32Exception (0x80004005): The specified network name is no longer available
2017-04-11 16:14:20.0171|ERROR|Microsoft.Owin.Host.HttpListener.OwinHttpListener|IOCompletionCallback
System.ComponentModel.Win32Exception (0x80004005): The specified network name is no longer available
2017-04-11 16:15:45.0232|ERROR|Microsoft.Owin.Host.HttpListener.OwinHttpListener|IOCompletionCallback
System.ComponentModel.Win32Exception (0x80004005): The specified network name is no longer available
2017-04-11 16:15:45.0232|ERROR|Microsoft.Owin.Host.HttpListener.OwinHttpListener|IOCompletionCallback
System.ComponentModel.Win32Exception (0x80004005): The specified network name is no longer available
2017-04-11 16:16:10.0250|ERROR|Microsoft.Owin.Host.HttpListener.OwinHttpListener|IOCompletionCallback
System.ComponentModel.Win32Exception (0x80004005): The specified network name is no longer available
2017-04-11 16:21:12.3887|ERROR|Microsoft.Owin.Host.HttpListener.OwinHttpListener|Exception during request processing.
System.AggregateException: One or more errors occurred. ---> System.IO.IOException ---> System.Net.HttpListenerException: The specified network name is no longer available
   at System.Net.HttpResponseStream.EndWrite(IAsyncResult asyncResult)
   at Microsoft.Owin.Host.HttpListener.RequestProcessing.ExceptionFilterStream.EndWrite(IAsyncResult asyncResult)
   --- End of inner exception stack trace ---
   at Microsoft.Owin.Host.HttpListener.RequestProcessing.ExceptionFilterStream.EndWrite(IAsyncResult asyncResult)
   at Microsoft.Owin.StaticFiles.StreamCopyOperation.WriteCallback(IAsyncResult async)
   --- End of inner exception stack trace ---
   at System.Threading.Tasks.Task.ThrowIfExceptional(Boolean includeTaskCanceledExceptions)
   at System.Threading.Tasks.Task.Wait(Int32 millisecondsTimeout, CancellationToken cancellationToken)
   at Microsoft.Owin.StaticFiles.SendFileMiddleware.SendFileWrapper.<>c__DisplayClass2.<SendAsync>b__0(Task resultTask)
   at System.Threading.Tasks.ContinuationTaskFromTask.InnerInvoke()
   at System.Threading.Tasks.Task.Execute()
--- End of stack trace from previous location where exception was thrown ---
   at System.Runtime.CompilerServices.TaskAwaiter.ThrowForNonSuccess(Task task)
   at System.Runtime.CompilerServices.TaskAwaiter.HandleNonSuccessAndDebuggerNotification(Task task)
   at Microsoft.Owin.Host.HttpListener.OwinHttpListener.<ProcessRequestAsync>d__5.MoveNext()
---> (Inner Exception #0) System.IO.IOException ---> System.Net.HttpListenerException: The specified network name is no longer available
   at System.Net.HttpResponseStream.EndWrite(IAsyncResult asyncResult)
   at Microsoft.Owin.Host.HttpListener.RequestProcessing.ExceptionFilterStream.EndWrite(IAsyncResult asyncResult)
   --- End of inner exception stack trace ---
   at Microsoft.Owin.Host.HttpListener.RequestProcessing.ExceptionFilterStream.EndWrite(IAsyncResult asyncResult)
   at Microsoft.Owin.StaticFiles.StreamCopyOperation.WriteCallback(IAsyncResult async)<---

2017-04-11 16:23:40.1475|ERROR|Microsoft.Owin.Host.HttpListener.OwinHttpListener|IOCompletionCallback
System.ComponentModel.Win32Exception (0x80004005): The specified network name is no longer available
2017-04-11 16:23:40.1585|ERROR|Microsoft.Owin.Host.HttpListener.OwinHttpListener|IOCompletionCallback
System.ComponentModel.Win32Exception (0x80004005): The specified network name is no longer available
2017-04-11 16:23:55.1504|ERROR|Microsoft.Owin.Host.HttpListener.OwinHttpListener|IOCompletionCallback
System.ComponentModel.Win32Exception (0x80004005): The specified network name is no longer available
2017-04-11 16:24:05.1498|ERROR|Microsoft.Owin.Host.HttpListener.OwinHttpListener|IOCompletionCallback
System.ComponentModel.Win32Exception (0x80004005): The specified network name is no longer available
2017-04-11 16:25:25.1615|ERROR|Microsoft.Owin.Host.HttpListener.OwinHttpListener|IOCompletionCallback
System.ComponentModel.Win32Exception (0x80004005): The specified network name is no longer available
2017-04-11 16:25:25.1615|ERROR|Microsoft.Owin.Host.HttpListener.OwinHttpListener|IOCompletionCallback
System.ComponentModel.Win32Exception (0x80004005): The specified network name is no longer available
2017-04-11 16:33:40.2215|ERROR|Microsoft.Owin.Host.HttpListener.OwinHttpListener|IOCompletionCallback
System.ComponentModel.Win32Exception (0x80004005): The specified network name is no longer available
2017-04-11 16:33:40.2215|ERROR|Microsoft.Owin.Host.HttpListener.OwinHttpListener|IOCompletionCallback
System.ComponentModel.Win32Exception (0x80004005): The specified network name is no longer available
2017-04-11 16:34:35.3070|ERROR|Microsoft.Owin.Host.HttpListener.OwinHttpListener|IOCompletionCallback
System.ComponentModel.Win32Exception (0x80004005): The specified network name is no longer available
2017-04-11 16:34:35.3070|ERROR|Microsoft.Owin.Host.HttpListener.OwinHttpListener|IOCompletionCallback
System.ComponentModel.Win32Exception (0x80004005): The specified network name is no longer available
2017-04-11 16:35:45.3212|ERROR|Microsoft.Owin.Host.HttpListener.OwinHttpListener|IOCompletionCallback
System.ComponentModel.Win32Exception (0x80004005): The specified network name is no longer available
2017-04-11 16:35:45.3262|ERROR|Microsoft.Owin.Host.HttpListener.OwinHttpListener|IOCompletionCallback
System.ComponentModel.Win32Exception (0x80004005): The specified network name is no longer available
2017-04-11 16:54:19.0115|ERROR|Cafe2u.Application.WebApi.Helpers.NlogExceptionLogger|Request: http://localhost:12345/api/Users/GetUsers?isHidden=0&from=0&count=30&sortBy=franchiseeName&IsAscending=true&_=1491918842691
Unhandled exception: System.NotSupportedException: Unknown Column Name
   at Cafe2u.Application.DAL.Helpers.SortRuleProcessor`1.GetSortRule(String sortBy, Nullable`1 isAsc, Dictionary`2 sortKeySelectors) in C:\work\DIPLOMA\Cafe2u\Cafe2u.Application.DAL\Helpers\SortRuleProcessor.cs:line 27
   at Cafe2u.Application.DAL.Repositories.UsersRepository.GetSortRule(String sortBy, Nullable`1 isAsc) in C:\work\DIPLOMA\Cafe2u\Cafe2u.Application.DAL\Repositories\UsersRepository.cs:line 50
   at Cafe2u.Application.BLL.Helpers.EntityQueryFilterHelper`2.FilterData(TFilter filter) in C:\work\DIPLOMA\Cafe2u\Cafe2u.Application.BLL\Helpers\EntityQueryFilterHelper.cs:line 27
   at Cafe2u.Application.BLL.Services.UsersService.GetAllUsers(UsersFilter filter) in C:\work\DIPLOMA\Cafe2u\Cafe2u.Application.BLL\Services\UsersService.cs:line 34
   at Cafe2u.Application.WebApi.Contollers.UsersController.GetUsers(UsersFilter filter) in C:\work\DIPLOMA\Cafe2u\Cafe2u.Application.WebApi\Contollers\UsersController.cs:line 34
   at lambda_method(Closure , Object , Object[] )
   at System.Web.Http.Controllers.ReflectedHttpActionDescriptor.ActionExecutor.<>c__DisplayClass10.<GetExecutor>b__9(Object instance, Object[] methodParameters)
   at System.Web.Http.Controllers.ReflectedHttpActionDescriptor.ActionExecutor.Execute(Object instance, Object[] arguments)
   at System.Web.Http.Controllers.ReflectedHttpActionDescriptor.ExecuteAsync(HttpControllerContext controllerContext, IDictionary`2 arguments, CancellationToken cancellationToken)
--- End of stack trace from previous location where exception was thrown ---
   at System.Runtime.CompilerServices.TaskAwaiter.ThrowForNonSuccess(Task task)
   at System.Runtime.CompilerServices.TaskAwaiter.HandleNonSuccessAndDebuggerNotification(Task task)
   at System.Web.Http.Controllers.ApiControllerActionInvoker.<InvokeActionAsyncCore>d__0.MoveNext()
--- End of stack trace from previous location where exception was thrown ---
   at System.Runtime.CompilerServices.TaskAwaiter.ThrowForNonSuccess(Task task)
   at System.Runtime.CompilerServices.TaskAwaiter.HandleNonSuccessAndDebuggerNotification(Task task)
   at System.Web.Http.Controllers.ActionFilterResult.<ExecuteAsync>d__2.MoveNext()
--- End of stack trace from previous location where exception was thrown ---
   at System.Runtime.CompilerServices.TaskAwaiter.ThrowForNonSuccess(Task task)
   at System.Runtime.CompilerServices.TaskAwaiter.HandleNonSuccessAndDebuggerNotification(Task task)
   at System.Web.Http.Dispatcher.HttpControllerDispatcher.<SendAsync>d__1.MoveNext()
2017-04-11 16:54:19.0115|ERROR|Cafe2u.Application.WebApi.Helpers.NlogExceptionLogger|Request: http://localhost:12345/api/Users/GetUsers?isHidden=0&from=0&count=30&sortBy=franchiseeName&IsAscending=false&_=1491918842692
Unhandled exception: System.NotSupportedException: Unknown Column Name
   at Cafe2u.Application.DAL.Helpers.SortRuleProcessor`1.GetSortRule(String sortBy, Nullable`1 isAsc, Dictionary`2 sortKeySelectors) in C:\work\DIPLOMA\Cafe2u\Cafe2u.Application.DAL\Helpers\SortRuleProcessor.cs:line 27
   at Cafe2u.Application.DAL.Repositories.UsersRepository.GetSortRule(String sortBy, Nullable`1 isAsc) in C:\work\DIPLOMA\Cafe2u\Cafe2u.Application.DAL\Repositories\UsersRepository.cs:line 50
   at Cafe2u.Application.BLL.Helpers.EntityQueryFilterHelper`2.FilterData(TFilter filter) in C:\work\DIPLOMA\Cafe2u\Cafe2u.Application.BLL\Helpers\EntityQueryFilterHelper.cs:line 27
   at Cafe2u.Application.BLL.Services.UsersService.GetAllUsers(UsersFilter filter) in C:\work\DIPLOMA\Cafe2u\Cafe2u.Application.BLL\Services\UsersService.cs:line 34
   at Cafe2u.Application.WebApi.Contollers.UsersController.GetUsers(UsersFilter filter) in C:\work\DIPLOMA\Cafe2u\Cafe2u.Application.WebApi\Contollers\UsersController.cs:line 34
   at lambda_method(Closure , Object , Object[] )
   at System.Web.Http.Controllers.ReflectedHttpActionDescriptor.ActionExecutor.<>c__DisplayClass10.<GetExecutor>b__9(Object instance, Object[] methodParameters)
   at System.Web.Http.Controllers.ReflectedHttpActionDescriptor.ActionExecutor.Execute(Object instance, Object[] arguments)
   at System.Web.Http.Controllers.ReflectedHttpActionDescriptor.ExecuteAsync(HttpControllerContext controllerContext, IDictionary`2 arguments, CancellationToken cancellationToken)
--- End of stack trace from previous location where exception was thrown ---
   at System.Runtime.CompilerServices.TaskAwaiter.ThrowForNonSuccess(Task task)
   at System.Runtime.CompilerServices.TaskAwaiter.HandleNonSuccessAndDebuggerNotification(Task task)
   at System.Web.Http.Controllers.ApiControllerActionInvoker.<InvokeActionAsyncCore>d__0.MoveNext()
--- End of stack trace from previous location where exception was thrown ---
   at System.Runtime.CompilerServices.TaskAwaiter.ThrowForNonSuccess(Task task)
   at System.Runtime.CompilerServices.TaskAwaiter.HandleNonSuccessAndDebuggerNotification(Task task)
   at System.Web.Http.Controllers.ActionFilterResult.<ExecuteAsync>d__2.MoveNext()
--- End of stack trace from previous location where exception was thrown ---
   at System.Runtime.CompilerServices.TaskAwaiter.ThrowForNonSuccess(Task task)
   at System.Runtime.CompilerServices.TaskAwaiter.HandleNonSuccessAndDebuggerNotification(Task task)
   at System.Web.Http.Dispatcher.HttpControllerDispatcher.<SendAsync>d__1.MoveNext()
2017-04-11 16:54:19.0115|ERROR|Cafe2u.Application.WebApi.Helpers.NlogExceptionLogger|Request: http://localhost:12345/api/Users/GetUsers?isHidden=0&from=0&count=30&sortBy=franchiseeName&IsAscending=false&_=1491918842694
Unhandled exception: System.NotSupportedException: Unknown Column Name
   at Cafe2u.Application.DAL.Helpers.SortRuleProcessor`1.GetSortRule(String sortBy, Nullable`1 isAsc, Dictionary`2 sortKeySelectors) in C:\work\DIPLOMA\Cafe2u\Cafe2u.Application.DAL\Helpers\SortRuleProcessor.cs:line 27
   at Cafe2u.Application.DAL.Repositories.UsersRepository.GetSortRule(String sortBy, Nullable`1 isAsc) in C:\work\DIPLOMA\Cafe2u\Cafe2u.Application.DAL\Repositories\UsersRepository.cs:line 50
   at Cafe2u.Application.BLL.Helpers.EntityQueryFilterHelper`2.FilterData(TFilter filter) in C:\work\DIPLOMA\Cafe2u\Cafe2u.Application.BLL\Helpers\EntityQueryFilterHelper.cs:line 27
   at Cafe2u.Application.BLL.Services.UsersService.GetAllUsers(UsersFilter filter) in C:\work\DIPLOMA\Cafe2u\Cafe2u.Application.BLL\Services\UsersService.cs:line 34
   at Cafe2u.Application.WebApi.Contollers.UsersController.GetUsers(UsersFilter filter) in C:\work\DIPLOMA\Cafe2u\Cafe2u.Application.WebApi\Contollers\UsersController.cs:line 34
   at lambda_method(Closure , Object , Object[] )
   at System.Web.Http.Controllers.ReflectedHttpActionDescriptor.ActionExecutor.<>c__DisplayClass10.<GetExecutor>b__9(Object instance, Object[] methodParameters)
   at System.Web.Http.Controllers.ReflectedHttpActionDescriptor.ActionExecutor.Execute(Object instance, Object[] arguments)
   at System.Web.Http.Controllers.ReflectedHttpActionDescriptor.ExecuteAsync(HttpControllerContext controllerContext, IDictionary`2 arguments, CancellationToken cancellationToken)
--- End of stack trace from previous location where exception was thrown ---
   at System.Runtime.CompilerServices.TaskAwaiter.ThrowForNonSuccess(Task task)
   at System.Runtime.CompilerServices.TaskAwaiter.HandleNonSuccessAndDebuggerNotification(Task task)
   at System.Web.Http.Controllers.ApiControllerActionInvoker.<InvokeActionAsyncCore>d__0.MoveNext()
--- End of stack trace from previous location where exception was thrown ---
   at System.Runtime.CompilerServices.TaskAwaiter.ThrowForNonSuccess(Task task)
   at System.Runtime.CompilerServices.TaskAwaiter.HandleNonSuccessAndDebuggerNotification(Task task)
   at System.Web.Http.Controllers.ActionFilterResult.<ExecuteAsync>d__2.MoveNext()
--- End of stack trace from previous location where exception was thrown ---
   at System.Runtime.CompilerServices.TaskAwaiter.ThrowForNonSuccess(Task task)
   at System.Runtime.CompilerServices.TaskAwaiter.HandleNonSuccessAndDebuggerNotification(Task task)
   at System.Web.Http.Dispatcher.HttpControllerDispatcher.<SendAsync>d__1.MoveNext()
2017-04-11 16:54:19.0115|ERROR|Cafe2u.Application.WebApi.Helpers.NlogExceptionLogger|Request: http://localhost:12345/api/Users/GetUsers?isHidden=0&from=0&count=30&sortBy=franchiseeName&IsAscending=true&_=1491918842693
Unhandled exception: System.NotSupportedException: Unknown Column Name
   at Cafe2u.Application.DAL.Helpers.SortRuleProcessor`1.GetSortRule(String sortBy, Nullable`1 isAsc, Dictionary`2 sortKeySelectors) in C:\work\DIPLOMA\Cafe2u\Cafe2u.Application.DAL\Helpers\SortRuleProcessor.cs:line 27
   at Cafe2u.Application.DAL.Repositories.UsersRepository.GetSortRule(String sortBy, Nullable`1 isAsc) in C:\work\DIPLOMA\Cafe2u\Cafe2u.Application.DAL\Repositories\UsersRepository.cs:line 50
   at Cafe2u.Application.BLL.Helpers.EntityQueryFilterHelper`2.FilterData(TFilter filter) in C:\work\DIPLOMA\Cafe2u\Cafe2u.Application.BLL\Helpers\EntityQueryFilterHelper.cs:line 27
   at Cafe2u.Application.BLL.Services.UsersService.GetAllUsers(UsersFilter filter) in C:\work\DIPLOMA\Cafe2u\Cafe2u.Application.BLL\Services\UsersService.cs:line 34
   at Cafe2u.Application.WebApi.Contollers.UsersController.GetUsers(UsersFilter filter) in C:\work\DIPLOMA\Cafe2u\Cafe2u.Application.WebApi\Contollers\UsersController.cs:line 34
   at lambda_method(Closure , Object , Object[] )
   at System.Web.Http.Controllers.ReflectedHttpActionDescriptor.ActionExecutor.<>c__DisplayClass10.<GetExecutor>b__9(Object instance, Object[] methodParameters)
   at System.Web.Http.Controllers.ReflectedHttpActionDescriptor.ActionExecutor.Execute(Object instance, Object[] arguments)
   at System.Web.Http.Controllers.ReflectedHttpActionDescriptor.ExecuteAsync(HttpControllerContext controllerContext, IDictionary`2 arguments, CancellationToken cancellationToken)
--- End of stack trace from previous location where exception was thrown ---
   at System.Runtime.CompilerServices.TaskAwaiter.ThrowForNonSuccess(Task task)
   at System.Runtime.CompilerServices.TaskAwaiter.HandleNonSuccessAndDebuggerNotification(Task task)
   at System.Web.Http.Controllers.ApiControllerActionInvoker.<InvokeActionAsyncCore>d__0.MoveNext()
--- End of stack trace from previous location where exception was thrown ---
   at System.Runtime.CompilerServices.TaskAwaiter.ThrowForNonSuccess(Task task)
   at System.Runtime.CompilerServices.TaskAwaiter.HandleNonSuccessAndDebuggerNotification(Task task)
   at System.Web.Http.Controllers.ActionFilterResult.<ExecuteAsync>d__2.MoveNext()
--- End of stack trace from previous location where exception was thrown ---
   at System.Runtime.CompilerServices.TaskAwaiter.ThrowForNonSuccess(Task task)
   at System.Runtime.CompilerServices.TaskAwaiter.HandleNonSuccessAndDebuggerNotification(Task task)
   at System.Web.Http.Dispatcher.HttpControllerDispatcher.<SendAsync>d__1.MoveNext()
