2017-03-23 10:21:20.7107|ERROR|Microsoft.Owin.Host.HttpListener.OwinHttpListener|IOCompletionCallback
System.ComponentModel.Win32Exception (0x80004005): The specified network name is no longer available
2017-03-23 10:21:25.7091|ERROR|Microsoft.Owin.Host.HttpListener.OwinHttpListener|IOCompletionCallback
System.ComponentModel.Win32Exception (0x80004005): The specified network name is no longer available
2017-03-23 10:21:25.7091|ERROR|Microsoft.Owin.Host.HttpListener.OwinHttpListener|IOCompletionCallback
System.ComponentModel.Win32Exception (0x80004005): The specified network name is no longer available
2017-03-23 10:21:25.7341|ERROR|Microsoft.Owin.Host.HttpListener.OwinHttpListener|IOCompletionCallback
System.ComponentModel.Win32Exception (0x80004005): The specified network name is no longer available
2017-03-23 10:21:25.7091|ERROR|Microsoft.Owin.Host.HttpListener.OwinHttpListener|IOCompletionCallback
System.ComponentModel.Win32Exception (0x80004005): The specified network name is no longer available
2017-03-23 10:33:50.7762|ERROR|Microsoft.Owin.Host.HttpListener.OwinHttpListener|IOCompletionCallback
System.ComponentModel.Win32Exception (0x80004005): The specified network name is no longer available
2017-03-23 10:33:50.7752|ERROR|Microsoft.Owin.Host.HttpListener.OwinHttpListener|IOCompletionCallback
System.ComponentModel.Win32Exception (0x80004005): The specified network name is no longer available
2017-03-23 10:33:50.7762|ERROR|Microsoft.Owin.Host.HttpListener.OwinHttpListener|IOCompletionCallback
System.ComponentModel.Win32Exception (0x80004005): The specified network name is no longer available
2017-03-23 10:33:50.7762|ERROR|Microsoft.Owin.Host.HttpListener.OwinHttpListener|IOCompletionCallback
System.ComponentModel.Win32Exception (0x80004005): The specified network name is no longer available
2017-03-23 10:33:50.8022|ERROR|Microsoft.Owin.Host.HttpListener.OwinHttpListener|IOCompletionCallback
System.ComponentModel.Win32Exception (0x80004005): The specified network name is no longer available
2017-03-23 10:34:00.7650|ERROR|Microsoft.Owin.Host.HttpListener.OwinHttpListener|IOCompletionCallback
System.ComponentModel.Win32Exception (0x80004005): The specified network name is no longer available
2017-03-23 10:40:20.7847|ERROR|Microsoft.Owin.Host.HttpListener.OwinHttpListener|IOCompletionCallback
System.ComponentModel.Win32Exception (0x80004005): The specified network name is no longer available
2017-03-23 10:42:00.7916|ERROR|Microsoft.Owin.Host.HttpListener.OwinHttpListener|IOCompletionCallback
System.ComponentModel.Win32Exception (0x80004005): The specified network name is no longer available
2017-03-23 10:42:25.8004|ERROR|Microsoft.Owin.Host.HttpListener.OwinHttpListener|IOCompletionCallback
System.ComponentModel.Win32Exception (0x80004005): The specified network name is no longer available
2017-03-23 10:42:25.8044|ERROR|Microsoft.Owin.Host.HttpListener.OwinHttpListener|IOCompletionCallback
System.ComponentModel.Win32Exception (0x80004005): The specified network name is no longer available
2017-03-23 10:42:25.8274|ERROR|Microsoft.Owin.Host.HttpListener.OwinHttpListener|IOCompletionCallback
System.ComponentModel.Win32Exception (0x80004005): The specified network name is no longer available
2017-03-23 10:42:25.8274|ERROR|Microsoft.Owin.Host.HttpListener.OwinHttpListener|IOCompletionCallback
System.ComponentModel.Win32Exception (0x80004005): The specified network name is no longer available
2017-03-23 10:44:50.8087|ERROR|Microsoft.Owin.Host.HttpListener.OwinHttpListener|IOCompletionCallback
System.ComponentModel.Win32Exception (0x80004005): The specified network name is no longer available
2017-03-23 10:44:50.8355|ERROR|Microsoft.Owin.Host.HttpListener.OwinHttpListener|IOCompletionCallback
System.ComponentModel.Win32Exception (0x80004005): The specified network name is no longer available
2017-03-23 10:44:50.8355|ERROR|Microsoft.Owin.Host.HttpListener.OwinHttpListener|IOCompletionCallback
System.ComponentModel.Win32Exception (0x80004005): The specified network name is no longer available
2017-03-23 10:44:50.8355|ERROR|Microsoft.Owin.Host.HttpListener.OwinHttpListener|IOCompletionCallback
System.ComponentModel.Win32Exception (0x80004005): The specified network name is no longer available
2017-03-23 12:27:58.4672|ERROR|Microsoft.Owin.Host.HttpListener.OwinHttpListener|Exception during request processing.
System.AggregateException: One or more errors occurred. ---> System.IO.IOException ---> System.Net.HttpListenerException: The specified network name is no longer available
   at System.Net.HttpResponseStream.EndWrite(IAsyncResult asyncResult)
   at Microsoft.Owin.Host.HttpListener.RequestProcessing.ExceptionFilterStream.EndWrite(IAsyncResult asyncResult)
   --- End of inner exception stack trace ---
   at Microsoft.Owin.Host.HttpListener.RequestProcessing.ExceptionFilterStream.EndWrite(IAsyncResult asyncResult)
   at Microsoft.Owin.StaticFiles.StreamCopyOperation.WriteCallback(IAsyncResult async)
   --- End of inner exception stack trace ---
   at System.Threading.Tasks.Task.ThrowIfExceptional(Boolean includeTaskCanceledExceptions)
   at System.Threading.Tasks.Task.Wait(Int32 millisecondsTimeout, CancellationToken cancellationToken)
   at Microsoft.Owin.StaticFiles.SendFileMiddleware.SendFileWrapper.<>c__DisplayClass2.<SendAsync>b__0(Task resultTask)
   at System.Threading.Tasks.ContinuationTaskFromTask.InnerInvoke()
   at System.Threading.Tasks.Task.Execute()
--- End of stack trace from previous location where exception was thrown ---
   at System.Runtime.CompilerServices.TaskAwaiter.ThrowForNonSuccess(Task task)
   at System.Runtime.CompilerServices.TaskAwaiter.HandleNonSuccessAndDebuggerNotification(Task task)
   at Microsoft.Owin.Host.HttpListener.OwinHttpListener.<ProcessRequestAsync>d__5.MoveNext()
---> (Inner Exception #0) System.IO.IOException ---> System.Net.HttpListenerException: The specified network name is no longer available
   at System.Net.HttpResponseStream.EndWrite(IAsyncResult asyncResult)
   at Microsoft.Owin.Host.HttpListener.RequestProcessing.ExceptionFilterStream.EndWrite(IAsyncResult asyncResult)
   --- End of inner exception stack trace ---
   at Microsoft.Owin.Host.HttpListener.RequestProcessing.ExceptionFilterStream.EndWrite(IAsyncResult asyncResult)
   at Microsoft.Owin.StaticFiles.StreamCopyOperation.WriteCallback(IAsyncResult async)<---

2017-03-23 12:30:05.5783|ERROR|Microsoft.Owin.Host.HttpListener.OwinHttpListener|IOCompletionCallback
System.ComponentModel.Win32Exception (0x80004005): The specified network name is no longer available
2017-03-23 12:30:05.5783|ERROR|Microsoft.Owin.Host.HttpListener.OwinHttpListener|IOCompletionCallback
System.ComponentModel.Win32Exception (0x80004005): The specified network name is no longer available
2017-03-23 12:30:05.6333|ERROR|Microsoft.Owin.Host.HttpListener.OwinHttpListener|IOCompletionCallback
System.ComponentModel.Win32Exception (0x80004005): The specified network name is no longer available
2017-03-23 12:30:05.6333|ERROR|Microsoft.Owin.Host.HttpListener.OwinHttpListener|IOCompletionCallback
System.ComponentModel.Win32Exception (0x80004005): The specified network name is no longer available
2017-03-23 12:30:05.6333|ERROR|Microsoft.Owin.Host.HttpListener.OwinHttpListener|IOCompletionCallback
System.ComponentModel.Win32Exception (0x80004005): The specified network name is no longer available
2017-03-23 12:53:25.7895|ERROR|Microsoft.Owin.Host.HttpListener.OwinHttpListener|IOCompletionCallback
System.ComponentModel.Win32Exception (0x80004005): The specified network name is no longer available
2017-03-23 12:53:25.7895|ERROR|Microsoft.Owin.Host.HttpListener.OwinHttpListener|IOCompletionCallback
System.ComponentModel.Win32Exception (0x80004005): The specified network name is no longer available
2017-03-23 12:56:20.8002|ERROR|Microsoft.Owin.Host.HttpListener.OwinHttpListener|IOCompletionCallback
System.ComponentModel.Win32Exception (0x80004005): The specified network name is no longer available
2017-03-23 13:11:40.8939|ERROR|Microsoft.Owin.Host.HttpListener.OwinHttpListener|IOCompletionCallback
System.ComponentModel.Win32Exception (0x80004005): The specified network name is no longer available
2017-03-23 13:11:40.9179|ERROR|Microsoft.Owin.Host.HttpListener.OwinHttpListener|IOCompletionCallback
System.ComponentModel.Win32Exception (0x80004005): The specified network name is no longer available
2017-03-23 13:11:40.9179|ERROR|Microsoft.Owin.Host.HttpListener.OwinHttpListener|IOCompletionCallback
System.ComponentModel.Win32Exception (0x80004005): The specified network name is no longer available
2017-03-23 13:11:40.9179|ERROR|Microsoft.Owin.Host.HttpListener.OwinHttpListener|IOCompletionCallback
System.ComponentModel.Win32Exception (0x80004005): The specified network name is no longer available
2017-03-23 13:28:46.0500|ERROR|Microsoft.Owin.Host.HttpListener.OwinHttpListener|IOCompletionCallback
System.ComponentModel.Win32Exception (0x80004005): The specified network name is no longer available
2017-03-23 13:28:46.0500|ERROR|Microsoft.Owin.Host.HttpListener.OwinHttpListener|IOCompletionCallback
System.ComponentModel.Win32Exception (0x80004005): The specified network name is no longer available
2017-03-23 13:28:46.0500|ERROR|Microsoft.Owin.Host.HttpListener.OwinHttpListener|IOCompletionCallback
System.ComponentModel.Win32Exception (0x80004005): The specified network name is no longer available
2017-03-23 13:28:46.0500|ERROR|Microsoft.Owin.Host.HttpListener.OwinHttpListener|IOCompletionCallback
System.ComponentModel.Win32Exception (0x80004005): The specified network name is no longer available
2017-03-23 13:28:46.0670|ERROR|Microsoft.Owin.Host.HttpListener.OwinHttpListener|IOCompletionCallback
System.ComponentModel.Win32Exception (0x80004005): The specified network name is no longer available
2017-03-23 13:28:46.0750|ERROR|Microsoft.Owin.Host.HttpListener.OwinHttpListener|IOCompletionCallback
System.ComponentModel.Win32Exception (0x80004005): The specified network name is no longer available
