2017-05-05 14:55:14.1995|ERROR|Microsoft.Owin.Host.HttpListener.OwinHttpListener|IOCompletionCallback
System.ComponentModel.Win32Exception (0x80004005): The specified network name is no longer available
2017-05-05 14:55:19.1982|ERROR|Microsoft.Owin.Host.HttpListener.OwinHttpListener|IOCompletionCallback
System.ComponentModel.Win32Exception (0x80004005): The specified network name is no longer available
2017-05-05 14:55:19.1982|ERROR|Microsoft.Owin.Host.HttpListener.OwinHttpListener|IOCompletionCallback
System.ComponentModel.Win32Exception (0x80004005): The specified network name is no longer available
2017-05-05 14:56:24.2058|ERROR|Microsoft.Owin.Host.HttpListener.OwinHttpListener|IOCompletionCallback
System.ComponentModel.Win32Exception (0x80004005): The specified network name is no longer available
2017-05-05 14:56:34.2099|ERROR|Microsoft.Owin.Host.HttpListener.OwinHttpListener|IOCompletionCallback
System.ComponentModel.Win32Exception (0x80004005): The specified network name is no longer available
2017-05-05 14:56:39.2068|ERROR|Microsoft.Owin.Host.HttpListener.OwinHttpListener|IOCompletionCallback
System.ComponentModel.Win32Exception (0x80004005): The specified network name is no longer available
2017-05-05 15:26:53.6984|ERROR|Microsoft.Owin.Host.HttpListener.OwinHttpListener|Exception during request processing.
System.AggregateException: One or more errors occurred. ---> System.Threading.Tasks.TaskCanceledException: A task was canceled.
   --- End of inner exception stack trace ---
   at System.Threading.Tasks.Task.ThrowIfExceptional(Boolean includeTaskCanceledExceptions)
   at System.Threading.Tasks.Task.Wait(Int32 millisecondsTimeout, CancellationToken cancellationToken)
   at Microsoft.Owin.StaticFiles.SendFileMiddleware.SendFileWrapper.<>c__DisplayClass2.<SendAsync>b__0(Task resultTask)
   at System.Threading.Tasks.ContinuationTaskFromTask.InnerInvoke()
   at System.Threading.Tasks.Task.Execute()
--- End of stack trace from previous location where exception was thrown ---
   at System.Runtime.CompilerServices.TaskAwaiter.ThrowForNonSuccess(Task task)
   at System.Runtime.CompilerServices.TaskAwaiter.HandleNonSuccessAndDebuggerNotification(Task task)
   at Microsoft.Owin.Host.HttpListener.OwinHttpListener.<ProcessRequestAsync>d__5.MoveNext()
---> (Inner Exception #0) System.Threading.Tasks.TaskCanceledException: A task was canceled.<---

2017-05-05 15:35:46.6947|ERROR|Microsoft.Owin.Host.HttpListener.OwinHttpListener|Exception during request processing.
System.Threading.Tasks.TaskCanceledException: A task was canceled.
   at System.Runtime.CompilerServices.TaskAwaiter.ThrowForNonSuccess(Task task)
   at System.Runtime.CompilerServices.TaskAwaiter.HandleNonSuccessAndDebuggerNotification(Task task)
   at System.Web.Http.Controllers.ApiControllerActionInvoker.<InvokeActionAsyncCore>d__0.MoveNext()
--- End of stack trace from previous location where exception was thrown ---
   at System.Runtime.ExceptionServices.ExceptionDispatchInfo.Throw()
   at System.Runtime.CompilerServices.TaskAwaiter.ThrowForNonSuccess(Task task)
   at System.Runtime.CompilerServices.TaskAwaiter.HandleNonSuccessAndDebuggerNotification(Task task)
   at System.Web.Http.Controllers.ActionFilterResult.<ExecuteAsync>d__2.MoveNext()
--- End of stack trace from previous location where exception was thrown ---
   at System.Runtime.ExceptionServices.ExceptionDispatchInfo.Throw()
   at System.Runtime.CompilerServices.TaskAwaiter.ThrowForNonSuccess(Task task)
   at System.Runtime.CompilerServices.TaskAwaiter.HandleNonSuccessAndDebuggerNotification(Task task)
   at System.Web.Http.Dispatcher.HttpControllerDispatcher.<SendAsync>d__1.MoveNext()
--- End of stack trace from previous location where exception was thrown ---
   at System.Runtime.ExceptionServices.ExceptionDispatchInfo.Throw()
   at System.Runtime.CompilerServices.TaskAwaiter.ThrowForNonSuccess(Task task)
   at System.Runtime.CompilerServices.TaskAwaiter.HandleNonSuccessAndDebuggerNotification(Task task)
   at System.Web.Http.HttpServer.<SendAsync>d__0.MoveNext()
--- End of stack trace from previous location where exception was thrown ---
   at System.Runtime.ExceptionServices.ExceptionDispatchInfo.Throw()
   at System.Runtime.CompilerServices.TaskAwaiter.ThrowForNonSuccess(Task task)
   at System.Runtime.CompilerServices.TaskAwaiter.HandleNonSuccessAndDebuggerNotification(Task task)
   at System.Web.Http.Owin.HttpMessageHandlerAdapter.<InvokeCore>d__0.MoveNext()
--- End of stack trace from previous location where exception was thrown ---
   at System.Runtime.ExceptionServices.ExceptionDispatchInfo.Throw()
   at System.Runtime.CompilerServices.TaskAwaiter.ThrowForNonSuccess(Task task)
   at System.Runtime.CompilerServices.TaskAwaiter.HandleNonSuccessAndDebuggerNotification(Task task)
   at Owin.AutofacAppBuilderExtensions.<>c__DisplayClass8_0.<<RegisterAutofacLifetimeScopeInjector>b__0>d.MoveNext()
--- End of stack trace from previous location where exception was thrown ---
   at System.Runtime.ExceptionServices.ExceptionDispatchInfo.Throw()
   at System.Runtime.CompilerServices.TaskAwaiter.ThrowForNonSuccess(Task task)
   at System.Runtime.CompilerServices.TaskAwaiter.HandleNonSuccessAndDebuggerNotification(Task task)
   at Microsoft.Owin.Host.HttpListener.OwinHttpListener.<ProcessRequestAsync>d__5.MoveNext()
2017-05-05 15:36:21.6703|ERROR|Microsoft.Owin.Host.HttpListener.OwinHttpListener|IOCompletionCallback
System.ComponentModel.Win32Exception (0x80004005): The specified network name is no longer available
2017-05-05 15:36:22.5250|ERROR|Microsoft.Owin.Host.HttpListener.OwinHttpListener|Exception during request processing.
System.Threading.Tasks.TaskCanceledException: A task was canceled.
   at System.Runtime.CompilerServices.TaskAwaiter.ThrowForNonSuccess(Task task)
   at System.Runtime.CompilerServices.TaskAwaiter.HandleNonSuccessAndDebuggerNotification(Task task)
   at System.Web.Http.Controllers.ApiControllerActionInvoker.<InvokeActionAsyncCore>d__0.MoveNext()
--- End of stack trace from previous location where exception was thrown ---
   at System.Runtime.ExceptionServices.ExceptionDispatchInfo.Throw()
   at System.Runtime.CompilerServices.TaskAwaiter.ThrowForNonSuccess(Task task)
   at System.Runtime.CompilerServices.TaskAwaiter.HandleNonSuccessAndDebuggerNotification(Task task)
   at System.Web.Http.Controllers.ActionFilterResult.<ExecuteAsync>d__2.MoveNext()
--- End of stack trace from previous location where exception was thrown ---
   at System.Runtime.ExceptionServices.ExceptionDispatchInfo.Throw()
   at System.Runtime.CompilerServices.TaskAwaiter.ThrowForNonSuccess(Task task)
   at System.Runtime.CompilerServices.TaskAwaiter.HandleNonSuccessAndDebuggerNotification(Task task)
   at System.Web.Http.Dispatcher.HttpControllerDispatcher.<SendAsync>d__1.MoveNext()
--- End of stack trace from previous location where exception was thrown ---
   at System.Runtime.ExceptionServices.ExceptionDispatchInfo.Throw()
   at System.Runtime.CompilerServices.TaskAwaiter.ThrowForNonSuccess(Task task)
   at System.Runtime.CompilerServices.TaskAwaiter.HandleNonSuccessAndDebuggerNotification(Task task)
   at System.Web.Http.HttpServer.<SendAsync>d__0.MoveNext()
--- End of stack trace from previous location where exception was thrown ---
   at System.Runtime.ExceptionServices.ExceptionDispatchInfo.Throw()
   at System.Runtime.CompilerServices.TaskAwaiter.ThrowForNonSuccess(Task task)
   at System.Runtime.CompilerServices.TaskAwaiter.HandleNonSuccessAndDebuggerNotification(Task task)
   at System.Web.Http.Owin.HttpMessageHandlerAdapter.<InvokeCore>d__0.MoveNext()
--- End of stack trace from previous location where exception was thrown ---
   at System.Runtime.ExceptionServices.ExceptionDispatchInfo.Throw()
   at System.Runtime.CompilerServices.TaskAwaiter.ThrowForNonSuccess(Task task)
   at System.Runtime.CompilerServices.TaskAwaiter.HandleNonSuccessAndDebuggerNotification(Task task)
   at Owin.AutofacAppBuilderExtensions.<>c__DisplayClass8_0.<<RegisterAutofacLifetimeScopeInjector>b__0>d.MoveNext()
--- End of stack trace from previous location where exception was thrown ---
   at System.Runtime.ExceptionServices.ExceptionDispatchInfo.Throw()
   at System.Runtime.CompilerServices.TaskAwaiter.ThrowForNonSuccess(Task task)
   at System.Runtime.CompilerServices.TaskAwaiter.HandleNonSuccessAndDebuggerNotification(Task task)
   at Microsoft.Owin.Host.HttpListener.OwinHttpListener.<ProcessRequestAsync>d__5.MoveNext()
2017-05-05 15:42:29.4983|ERROR|Microsoft.Owin.Host.HttpListener.OwinHttpListener|IOCompletionCallback
System.ComponentModel.Win32Exception (0x80004005): The specified network name is no longer available
2017-05-05 15:42:29.4983|ERROR|Microsoft.Owin.Host.HttpListener.OwinHttpListener|IOCompletionCallback
System.ComponentModel.Win32Exception (0x80004005): The specified network name is no longer available
2017-05-05 15:42:29.4983|ERROR|Microsoft.Owin.Host.HttpListener.OwinHttpListener|IOCompletionCallback
System.ComponentModel.Win32Exception (0x80004005): The specified network name is no longer available
2017-05-05 15:42:29.4983|ERROR|Microsoft.Owin.Host.HttpListener.OwinHttpListener|IOCompletionCallback
System.ComponentModel.Win32Exception (0x80004005): The specified network name is no longer available
2017-05-05 15:42:29.5208|ERROR|Microsoft.Owin.Host.HttpListener.OwinHttpListener|IOCompletionCallback
System.ComponentModel.Win32Exception (0x80004005): The specified network name is no longer available
2017-05-05 15:42:29.5208|ERROR|Microsoft.Owin.Host.HttpListener.OwinHttpListener|IOCompletionCallback
System.ComponentModel.Win32Exception (0x80004005): The specified network name is no longer available
2017-05-05 15:52:20.6286|ERROR|Microsoft.Owin.Host.HttpListener.OwinHttpListener|Exception during request processing.
System.OperationCanceledException: The operation was canceled.
   at System.Threading.CancellationToken.ThrowOperationCanceledException()
   at System.Web.Http.Owin.HttpMessageHandlerAdapter.<BufferResponseContentAsync>d__13.MoveNext()
--- End of stack trace from previous location where exception was thrown ---
   at System.Runtime.ExceptionServices.ExceptionDispatchInfo.Throw()
   at System.Runtime.CompilerServices.TaskAwaiter.ThrowForNonSuccess(Task task)
   at System.Runtime.CompilerServices.TaskAwaiter.HandleNonSuccessAndDebuggerNotification(Task task)
   at System.Web.Http.Owin.HttpMessageHandlerAdapter.<InvokeCore>d__0.MoveNext()
--- End of stack trace from previous location where exception was thrown ---
   at System.Runtime.ExceptionServices.ExceptionDispatchInfo.Throw()
   at System.Runtime.CompilerServices.TaskAwaiter.ThrowForNonSuccess(Task task)
   at System.Runtime.CompilerServices.TaskAwaiter.HandleNonSuccessAndDebuggerNotification(Task task)
   at Owin.AutofacAppBuilderExtensions.<>c__DisplayClass8_0.<<RegisterAutofacLifetimeScopeInjector>b__0>d.MoveNext()
--- End of stack trace from previous location where exception was thrown ---
   at System.Runtime.ExceptionServices.ExceptionDispatchInfo.Throw()
   at System.Runtime.CompilerServices.TaskAwaiter.ThrowForNonSuccess(Task task)
   at System.Runtime.CompilerServices.TaskAwaiter.HandleNonSuccessAndDebuggerNotification(Task task)
   at Microsoft.Owin.Host.HttpListener.OwinHttpListener.<ProcessRequestAsync>d__5.MoveNext()
2017-05-05 15:52:21.0628|ERROR|Microsoft.Owin.Host.HttpListener.OwinHttpListener|Exception during request processing.
System.OperationCanceledException: The operation was canceled.
   at System.Threading.CancellationToken.ThrowOperationCanceledException()
   at System.Web.Http.Owin.HttpMessageHandlerAdapter.<BufferResponseContentAsync>d__13.MoveNext()
--- End of stack trace from previous location where exception was thrown ---
   at System.Runtime.ExceptionServices.ExceptionDispatchInfo.Throw()
   at System.Runtime.CompilerServices.TaskAwaiter.ThrowForNonSuccess(Task task)
   at System.Runtime.CompilerServices.TaskAwaiter.HandleNonSuccessAndDebuggerNotification(Task task)
   at System.Web.Http.Owin.HttpMessageHandlerAdapter.<InvokeCore>d__0.MoveNext()
--- End of stack trace from previous location where exception was thrown ---
   at System.Runtime.ExceptionServices.ExceptionDispatchInfo.Throw()
   at System.Runtime.CompilerServices.TaskAwaiter.ThrowForNonSuccess(Task task)
   at System.Runtime.CompilerServices.TaskAwaiter.HandleNonSuccessAndDebuggerNotification(Task task)
   at Owin.AutofacAppBuilderExtensions.<>c__DisplayClass8_0.<<RegisterAutofacLifetimeScopeInjector>b__0>d.MoveNext()
--- End of stack trace from previous location where exception was thrown ---
   at System.Runtime.ExceptionServices.ExceptionDispatchInfo.Throw()
   at System.Runtime.CompilerServices.TaskAwaiter.ThrowForNonSuccess(Task task)
   at System.Runtime.CompilerServices.TaskAwaiter.HandleNonSuccessAndDebuggerNotification(Task task)
   at Microsoft.Owin.Host.HttpListener.OwinHttpListener.<ProcessRequestAsync>d__5.MoveNext()
2017-05-05 15:54:52.6337|ERROR|Microsoft.Owin.Host.HttpListener.OwinHttpListener|Exception during request processing.
System.AggregateException: One or more errors occurred. ---> System.Threading.Tasks.TaskCanceledException: A task was canceled.
   --- End of inner exception stack trace ---
   at System.Threading.Tasks.Task.ThrowIfExceptional(Boolean includeTaskCanceledExceptions)
   at System.Threading.Tasks.Task.Wait(Int32 millisecondsTimeout, CancellationToken cancellationToken)
   at Microsoft.Owin.StaticFiles.SendFileMiddleware.SendFileWrapper.<>c__DisplayClass2.<SendAsync>b__0(Task resultTask)
   at System.Threading.Tasks.ContinuationTaskFromTask.InnerInvoke()
   at System.Threading.Tasks.Task.Execute()
--- End of stack trace from previous location where exception was thrown ---
   at System.Runtime.CompilerServices.TaskAwaiter.ThrowForNonSuccess(Task task)
   at System.Runtime.CompilerServices.TaskAwaiter.HandleNonSuccessAndDebuggerNotification(Task task)
   at Microsoft.Owin.Host.HttpListener.OwinHttpListener.<ProcessRequestAsync>d__5.MoveNext()
---> (Inner Exception #0) System.Threading.Tasks.TaskCanceledException: A task was canceled.<---

2017-05-05 15:54:52.6337|ERROR|Microsoft.Owin.Host.HttpListener.OwinHttpListener|Exception during request processing.
System.AggregateException: One or more errors occurred. ---> System.Threading.Tasks.TaskCanceledException: A task was canceled.
   --- End of inner exception stack trace ---
   at System.Threading.Tasks.Task.ThrowIfExceptional(Boolean includeTaskCanceledExceptions)
   at System.Threading.Tasks.Task.Wait(Int32 millisecondsTimeout, CancellationToken cancellationToken)
   at Microsoft.Owin.StaticFiles.SendFileMiddleware.SendFileWrapper.<>c__DisplayClass2.<SendAsync>b__0(Task resultTask)
   at System.Threading.Tasks.ContinuationTaskFromTask.InnerInvoke()
   at System.Threading.Tasks.Task.Execute()
--- End of stack trace from previous location where exception was thrown ---
   at System.Runtime.CompilerServices.TaskAwaiter.ThrowForNonSuccess(Task task)
   at System.Runtime.CompilerServices.TaskAwaiter.HandleNonSuccessAndDebuggerNotification(Task task)
   at Microsoft.Owin.Host.HttpListener.OwinHttpListener.<ProcessRequestAsync>d__5.MoveNext()
---> (Inner Exception #0) System.Threading.Tasks.TaskCanceledException: A task was canceled.<---

2017-05-05 15:56:59.5872|ERROR|Microsoft.Owin.Host.HttpListener.OwinHttpListener|IOCompletionCallback
System.ComponentModel.Win32Exception (0x80004005): The specified network name is no longer available
2017-05-05 15:56:59.6116|ERROR|Microsoft.Owin.Host.HttpListener.OwinHttpListener|IOCompletionCallback
System.ComponentModel.Win32Exception (0x80004005): The specified network name is no longer available
2017-05-05 15:56:59.6116|ERROR|Microsoft.Owin.Host.HttpListener.OwinHttpListener|IOCompletionCallback
System.ComponentModel.Win32Exception (0x80004005): The specified network name is no longer available
2017-05-05 15:56:59.6116|ERROR|Microsoft.Owin.Host.HttpListener.OwinHttpListener|IOCompletionCallback
System.ComponentModel.Win32Exception (0x80004005): The specified network name is no longer available
2017-05-05 15:56:59.6116|ERROR|Microsoft.Owin.Host.HttpListener.OwinHttpListener|IOCompletionCallback
System.ComponentModel.Win32Exception (0x80004005): The specified network name is no longer available
2017-05-05 15:57:09.5882|ERROR|Microsoft.Owin.Host.HttpListener.OwinHttpListener|IOCompletionCallback
System.ComponentModel.Win32Exception (0x80004005): The specified network name is no longer available
2017-05-05 15:59:53.1804|ERROR|Microsoft.Owin.Host.HttpListener.OwinHttpListener|Exception during request processing.
System.AggregateException: One or more errors occurred. ---> System.Threading.Tasks.TaskCanceledException: A task was canceled.
   --- End of inner exception stack trace ---
   at System.Threading.Tasks.Task.ThrowIfExceptional(Boolean includeTaskCanceledExceptions)
   at System.Threading.Tasks.Task.Wait(Int32 millisecondsTimeout, CancellationToken cancellationToken)
   at Microsoft.Owin.StaticFiles.SendFileMiddleware.SendFileWrapper.<>c__DisplayClass2.<SendAsync>b__0(Task resultTask)
   at System.Threading.Tasks.ContinuationTaskFromTask.InnerInvoke()
   at System.Threading.Tasks.Task.Execute()
--- End of stack trace from previous location where exception was thrown ---
   at System.Runtime.CompilerServices.TaskAwaiter.ThrowForNonSuccess(Task task)
   at System.Runtime.CompilerServices.TaskAwaiter.HandleNonSuccessAndDebuggerNotification(Task task)
   at Microsoft.Owin.Host.HttpListener.OwinHttpListener.<ProcessRequestAsync>d__5.MoveNext()
---> (Inner Exception #0) System.Threading.Tasks.TaskCanceledException: A task was canceled.<---

2017-05-05 16:02:09.6472|ERROR|Microsoft.Owin.Host.HttpListener.OwinHttpListener|IOCompletionCallback
System.ComponentModel.Win32Exception (0x80004005): The specified network name is no longer available
2017-05-05 16:02:09.6648|ERROR|Microsoft.Owin.Host.HttpListener.OwinHttpListener|IOCompletionCallback
System.ComponentModel.Win32Exception (0x80004005): The specified network name is no longer available
2017-05-05 16:02:09.6726|ERROR|Microsoft.Owin.Host.HttpListener.OwinHttpListener|IOCompletionCallback
System.ComponentModel.Win32Exception (0x80004005): The specified network name is no longer available
2017-05-05 16:02:09.6648|ERROR|Microsoft.Owin.Host.HttpListener.OwinHttpListener|IOCompletionCallback
System.ComponentModel.Win32Exception (0x80004005): The specified network name is no longer available
2017-05-05 16:02:09.6648|ERROR|Microsoft.Owin.Host.HttpListener.OwinHttpListener|IOCompletionCallback
System.ComponentModel.Win32Exception (0x80004005): The specified network name is no longer available
2017-05-05 16:02:09.6648|ERROR|Microsoft.Owin.Host.HttpListener.OwinHttpListener|IOCompletionCallback
System.ComponentModel.Win32Exception (0x80004005): The specified network name is no longer available
2017-05-05 16:05:44.6823|ERROR|Microsoft.Owin.Host.HttpListener.OwinHttpListener|IOCompletionCallback
System.ComponentModel.Win32Exception (0x80004005): The specified network name is no longer available
2017-05-05 16:05:44.6901|ERROR|Microsoft.Owin.Host.HttpListener.OwinHttpListener|IOCompletionCallback
System.ComponentModel.Win32Exception (0x80004005): The specified network name is no longer available
2017-05-05 16:05:44.6901|ERROR|Microsoft.Owin.Host.HttpListener.OwinHttpListener|IOCompletionCallback
System.ComponentModel.Win32Exception (0x80004005): The specified network name is no longer available
2017-05-05 16:05:44.7048|ERROR|Microsoft.Owin.Host.HttpListener.OwinHttpListener|IOCompletionCallback
System.ComponentModel.Win32Exception (0x80004005): The specified network name is no longer available
2017-05-05 16:05:44.7312|ERROR|Microsoft.Owin.Host.HttpListener.OwinHttpListener|IOCompletionCallback
System.ComponentModel.Win32Exception (0x80004005): The specified network name is no longer available
2017-05-05 16:05:54.6880|ERROR|Microsoft.Owin.Host.HttpListener.OwinHttpListener|IOCompletionCallback
System.ComponentModel.Win32Exception (0x80004005): The specified network name is no longer available
2017-05-05 16:11:29.7637|ERROR|Microsoft.Owin.Host.HttpListener.OwinHttpListener|IOCompletionCallback
System.ComponentModel.Win32Exception (0x80004005): The specified network name is no longer available
2017-05-05 16:11:29.7758|ERROR|Microsoft.Owin.Host.HttpListener.OwinHttpListener|IOCompletionCallback
System.ComponentModel.Win32Exception (0x80004005): The specified network name is no longer available
2017-05-05 16:11:29.7758|ERROR|Microsoft.Owin.Host.HttpListener.OwinHttpListener|IOCompletionCallback
System.ComponentModel.Win32Exception (0x80004005): The specified network name is no longer available
2017-05-05 16:11:29.7758|ERROR|Microsoft.Owin.Host.HttpListener.OwinHttpListener|IOCompletionCallback
System.ComponentModel.Win32Exception (0x80004005): The specified network name is no longer available
2017-05-05 16:17:04.8178|ERROR|Microsoft.Owin.Host.HttpListener.OwinHttpListener|IOCompletionCallback
System.ComponentModel.Win32Exception (0x80004005): The specified network name is no longer available
2017-05-05 16:17:04.8247|ERROR|Microsoft.Owin.Host.HttpListener.OwinHttpListener|IOCompletionCallback
System.ComponentModel.Win32Exception (0x80004005): The specified network name is no longer available
2017-05-05 16:17:09.8714|ERROR|Microsoft.Owin.Host.HttpListener.OwinHttpListener|IOCompletionCallback
System.ComponentModel.Win32Exception (0x80004005): The specified network name is no longer available
2017-05-05 16:17:34.8269|ERROR|Microsoft.Owin.Host.HttpListener.OwinHttpListener|IOCompletionCallback
System.ComponentModel.Win32Exception (0x80004005): The specified network name is no longer available
2017-05-05 16:17:49.8296|ERROR|Microsoft.Owin.Host.HttpListener.OwinHttpListener|IOCompletionCallback
System.ComponentModel.Win32Exception (0x80004005): The specified network name is no longer available
2017-05-05 16:17:54.8320|ERROR|Microsoft.Owin.Host.HttpListener.OwinHttpListener|IOCompletionCallback
System.ComponentModel.Win32Exception (0x80004005): The specified network name is no longer available
2017-05-05 16:20:43.6529|ERROR|Microsoft.Owin.Host.HttpListener.OwinHttpListener|Exception during request processing.
System.AggregateException: One or more errors occurred. ---> System.Threading.Tasks.TaskCanceledException: A task was canceled.
   --- End of inner exception stack trace ---
   at System.Threading.Tasks.Task.ThrowIfExceptional(Boolean includeTaskCanceledExceptions)
   at System.Threading.Tasks.Task.Wait(Int32 millisecondsTimeout, CancellationToken cancellationToken)
   at Microsoft.Owin.StaticFiles.SendFileMiddleware.SendFileWrapper.<>c__DisplayClass2.<SendAsync>b__0(Task resultTask)
   at System.Threading.Tasks.ContinuationTaskFromTask.InnerInvoke()
   at System.Threading.Tasks.Task.Execute()
--- End of stack trace from previous location where exception was thrown ---
   at System.Runtime.CompilerServices.TaskAwaiter.ThrowForNonSuccess(Task task)
   at System.Runtime.CompilerServices.TaskAwaiter.HandleNonSuccessAndDebuggerNotification(Task task)
   at Microsoft.Owin.Host.HttpListener.OwinHttpListener.<ProcessRequestAsync>d__5.MoveNext()
---> (Inner Exception #0) System.Threading.Tasks.TaskCanceledException: A task was canceled.<---

2017-05-05 16:23:14.8925|ERROR|Microsoft.Owin.Host.HttpListener.OwinHttpListener|IOCompletionCallback
System.ComponentModel.Win32Exception (0x80004005): The specified network name is no longer available
2017-05-05 16:23:14.9052|ERROR|Microsoft.Owin.Host.HttpListener.OwinHttpListener|IOCompletionCallback
System.ComponentModel.Win32Exception (0x80004005): The specified network name is no longer available
2017-05-05 16:23:14.9160|ERROR|Microsoft.Owin.Host.HttpListener.OwinHttpListener|IOCompletionCallback
System.ComponentModel.Win32Exception (0x80004005): The specified network name is no longer available
2017-05-05 16:23:14.9160|ERROR|Microsoft.Owin.Host.HttpListener.OwinHttpListener|IOCompletionCallback
System.ComponentModel.Win32Exception (0x80004005): The specified network name is no longer available
2017-05-05 16:23:14.9160|ERROR|Microsoft.Owin.Host.HttpListener.OwinHttpListener|IOCompletionCallback
System.ComponentModel.Win32Exception (0x80004005): The specified network name is no longer available
2017-05-05 16:23:14.9160|ERROR|Microsoft.Owin.Host.HttpListener.OwinHttpListener|IOCompletionCallback
System.ComponentModel.Win32Exception (0x80004005): The specified network name is no longer available
2017-05-05 16:32:40.2398|ERROR|Microsoft.Owin.Host.HttpListener.OwinHttpListener|IOCompletionCallback
System.ComponentModel.Win32Exception (0x80004005): The specified network name is no longer available
2017-05-05 16:32:40.2398|ERROR|Microsoft.Owin.Host.HttpListener.OwinHttpListener|IOCompletionCallback
System.ComponentModel.Win32Exception (0x80004005): The specified network name is no longer available
2017-05-05 16:33:10.2806|ERROR|Microsoft.Owin.Host.HttpListener.OwinHttpListener|IOCompletionCallback
System.ComponentModel.Win32Exception (0x80004005): The specified network name is no longer available
2017-05-05 16:33:10.2914|ERROR|Microsoft.Owin.Host.HttpListener.OwinHttpListener|IOCompletionCallback
System.ComponentModel.Win32Exception (0x80004005): The specified network name is no longer available
2017-05-05 16:33:10.3481|ERROR|Microsoft.Owin.Host.HttpListener.OwinHttpListener|IOCompletionCallback
System.ComponentModel.Win32Exception (0x80004005): The specified network name is no longer available
2017-05-05 16:33:10.3481|ERROR|Microsoft.Owin.Host.HttpListener.OwinHttpListener|IOCompletionCallback
System.ComponentModel.Win32Exception (0x80004005): The specified network name is no longer available
2017-05-05 17:09:14.7164|ERROR|Microsoft.Owin.Host.HttpListener.OwinHttpListener|Exception during request processing.
System.AggregateException: One or more errors occurred. ---> System.Threading.Tasks.TaskCanceledException: A task was canceled.
   --- End of inner exception stack trace ---
   at System.Threading.Tasks.Task.ThrowIfExceptional(Boolean includeTaskCanceledExceptions)
   at System.Threading.Tasks.Task.Wait(Int32 millisecondsTimeout, CancellationToken cancellationToken)
   at Microsoft.Owin.StaticFiles.SendFileMiddleware.SendFileWrapper.<>c__DisplayClass2.<SendAsync>b__0(Task resultTask)
   at System.Threading.Tasks.ContinuationTaskFromTask.InnerInvoke()
   at System.Threading.Tasks.Task.Execute()
--- End of stack trace from previous location where exception was thrown ---
   at System.Runtime.CompilerServices.TaskAwaiter.ThrowForNonSuccess(Task task)
   at System.Runtime.CompilerServices.TaskAwaiter.HandleNonSuccessAndDebuggerNotification(Task task)
   at Microsoft.Owin.Host.HttpListener.OwinHttpListener.<ProcessRequestAsync>d__5.MoveNext()
---> (Inner Exception #0) System.Threading.Tasks.TaskCanceledException: A task was canceled.<---

2017-05-05 17:11:26.1130|ERROR|Microsoft.Owin.Host.HttpListener.OwinHttpListener|IOCompletionCallback
System.ComponentModel.Win32Exception (0x80004005): The specified network name is no longer available
2017-05-05 17:11:26.1130|ERROR|Microsoft.Owin.Host.HttpListener.OwinHttpListener|IOCompletionCallback
System.ComponentModel.Win32Exception (0x80004005): The specified network name is no longer available
2017-05-05 17:11:26.1384|ERROR|Microsoft.Owin.Host.HttpListener.OwinHttpListener|IOCompletionCallback
System.ComponentModel.Win32Exception (0x80004005): The specified network name is no longer available
2017-05-05 17:11:26.1384|ERROR|Microsoft.Owin.Host.HttpListener.OwinHttpListener|IOCompletionCallback
System.ComponentModel.Win32Exception (0x80004005): The specified network name is no longer available
2017-05-05 17:11:26.1384|ERROR|Microsoft.Owin.Host.HttpListener.OwinHttpListener|IOCompletionCallback
System.ComponentModel.Win32Exception (0x80004005): The specified network name is no longer available
2017-05-05 17:11:26.1130|ERROR|Microsoft.Owin.Host.HttpListener.OwinHttpListener|IOCompletionCallback
System.ComponentModel.Win32Exception (0x80004005): The specified network name is no longer available
2017-05-05 17:19:16.1559|ERROR|Microsoft.Owin.Host.HttpListener.OwinHttpListener|IOCompletionCallback
System.ComponentModel.Win32Exception (0x80004005): The specified network name is no longer available
2017-05-05 17:19:16.1559|ERROR|Microsoft.Owin.Host.HttpListener.OwinHttpListener|IOCompletionCallback
System.ComponentModel.Win32Exception (0x80004005): The specified network name is no longer available
2017-05-05 17:19:16.1774|ERROR|Microsoft.Owin.Host.HttpListener.OwinHttpListener|IOCompletionCallback
System.ComponentModel.Win32Exception (0x80004005): The specified network name is no longer available
2017-05-05 17:19:16.1774|ERROR|Microsoft.Owin.Host.HttpListener.OwinHttpListener|IOCompletionCallback
System.ComponentModel.Win32Exception (0x80004005): The specified network name is no longer available
2017-05-05 17:19:16.1774|ERROR|Microsoft.Owin.Host.HttpListener.OwinHttpListener|IOCompletionCallback
System.ComponentModel.Win32Exception (0x80004005): The specified network name is no longer available
2017-05-05 17:19:16.1774|ERROR|Microsoft.Owin.Host.HttpListener.OwinHttpListener|IOCompletionCallback
System.ComponentModel.Win32Exception (0x80004005): The specified network name is no longer available
2017-05-05 17:24:06.1806|ERROR|Microsoft.Owin.Host.HttpListener.OwinHttpListener|IOCompletionCallback
System.ComponentModel.Win32Exception (0x80004005): The specified network name is no longer available
2017-05-05 17:24:06.1806|ERROR|Microsoft.Owin.Host.HttpListener.OwinHttpListener|IOCompletionCallback
System.ComponentModel.Win32Exception (0x80004005): The specified network name is no longer available
2017-05-05 17:24:06.1806|ERROR|Microsoft.Owin.Host.HttpListener.OwinHttpListener|IOCompletionCallback
System.ComponentModel.Win32Exception (0x80004005): The specified network name is no longer available
2017-05-05 17:24:06.1806|ERROR|Microsoft.Owin.Host.HttpListener.OwinHttpListener|IOCompletionCallback
System.ComponentModel.Win32Exception (0x80004005): The specified network name is no longer available
2017-05-05 17:24:06.1806|ERROR|Microsoft.Owin.Host.HttpListener.OwinHttpListener|IOCompletionCallback
System.ComponentModel.Win32Exception (0x80004005): The specified network name is no longer available
2017-05-05 17:24:06.2021|ERROR|Microsoft.Owin.Host.HttpListener.OwinHttpListener|IOCompletionCallback
System.ComponentModel.Win32Exception (0x80004005): The specified network name is no longer available
2017-05-05 17:30:31.2088|ERROR|Microsoft.Owin.Host.HttpListener.OwinHttpListener|IOCompletionCallback
System.ComponentModel.Win32Exception (0x80004005): The specified network name is no longer available
2017-05-05 17:30:36.2091|ERROR|Microsoft.Owin.Host.HttpListener.OwinHttpListener|IOCompletionCallback
System.ComponentModel.Win32Exception (0x80004005): The specified network name is no longer available
2017-05-05 17:30:36.2091|ERROR|Microsoft.Owin.Host.HttpListener.OwinHttpListener|IOCompletionCallback
System.ComponentModel.Win32Exception (0x80004005): The specified network name is no longer available
2017-05-05 17:30:36.2296|ERROR|Microsoft.Owin.Host.HttpListener.OwinHttpListener|IOCompletionCallback
System.ComponentModel.Win32Exception (0x80004005): The specified network name is no longer available
2017-05-05 17:30:36.2091|ERROR|Microsoft.Owin.Host.HttpListener.OwinHttpListener|IOCompletionCallback
System.ComponentModel.Win32Exception (0x80004005): The specified network name is no longer available
2017-05-05 17:30:36.2532|ERROR|Microsoft.Owin.Host.HttpListener.OwinHttpListener|IOCompletionCallback
System.ComponentModel.Win32Exception (0x80004005): The specified network name is no longer available
2017-05-05 17:31:06.3579|ERROR|Microsoft.Owin.Host.HttpListener.OwinHttpListener|Exception during request processing.
System.AggregateException: One or more errors occurred. ---> System.Threading.Tasks.TaskCanceledException: A task was canceled.
   --- End of inner exception stack trace ---
   at System.Threading.Tasks.Task.ThrowIfExceptional(Boolean includeTaskCanceledExceptions)
   at System.Threading.Tasks.Task.Wait(Int32 millisecondsTimeout, CancellationToken cancellationToken)
   at Microsoft.Owin.StaticFiles.SendFileMiddleware.SendFileWrapper.<>c__DisplayClass2.<SendAsync>b__0(Task resultTask)
   at System.Threading.Tasks.ContinuationTaskFromTask.InnerInvoke()
   at System.Threading.Tasks.Task.Execute()
--- End of stack trace from previous location where exception was thrown ---
   at System.Runtime.CompilerServices.TaskAwaiter.ThrowForNonSuccess(Task task)
   at System.Runtime.CompilerServices.TaskAwaiter.HandleNonSuccessAndDebuggerNotification(Task task)
   at Microsoft.Owin.Host.HttpListener.OwinHttpListener.<ProcessRequestAsync>d__5.MoveNext()
---> (Inner Exception #0) System.Threading.Tasks.TaskCanceledException: A task was canceled.<---

2017-05-05 17:31:06.3843|ERROR|Microsoft.Owin.Host.HttpListener.OwinHttpListener|Exception during request processing.
System.AggregateException: One or more errors occurred. ---> System.IO.IOException ---> System.Net.HttpListenerException: The specified network name is no longer available
   at System.Net.HttpResponseStream.EndWrite(IAsyncResult asyncResult)
   at Microsoft.Owin.Host.HttpListener.RequestProcessing.ExceptionFilterStream.EndWrite(IAsyncResult asyncResult)
   --- End of inner exception stack trace ---
   at Microsoft.Owin.Host.HttpListener.RequestProcessing.ExceptionFilterStream.EndWrite(IAsyncResult asyncResult)
   at Microsoft.Owin.StaticFiles.StreamCopyOperation.WriteCallback(IAsyncResult async)
   --- End of inner exception stack trace ---
   at System.Threading.Tasks.Task.ThrowIfExceptional(Boolean includeTaskCanceledExceptions)
   at System.Threading.Tasks.Task.Wait(Int32 millisecondsTimeout, CancellationToken cancellationToken)
   at Microsoft.Owin.StaticFiles.SendFileMiddleware.SendFileWrapper.<>c__DisplayClass2.<SendAsync>b__0(Task resultTask)
   at System.Threading.Tasks.ContinuationTaskFromTask.InnerInvoke()
   at System.Threading.Tasks.Task.Execute()
--- End of stack trace from previous location where exception was thrown ---
   at System.Runtime.CompilerServices.TaskAwaiter.ThrowForNonSuccess(Task task)
   at System.Runtime.CompilerServices.TaskAwaiter.HandleNonSuccessAndDebuggerNotification(Task task)
   at Microsoft.Owin.Host.HttpListener.OwinHttpListener.<ProcessRequestAsync>d__5.MoveNext()
---> (Inner Exception #0) System.IO.IOException ---> System.Net.HttpListenerException: The specified network name is no longer available
   at System.Net.HttpResponseStream.EndWrite(IAsyncResult asyncResult)
   at Microsoft.Owin.Host.HttpListener.RequestProcessing.ExceptionFilterStream.EndWrite(IAsyncResult asyncResult)
   --- End of inner exception stack trace ---
   at Microsoft.Owin.Host.HttpListener.RequestProcessing.ExceptionFilterStream.EndWrite(IAsyncResult asyncResult)
   at Microsoft.Owin.StaticFiles.StreamCopyOperation.WriteCallback(IAsyncResult async)<---

2017-05-05 17:33:11.2215|ERROR|Microsoft.Owin.Host.HttpListener.OwinHttpListener|IOCompletionCallback
System.ComponentModel.Win32Exception (0x80004005): The specified network name is no longer available
2017-05-05 17:33:16.2256|ERROR|Microsoft.Owin.Host.HttpListener.OwinHttpListener|IOCompletionCallback
System.ComponentModel.Win32Exception (0x80004005): The specified network name is no longer available
2017-05-05 17:33:21.2212|ERROR|Microsoft.Owin.Host.HttpListener.OwinHttpListener|IOCompletionCallback
System.ComponentModel.Win32Exception (0x80004005): The specified network name is no longer available
2017-05-05 17:33:21.2299|ERROR|Microsoft.Owin.Host.HttpListener.OwinHttpListener|IOCompletionCallback
System.ComponentModel.Win32Exception (0x80004005): The specified network name is no longer available
2017-05-05 17:33:21.2212|ERROR|Microsoft.Owin.Host.HttpListener.OwinHttpListener|IOCompletionCallback
System.ComponentModel.Win32Exception (0x80004005): The specified network name is no longer available
2017-05-05 17:33:21.2299|ERROR|Microsoft.Owin.Host.HttpListener.OwinHttpListener|IOCompletionCallback
System.ComponentModel.Win32Exception (0x80004005): The specified network name is no longer available
2017-05-05 17:45:16.2527|ERROR|Microsoft.Owin.Host.HttpListener.OwinHttpListener|IOCompletionCallback
System.ComponentModel.Win32Exception (0x80004005): The specified network name is no longer available
2017-05-05 17:45:16.2527|ERROR|Microsoft.Owin.Host.HttpListener.OwinHttpListener|IOCompletionCallback
System.ComponentModel.Win32Exception (0x80004005): The specified network name is no longer available
2017-05-05 17:45:16.2527|ERROR|Microsoft.Owin.Host.HttpListener.OwinHttpListener|IOCompletionCallback
System.ComponentModel.Win32Exception (0x80004005): The specified network name is no longer available
2017-05-05 17:45:16.2527|ERROR|Microsoft.Owin.Host.HttpListener.OwinHttpListener|IOCompletionCallback
System.ComponentModel.Win32Exception (0x80004005): The specified network name is no longer available
2017-05-05 17:45:16.2839|ERROR|Microsoft.Owin.Host.HttpListener.OwinHttpListener|IOCompletionCallback
System.ComponentModel.Win32Exception (0x80004005): The specified network name is no longer available
2017-05-05 17:52:41.8590|ERROR|Microsoft.Owin.Host.HttpListener.OwinHttpListener|IOCompletionCallback
System.ComponentModel.Win32Exception (0x80004005): The specified network name is no longer available
2017-05-05 17:52:41.8590|ERROR|Microsoft.Owin.Host.HttpListener.OwinHttpListener|IOCompletionCallback
System.ComponentModel.Win32Exception (0x80004005): The specified network name is no longer available
2017-05-05 17:52:41.8590|ERROR|Microsoft.Owin.Host.HttpListener.OwinHttpListener|IOCompletionCallback
System.ComponentModel.Win32Exception (0x80004005): The specified network name is no longer available
2017-05-05 17:55:42.0436|ERROR|Microsoft.Owin.Host.HttpListener.OwinHttpListener|IOCompletionCallback
System.ComponentModel.Win32Exception (0x80004005): The specified network name is no longer available
2017-05-05 17:55:42.0436|ERROR|Microsoft.Owin.Host.HttpListener.OwinHttpListener|IOCompletionCallback
System.ComponentModel.Win32Exception (0x80004005): The specified network name is no longer available
2017-05-05 17:55:47.0439|ERROR|Microsoft.Owin.Host.HttpListener.OwinHttpListener|IOCompletionCallback
System.ComponentModel.Win32Exception (0x80004005): The specified network name is no longer available
2017-05-05 17:55:47.0439|ERROR|Microsoft.Owin.Host.HttpListener.OwinHttpListener|IOCompletionCallback
System.ComponentModel.Win32Exception (0x80004005): The specified network name is no longer available
2017-05-05 17:55:47.0439|ERROR|Microsoft.Owin.Host.HttpListener.OwinHttpListener|IOCompletionCallback
System.ComponentModel.Win32Exception (0x80004005): The specified network name is no longer available
2017-05-05 17:55:47.0439|ERROR|Microsoft.Owin.Host.HttpListener.OwinHttpListener|IOCompletionCallback
System.ComponentModel.Win32Exception (0x80004005): The specified network name is no longer available
